Looking for git in: git
Using git 2.28.0 from git
> git rev-parse --git-dir
Open repository: /home/jeff/git/fitzland/home-dots
> git status -z -u
> git check-ignore -v -z --stdin
> git symbolic-ref --short HEAD
> git rev-parse master
> git rev-parse --symbolic-full-name master@{u}
> git rev-list --left-right master...refs/remotes/origin/master
> git for-each-ref --sort -committerdate --format %(refname) %(objectname)
> git remote --verbose
> git config --get commit.template
> git show --textconv :skel/.bashrc-arch
> git ls-files --stage -- /home/jeff/git/fitzland/home-dots/skel/.bashrc-arch
> git show --textconv :skel/.bashrc-personal
> git ls-files --stage -- /home/jeff/git/fitzland/home-dots/skel/.bashrc-personal
> git cat-file -s 211c5213d45f7438e4e48da60cb6da0d22f35f68
> git check-ignore -v -z --stdin
> git show --textconv :skel/.bashrc-arch
> git ls-files --stage -- /home/jeff/git/fitzland/home-dots/skel/.bashrc-arch
> git show --textconv :skel/.bashrc-arch
> git ls-files --stage -- /home/jeff/git/fitzland/home-dots/skel/.bashrc-arch
