{"logTime":"0507/140729","correlationVector":"iarm94xz2Dw+7ICr4OOmiy.1","action":"SyncServerConnectionManagerRequest", "result":"SYNC_SERVER_OK", "context":{"environment":"48F630A6-CB1B-4CC7-86AF-0F6627234B58", "server":"BN3PEPF00000895"}}
{"logTime":"0507/140729","correlationVector":"iarm94xz2Dw+7ICr4OOmiy.2","action":"GetUpdates Response", "result":"SERVER_MORE_TO_DOWNLOAD"}
{"logTime":"0507/140729","correlationVector":"LK0DwdmaHivCziPE/hcMf2","action":"Initial GetUpdates", "result":""}
{"logTime":"0507/140730","correlationVector":"LK0DwdmaHivCziPE/hcMf2.1","action":"SyncServerConnectionManagerRequest", "result":"SYNC_SERVER_OK", "context":{"environment":"48F630A6-CB1B-4CC7-86AF-0F6627234B58", "server":"BN3PEPF00000895"}}
{"logTime":"0507/140730","correlationVector":"LK0DwdmaHivCziPE/hcMf2.2","action":"GetUpdates Response", "result":"SERVER_MORE_TO_DOWNLOAD"}
{"logTime":"0507/140730","correlationVector":"Ie6lAfQSJFKER3gX+/wYuD","action":"Initial GetUpdates", "result":""}
{"logTime":"0507/140731","correlationVector":"Ie6lAfQSJFKER3gX+/wYuD.1","action":"SyncServerConnectionManagerRequest", "result":"SYNC_SERVER_OK", "context":{"environment":"48F630A6-CB1B-4CC7-86AF-0F6627234B58", "server":"BN3PEPF00000895"}}
{"logTime":"0507/140731","correlationVector":"Ie6lAfQSJFKER3gX+/wYuD.2","action":"GetUpdates Response", "result":"SYNCER_OK"}
{"logTime":"0507/140731","correlationVector":"J2vACf243wR70H826lzeD2","action":"Initial GetUpdates", "result":""}
{"logTime":"0507/140733","correlationVector":"J2vACf243wR70H826lzeD2.1","action":"SyncServerConnectionManagerRequest", "result":"SYNC_SERVER_OK", "context":{"environment":"48F630A6-CB1B-4CC7-86AF-0F6627234B58", "server":"BN3PEPF00000895"}}
{"logTime":"0507/140733","correlationVector":"J2vACf243wR70H826lzeD2.2","action":"GetUpdates Response", "result":"SERVER_MORE_TO_DOWNLOAD"}
{"logTime":"0507/140733","correlationVector":"RLvYLkOoXsy5lMXZaCJpSg","action":"Initial GetUpdates", "result":""}
{"logTime":"0507/140735","correlationVector":"RLvYLkOoXsy5lMXZaCJpSg.1","action":"SyncServerConnectionManagerRequest", "result":"SYNC_SERVER_OK", "context":{"environment":"48F630A6-CB1B-4CC7-86AF-0F6627234B58", "server":"BN3PEPF00000895"}}
{"logTime":"0507/140735","correlationVector":"RLvYLkOoXsy5lMXZaCJpSg.2","action":"GetUpdates Response", "result":"SERVER_MORE_TO_DOWNLOAD"}
{"logTime":"0507/140735","correlationVector":"3vyFRJEzewjVfMLCHtBr38","action":"Initial GetUpdates", "result":""}
{"logTime":"0507/140737","correlationVector":"3vyFRJEzewjVfMLCHtBr38.1","action":"SyncServerConnectionManagerRequest", "result":"SYNC_SERVER_OK", "context":{"environment":"48F630A6-CB1B-4CC7-86AF-0F6627234B58", "server":"BN3PEPF00000895"}}
{"logTime":"0507/140737","correlationVector":"3vyFRJEzewjVfMLCHtBr38.2","action":"GetUpdates Response", "result":"SERVER_MORE_TO_DOWNLOAD"}
{"logTime":"0507/140737","correlationVector":"6Js5jzL2Bp2Vop4YpXg1Jy","action":"Initial GetUpdates", "result":""}
{"logTime":"0507/140739","correlationVector":"6Js5jzL2Bp2Vop4YpXg1Jy.1","action":"SyncServerConnectionManagerRequest", "result":"SYNC_SERVER_OK", "context":{"environment":"48F630A6-CB1B-4CC7-86AF-0F6627234B58", "server":"BN3PEPF00000895"}}
{"logTime":"0507/140739","correlationVector":"6Js5jzL2Bp2Vop4YpXg1Jy.2","action":"GetUpdates Response", "result":"SERVER_MORE_TO_DOWNLOAD"}
{"logTime":"0507/140739","correlationVector":"q15Pl+aM60gX6t4GVb+OWM","action":"Initial GetUpdates", "result":""}
{"logTime":"0507/140741","correlationVector":"q15Pl+aM60gX6t4GVb+OWM.1","action":"SyncServerConnectionManagerRequest", "result":"SYNC_SERVER_OK", "context":{"environment":"48F630A6-CB1B-4CC7-86AF-0F6627234B58", "server":"BN3PEPF00000895"}}
{"logTime":"0507/140741","correlationVector":"q15Pl+aM60gX6t4GVb+OWM.2","action":"GetUpdates Response", "result":"SERVER_MORE_TO_DOWNLOAD"}
{"logTime":"0507/140741","correlationVector":"GAffOooWGRMLSgvGe3yimF","action":"Initial GetUpdates", "result":""}
{"logTime":"0507/140743","correlationVector":"GAffOooWGRMLSgvGe3yimF.1","action":"SyncServerConnectionManagerRequest", "result":"SYNC_SERVER_OK", "context":{"environment":"48F630A6-CB1B-4CC7-86AF-0F6627234B58", "server":"BN3PEPF00000895"}}
{"logTime":"0507/140743","correlationVector":"GAffOooWGRMLSgvGe3yimF.2","action":"GetUpdates Response", "result":"SERVER_MORE_TO_DOWNLOAD"}
{"logTime":"0507/140743","correlationVector":"WqgrLJO2nmFRMw4FLLAcAI","action":"Initial GetUpdates", "result":""}
{"logTime":"0507/140745","correlationVector":"WqgrLJO2nmFRMw4FLLAcAI.1","action":"SyncServerConnectionManagerRequest", "result":"SYNC_SERVER_OK", "context":{"environment":"48F630A6-CB1B-4CC7-86AF-0F6627234B58", "server":"BN3PEPF00000895"}}
{"logTime":"0507/140745","correlationVector":"WqgrLJO2nmFRMw4FLLAcAI.2","action":"GetUpdates Response", "result":"SERVER_MORE_TO_DOWNLOAD"}
{"logTime":"0507/140745","correlationVector":"ldjXHmEL6l8skW1ZCV9p7S","action":"Initial GetUpdates", "result":""}
{"logTime":"0507/140747","correlationVector":"ldjXHmEL6l8skW1ZCV9p7S.1","action":"SyncServerConnectionManagerRequest", "result":"SYNC_SERVER_OK", "context":{"environment":"48F630A6-CB1B-4CC7-86AF-0F6627234B58", "server":"BN3PEPF00000895"}}
{"logTime":"0507/140747","correlationVector":"ldjXHmEL6l8skW1ZCV9p7S.2","action":"GetUpdates Response", "result":"SERVER_MORE_TO_DOWNLOAD"}
{"logTime":"0507/140747","correlationVector":"QvAXMzfEX5q9oh27PxRDFG","action":"Initial GetUpdates", "result":""}
{"logTime":"0507/140749","correlationVector":"QvAXMzfEX5q9oh27PxRDFG.1","action":"SyncServerConnectionManagerRequest", "result":"SYNC_SERVER_OK", "context":{"environment":"48F630A6-CB1B-4CC7-86AF-0F6627234B58", "server":"BN3PEPF00000895"}}
{"logTime":"0507/140749","correlationVector":"QvAXMzfEX5q9oh27PxRDFG.2","action":"GetUpdates Response", "result":"SERVER_MORE_TO_DOWNLOAD"}
{"logTime":"0507/140749","correlationVector":"rldioXCvKRsYX4pZCp+9o4","action":"Initial GetUpdates", "result":""}
{"logTime":"0507/140751","correlationVector":"rldioXCvKRsYX4pZCp+9o4.1","action":"SyncServerConnectionManagerRequest", "result":"SYNC_SERVER_OK", "context":{"environment":"48F630A6-CB1B-4CC7-86AF-0F6627234B58", "server":"BN3PEPF00000895"}}
{"logTime":"0507/140751","correlationVector":"rldioXCvKRsYX4pZCp+9o4.2","action":"GetUpdates Response", "result":"SERVER_MORE_TO_DOWNLOAD"}
{"logTime":"0507/140751","correlationVector":"upjyvS3/bvXxDxuYYPkrOw","action":"Initial GetUpdates", "result":""}
{"logTime":"0507/140753","correlationVector":"upjyvS3/bvXxDxuYYPkrOw.1","action":"SyncServerConnectionManagerRequest", "result":"SYNC_SERVER_OK", "context":{"environment":"48F630A6-CB1B-4CC7-86AF-0F6627234B58", "server":"BN3PEPF00000895"}}
{"logTime":"0507/140753","correlationVector":"upjyvS3/bvXxDxuYYPkrOw.2","action":"GetUpdates Response", "result":"SERVER_MORE_TO_DOWNLOAD"}
{"logTime":"0507/140753","correlationVector":"kWndKeRuixb+lLNgaIuQed","action":"Initial GetUpdates", "result":""}
{"logTime":"0507/140754","correlationVector":"kWndKeRuixb+lLNgaIuQed.1","action":"SyncServerConnectionManagerRequest", "result":"SYNC_SERVER_OK", "context":{"environment":"48F630A6-CB1B-4CC7-86AF-0F6627234B58", "server":"BN3PEPF00000895"}}
{"logTime":"0507/140754","correlationVector":"kWndKeRuixb+lLNgaIuQed.2","action":"GetUpdates Response", "result":"SYNCER_OK"}
{"logTime":"0507/140754","correlationVector":"f/tEmQfMUo3KH8Cri3/rcu","action":"Normal GetUpdate request", "result":""}
{"logTime":"0507/140754","correlationVector":"f/tEmQfMUo3KH8Cri3/rcu.1","action":"SyncServerConnectionManagerRequest", "result":"SYNC_SERVER_OK", "context":{"environment":"48F630A6-CB1B-4CC7-86AF-0F6627234B58", "server":"BN3PEPF00000895"}}
{"logTime":"0507/140754","correlationVector":"f/tEmQfMUo3KH8Cri3/rcu.2","action":"GetUpdates Response", "result":"SYNCER_OK"}
{"logTime":"0507/140754","correlationVector":"NH8rbc8HdfFD4EXBqlDCSM","action":"Commit Request", "result":""}
{"logTime":"0507/140755","correlationVector":"NH8rbc8HdfFD4EXBqlDCSM.1","action":"SyncServerConnectionManagerRequest", "result":"SYNC_SERVER_OK", "context":{"environment":"48F630A6-CB1B-4CC7-86AF-0F6627234B58", "server":"BN3PEPF00000895"}}
{"logTime":"0507/140755","correlationVector":"NH8rbc8HdfFD4EXBqlDCSM.2","action":"Commit Response", "result":"SYNCER_OK"}
{"logTime":"0507/140755","correlationVector":"4DAWV2KzVkS6IIP8NhIIv+","action":"Commit Request", "result":""}
{"logTime":"0507/140758","correlationVector":"4DAWV2KzVkS6IIP8NhIIv+.1","action":"SyncServerConnectionManagerRequest", "result":"SYNC_SERVER_OK", "context":{"environment":"48F630A6-CB1B-4CC7-86AF-0F6627234B58", "server":"BN3PEPF00000895"}}
{"logTime":"0507/140758","correlationVector":"4DAWV2KzVkS6IIP8NhIIv+.2","action":"Commit Response", "result":"SYNCER_OK"}
{"logTime":"0507/140804","correlationVector":"RY77A9JkXS+zAG1ba0w2b8","action":"Commit Request", "result":""}
{"logTime":"0507/140804","correlationVector":"RY77A9JkXS+zAG1ba0w2b8.1","action":"SyncServerConnectionManagerRequest", "result":"SYNC_SERVER_OK", "context":{"environment":"48F630A6-CB1B-4CC7-86AF-0F6627234B58", "server":"BN3PEPF00000895"}}
{"logTime":"0507/140804","correlationVector":"RY77A9JkXS+zAG1ba0w2b8.2","action":"Commit Response", "result":"SYNCER_OK"}
{"logTime":"0507/140808","correlationVector":"xXx6c+KPOlheuGBP3EBsP3","action":"Commit Request", "result":""}
{"logTime":"0507/140808","correlationVector":"xXx6c+KPOlheuGBP3EBsP3.1","action":"SyncServerConnectionManagerRequest", "result":"SYNC_SERVER_OK", "context":{"environment":"48F630A6-CB1B-4CC7-86AF-0F6627234B58", "server":"BN3PEPF00000895"}}
{"logTime":"0507/140808","correlationVector":"xXx6c+KPOlheuGBP3EBsP3.2","action":"Commit Response", "result":"SYNCER_OK"}
{"logTime":"0508/004957","correlationVector":"5indUGJ9oB02lbz5mQRUJv.0","action":"FeedSettingFetch_homeCloud", "result":"0", "context":{}}
{"logTime":"0508/004957","correlationVector":"Ip9F0ZTm1dwowQUrh29EMI","action":"Normal GetUpdate request", "result":""}
{"logTime":"0508/004957","correlationVector":"Ip9F0ZTm1dwowQUrh29EMI.1","action":"SyncServerConnectionManagerRequest", "result":"SYNC_SERVER_OK", "context":{"environment":"48F630A6-CB1B-4CC7-86AF-0F6627234B58", "server":"BN3PEPF00000871"}}
{"logTime":"0508/004957","correlationVector":"Ip9F0ZTm1dwowQUrh29EMI.2","action":"GetUpdates Response", "result":"SYNCER_OK"}
{"logTime":"0508/004957","correlationVector":"h77iLSUe71uy41n78TjCv3","action":"Commit Request", "result":""}
{"logTime":"0508/004957","correlationVector":"h77iLSUe71uy41n78TjCv3.1","action":"SyncServerConnectionManagerRequest", "result":"SYNC_SERVER_OK", "context":{"environment":"48F630A6-CB1B-4CC7-86AF-0F6627234B58", "server":"BN3PEPF00000871"}}
{"logTime":"0508/004957","correlationVector":"h77iLSUe71uy41n78TjCv3.2","action":"Commit Response", "result":"SYNCER_OK"}
{"logTime":"0508/004958","correlationVector":"gQZUXBZRQVburrhn0UMOB9","action":"Normal GetUpdate request", "result":""}
{"logTime":"0508/004958","correlationVector":"gQZUXBZRQVburrhn0UMOB9.1","action":"SyncServerConnectionManagerRequest", "result":"SYNC_SERVER_OK", "context":{"environment":"48F630A6-CB1B-4CC7-86AF-0F6627234B58", "server":"BN3PEPF00000871"}}
{"logTime":"0508/004958","correlationVector":"gQZUXBZRQVburrhn0UMOB9.2","action":"GetUpdates Response", "result":"SYNCER_OK"}
{"logTime":"0508/005242","correlationVector":"bRa0vvvkY8B1DIbII06A8S","action":"Poll GetUpdate request", "result":""}
{"logTime":"0508/005242","correlationVector":"bRa0vvvkY8B1DIbII06A8S.1","action":"SyncServerConnectionManagerRequest", "result":"SYNC_SERVER_OK", "context":{"environment":"48F630A6-CB1B-4CC7-86AF-0F6627234B58", "server":"BN3PEPF00000866"}}
{"logTime":"0508/005242","correlationVector":"bRa0vvvkY8B1DIbII06A8S.2","action":"GetUpdates Response", "result":"SYNCER_OK"}
{"logTime":"0508/012424","correlationVector":"rEfQK4ojsLWJMpGTMe3oN7","action":"Commit Request", "result":""}
{"logTime":"0508/012426","correlationVector":"rEfQK4ojsLWJMpGTMe3oN7.1","action":"SyncServerConnectionManagerRequest", "result":"SYNC_SERVER_OK", "context":{"environment":"48F630A6-CB1B-4CC7-86AF-0F6627234B58", "server":"BN3PEPF00000899"}}
{"logTime":"0508/012426","correlationVector":"rEfQK4ojsLWJMpGTMe3oN7.2","action":"Commit Response", "result":"SYNCER_OK"}
{"logTime":"0508/013028","correlationVector":"dEEdl+atwUZZEnFWOYn4y9","action":"Commit Request", "result":""}
{"logTime":"0508/013031","correlationVector":"dEEdl+atwUZZEnFWOYn4y9.1","action":"SyncServerConnectionManagerRequest", "result":"SYNC_SERVER_OK", "context":{"environment":"48F630A6-CB1B-4CC7-86AF-0F6627234B58", "server":"BN3PEPF00000876"}}
{"logTime":"0508/013031","correlationVector":"dEEdl+atwUZZEnFWOYn4y9.2","action":"Commit Response", "result":"SYNCER_OK"}
{"logTime":"0508/013109","correlationVector":"YpdYhZYKG0zxB8u2SPU9NK","action":"Commit Request", "result":""}
{"logTime":"0508/013110","correlationVector":"YpdYhZYKG0zxB8u2SPU9NK.1","action":"SyncServerConnectionManagerRequest", "result":"SYNC_SERVER_OK", "context":{"environment":"48F630A6-CB1B-4CC7-86AF-0F6627234B58", "server":"BN3PEPF00000876"}}
{"logTime":"0508/013110","correlationVector":"YpdYhZYKG0zxB8u2SPU9NK.2","action":"Commit Response", "result":"SYNCER_OK"}
{"logTime":"0508/013112","correlationVector":"MuBXehCmEFJk7kABU0eM+K","action":"Commit Request", "result":""}
{"logTime":"0508/013113","correlationVector":"MuBXehCmEFJk7kABU0eM+K.1","action":"SyncServerConnectionManagerRequest", "result":"SYNC_SERVER_OK", "context":{"environment":"48F630A6-CB1B-4CC7-86AF-0F6627234B58", "server":"BN3PEPF00000876"}}
{"logTime":"0508/013113","correlationVector":"MuBXehCmEFJk7kABU0eM+K.2","action":"Commit Response", "result":"SYNCER_OK"}
{"logTime":"0508/013115","correlationVector":"0j5wBcJUzTOAVua2i10ONo","action":"Commit Request", "result":""}
{"logTime":"0508/013115","correlationVector":"0j5wBcJUzTOAVua2i10ONo.1","action":"SyncServerConnectionManagerRequest", "result":"SYNC_SERVER_OK", "context":{"environment":"48F630A6-CB1B-4CC7-86AF-0F6627234B58", "server":"BN3PEPF00000876"}}
{"logTime":"0508/013115","correlationVector":"0j5wBcJUzTOAVua2i10ONo.2","action":"Commit Response", "result":"SYNCER_OK"}
{"logTime":"0508/015053","correlationVector":"H9gYuxezgkobtzqDyVZDyi.0","action":"FeedSettingFetch_homeCloud", "result":"0", "context":{}}
{"logTime":"0508/015053","correlationVector":"sXsRjsefQD9Sd/X+rCTbPx","action":"Normal GetUpdate request", "result":""}
{"logTime":"0508/015053","correlationVector":"sXsRjsefQD9Sd/X+rCTbPx.1","action":"SyncServerConnectionManagerRequest", "result":"SYNC_SERVER_OK", "context":{"environment":"48F630A6-CB1B-4CC7-86AF-0F6627234B58", "server":"BN3PEPF00000876"}}
{"logTime":"0508/015053","correlationVector":"sXsRjsefQD9Sd/X+rCTbPx.2","action":"GetUpdates Response", "result":"SYNCER_OK"}
{"logTime":"0508/020220","correlationVector":"lKF4zxDZR9TQhLj9XlWChh.0","action":"FeedSettingFetch_homeCloud", "result":"0", "context":{}}
{"logTime":"0508/020220","correlationVector":"l/Ygt3eAjEEvYG4JSl6nnY","action":"Normal GetUpdate request", "result":""}
{"logTime":"0508/020220","correlationVector":"l/Ygt3eAjEEvYG4JSl6nnY.1","action":"SyncServerConnectionManagerRequest", "result":"SYNC_SERVER_OK", "context":{"environment":"48F630A6-CB1B-4CC7-86AF-0F6627234B58", "server":"BN3PEPF0000088F"}}
{"logTime":"0508/020220","correlationVector":"l/Ygt3eAjEEvYG4JSl6nnY.2","action":"GetUpdates Response", "result":"SYNCER_OK"}
{"logTime":"0508/020726","correlationVector":"XBrsCoqwhEJnbxBgPKKr9t.0","action":"FeedSettingFetch_homeCloud", "result":"0", "context":{}}
{"logTime":"0508/020726","correlationVector":"A2t6q2gLW3H8Ba5WYA+Uq8","action":"Normal GetUpdate request", "result":""}
{"logTime":"0508/020726","correlationVector":"A2t6q2gLW3H8Ba5WYA+Uq8.1","action":"SyncServerConnectionManagerRequest", "result":"SYNC_SERVER_OK", "context":{"environment":"48F630A6-CB1B-4CC7-86AF-0F6627234B58", "server":"BN3PEPF00000869"}}
{"logTime":"0508/020726","correlationVector":"A2t6q2gLW3H8Ba5WYA+Uq8.2","action":"GetUpdates Response", "result":"SYNCER_OK"}
{"logTime":"0508/031112","correlationVector":"WL00bY7SFq0+Gju30Uwvfg.0","action":"FeedSettingFetch_homeCloud", "result":"0", "context":{}}
{"logTime":"0508/031112","correlationVector":"30bJqwSOFuGgj7vl2NOkfh","action":"Normal GetUpdate request", "result":""}
{"logTime":"0508/031112","correlationVector":"30bJqwSOFuGgj7vl2NOkfh.1","action":"SyncServerConnectionManagerRequest", "result":"SYNC_SERVER_OK", "context":{"environment":"48F630A6-CB1B-4CC7-86AF-0F6627234B58", "server":"BN3PEPF00000888"}}
{"logTime":"0508/031112","correlationVector":"30bJqwSOFuGgj7vl2NOkfh.2","action":"GetUpdates Response", "result":"SYNCER_OK"}
{"logTime":"0508/031921","correlationVector":"EZhfKZ2Q0yqTUXXKeZacRg","action":"Normal GetUpdate request", "result":""}
{"logTime":"0508/031922","correlationVector":"EZhfKZ2Q0yqTUXXKeZacRg.1","action":"SyncServerConnectionManagerRequest", "result":"SYNC_SERVER_OK", "context":{"environment":"48F630A6-CB1B-4CC7-86AF-0F6627234B58", "server":"BN3PEPF00000867"}}
{"logTime":"0508/031922","correlationVector":"EZhfKZ2Q0yqTUXXKeZacRg.2","action":"GetUpdates Response", "result":"SYNCER_OK"}
{"logTime":"0508/031922","correlationVector":"lGZAC/Fp6vT1BRHoJ4H7J3","action":"Commit Request", "result":""}
{"logTime":"0508/031923","correlationVector":"lGZAC/Fp6vT1BRHoJ4H7J3.1","action":"SyncServerConnectionManagerRequest", "result":"SYNC_SERVER_OK", "context":{"environment":"48F630A6-CB1B-4CC7-86AF-0F6627234B58", "server":"BN3PEPF00000867"}}
{"logTime":"0508/031923","correlationVector":"lGZAC/Fp6vT1BRHoJ4H7J3.2","action":"Commit Response", "result":"SYNCER_OK"}
{"logTime":"0508/031925","correlationVector":"Dm3cTip+FjdAZIdIkOZLMt","action":"Commit Request", "result":""}
{"logTime":"0508/031926","correlationVector":"Dm3cTip+FjdAZIdIkOZLMt.1","action":"SyncServerConnectionManagerRequest", "result":"SYNC_SERVER_OK", "context":{"environment":"48F630A6-CB1B-4CC7-86AF-0F6627234B58", "server":"BN3PEPF00000867"}}
{"logTime":"0508/031926","correlationVector":"Dm3cTip+FjdAZIdIkOZLMt.2","action":"Commit Response", "result":"SYNCER_OK"}
{"logTime":"0508/125615","correlationVector":"C/mYsRyBu9lHgR1K+XsFwL.0","action":"FeedSettingFetch_homeCloud", "result":"0", "context":{}}
{"logTime":"0508/125615","correlationVector":"7DNS/iANOHOdrg+ICrQX61","action":"Normal GetUpdate request", "result":""}
{"logTime":"0508/125615","correlationVector":"7DNS/iANOHOdrg+ICrQX61.1","action":"SyncServerConnectionManagerRequest", "result":"SYNC_SERVER_OK", "context":{"environment":"48F630A6-CB1B-4CC7-86AF-0F6627234B58", "server":"BN3PEPF00000869"}}
{"logTime":"0508/125615","correlationVector":"7DNS/iANOHOdrg+ICrQX61.2","action":"GetUpdates Response", "result":"SYNCER_OK"}
{"logTime":"0508/130016","correlationVector":"FDj0GzhRcir+K5yXIMVuCZ","action":"Poll GetUpdate request", "result":""}
{"logTime":"0508/130016","correlationVector":"FDj0GzhRcir+K5yXIMVuCZ.1","action":"SyncServerConnectionManagerRequest", "result":"SYNC_SERVER_OK", "context":{"environment":"48F630A6-CB1B-4CC7-86AF-0F6627234B58", "server":"BN3PEPF00000879"}}
{"logTime":"0508/130016","correlationVector":"FDj0GzhRcir+K5yXIMVuCZ.2","action":"GetUpdates Response", "result":"SYNCER_OK"}
{"logTime":"0508/171859","correlationVector":"xBdgGICYR1AZicOMluPl1T.0","action":"FeedSettingFetch_homeCloud", "result":"0", "context":{}}
{"logTime":"0508/171859","correlationVector":"hSjdp4j7Z2t4YxtemK1FN4","action":"Normal GetUpdate request", "result":""}
{"logTime":"0508/171859","correlationVector":"hSjdp4j7Z2t4YxtemK1FN4.1","action":"SyncServerConnectionManagerRequest", "result":"SYNC_SERVER_OK", "context":{"environment":"48F630A6-CB1B-4CC7-86AF-0F6627234B58", "server":"BN3PEPF00000890"}}
{"logTime":"0508/171859","correlationVector":"hSjdp4j7Z2t4YxtemK1FN4.2","action":"GetUpdates Response", "result":"SYNCER_OK"}
{"logTime":"0508/171859","correlationVector":"blnYn9Ajct4r1q+Pa9NBAd","action":"Commit Request", "result":""}
{"logTime":"0508/171859","correlationVector":"blnYn9Ajct4r1q+Pa9NBAd.1","action":"SyncServerConnectionManagerRequest", "result":"SYNC_SERVER_OK", "context":{"environment":"48F630A6-CB1B-4CC7-86AF-0F6627234B58", "server":"BN3PEPF00000890"}}
{"logTime":"0508/171859","correlationVector":"blnYn9Ajct4r1q+Pa9NBAd.2","action":"Commit Response", "result":"SYNCER_OK"}
{"logTime":"0508/171859","correlationVector":"kueEWcO0fpt45DX2Pd4OTQ","action":"SyncServerConnectionManagerRequest", "result":"SYNC_SERVER_OK", "context":{"environment":"", "server":""}}
{"logTime":"0508/171859","correlationVector":"CixtydAzfofSZ7vBIWQOET","action":"Normal GetUpdate request", "result":""}
{"logTime":"0508/171859","correlationVector":"CixtydAzfofSZ7vBIWQOET.1","action":"SyncServerConnectionManagerRequest", "result":"SYNC_SERVER_OK", "context":{"environment":"48F630A6-CB1B-4CC7-86AF-0F6627234B58", "server":"BN3PEPF00000890"}}
{"logTime":"0508/171859","correlationVector":"CixtydAzfofSZ7vBIWQOET.2","action":"GetUpdates Response", "result":"SYNCER_OK"}
{"logTime":"0508/173254","correlationVector":"553JfC1P2dmIPuglP/dEUC","action":"Commit Request", "result":""}
{"logTime":"0508/173255","correlationVector":"553JfC1P2dmIPuglP/dEUC.1","action":"SyncServerConnectionManagerRequest", "result":"SYNC_SERVER_OK", "context":{"environment":"48F630A6-CB1B-4CC7-86AF-0F6627234B58", "server":"BN3PEPF00000881"}}
{"logTime":"0508/173255","correlationVector":"553JfC1P2dmIPuglP/dEUC.2","action":"Commit Response", "result":"SYNCER_OK"}
{"logTime":"0508/173257","correlationVector":"pJndr3/QPi4LpzsiVqYAzH","action":"Commit Request", "result":""}
{"logTime":"0508/173300","correlationVector":"pJndr3/QPi4LpzsiVqYAzH.1","action":"SyncServerConnectionManagerRequest", "result":"SYNC_SERVER_OK", "context":{"environment":"48F630A6-CB1B-4CC7-86AF-0F6627234B58", "server":"BN3PEPF00000881"}}
{"logTime":"0508/173300","correlationVector":"pJndr3/QPi4LpzsiVqYAzH.2","action":"Commit Response", "result":"SYNCER_OK"}
{"logTime":"0508/182857","correlationVector":"ifXl+xn+W0TeE26GKwyep5.0","action":"FeedSettingFetch_homeCloud", "result":"0", "context":{}}
{"logTime":"0508/182857","correlationVector":"zq+pgccBciXfPO0Ozhwb+T","action":"Normal GetUpdate request", "result":""}
{"logTime":"0508/182857","correlationVector":"zq+pgccBciXfPO0Ozhwb+T.1","action":"SyncServerConnectionManagerRequest", "result":"SYNC_SERVER_OK", "context":{"environment":"CC08A770-3E86-455D-AB51-4C9AF7E3E58F", "server":"BN2BEAP00001E01"}}
{"logTime":"0508/182857","correlationVector":"zq+pgccBciXfPO0Ozhwb+T.2","action":"GetUpdates Response", "result":"SYNCER_OK"}
{"logTime":"0508/183254","correlationVector":"zKG5qjYFt/9N+ojmvgK5Mg.0","action":"FeedSettingFetch_homeCloud", "result":"0", "context":{}}
{"logTime":"0508/183254","correlationVector":"NHFXi4IoA/MOxi/xZEw8zp","action":"Normal GetUpdate request", "result":""}
{"logTime":"0508/183254","correlationVector":"NHFXi4IoA/MOxi/xZEw8zp.1","action":"SyncServerConnectionManagerRequest", "result":"SYNC_SERVER_OK", "context":{"environment":"48F630A6-CB1B-4CC7-86AF-0F6627234B58", "server":"BN3PEPF00000868"}}
{"logTime":"0508/183254","correlationVector":"NHFXi4IoA/MOxi/xZEw8zp.2","action":"GetUpdates Response", "result":"SYNCER_OK"}
{"logTime":"0508/191833","correlationVector":"bc7yCdGz2QT1urcduG0EHP.0","action":"FeedSettingFetch_homeCloud", "result":"0", "context":{}}
{"logTime":"0508/191833","correlationVector":"C9XyjbJpygrkimnpbZXbvJ","action":"Normal GetUpdate request", "result":""}
{"logTime":"0508/191833","correlationVector":"C9XyjbJpygrkimnpbZXbvJ.1","action":"SyncServerConnectionManagerRequest", "result":"SYNC_SERVER_OK", "context":{"environment":"48F630A6-CB1B-4CC7-86AF-0F6627234B58", "server":"BN3PEPF0000086C"}}
{"logTime":"0508/191833","correlationVector":"C9XyjbJpygrkimnpbZXbvJ.2","action":"GetUpdates Response", "result":"SYNCER_OK"}
{"logTime":"0508/194930","correlationVector":"SygEFD6KetukQG/fRXfaEV","action":"Normal GetUpdate request", "result":""}
{"logTime":"0508/194931","correlationVector":"SygEFD6KetukQG/fRXfaEV.1","action":"SyncServerConnectionManagerRequest", "result":"SYNC_SERVER_OK", "context":{"environment":"48F630A6-CB1B-4CC7-86AF-0F6627234B58", "server":"BN3PEPF00000885"}}
{"logTime":"0508/194931","correlationVector":"SygEFD6KetukQG/fRXfaEV.2","action":"GetUpdates Response", "result":"SYNCER_OK"}
{"logTime":"0508/194931","correlationVector":"3MaWoucL/NB/DTOptT7Iwm","action":"Commit Request", "result":""}
{"logTime":"0508/194932","correlationVector":"3MaWoucL/NB/DTOptT7Iwm.1","action":"SyncServerConnectionManagerRequest", "result":"SYNC_SERVER_OK", "context":{"environment":"48F630A6-CB1B-4CC7-86AF-0F6627234B58", "server":"BN3PEPF00000885"}}
{"logTime":"0508/194932","correlationVector":"3MaWoucL/NB/DTOptT7Iwm.2","action":"Commit Response", "result":"SYNCER_OK"}
{"logTime":"0509/015826","correlationVector":"ZPMbdHT9r32rhUOENUKt6z.0","action":"FeedSettingFetch_homeCloud", "result":"0", "context":{}}
{"logTime":"0509/015826","correlationVector":"ylvyN1eZF7wn6wZMBDHdR7","action":"Normal GetUpdate request", "result":""}
{"logTime":"0509/015826","correlationVector":"ylvyN1eZF7wn6wZMBDHdR7.1","action":"SyncServerConnectionManagerRequest", "result":"SYNC_SERVER_OK", "context":{"environment":"48F630A6-CB1B-4CC7-86AF-0F6627234B58", "server":"BN3PEPF00000887"}}
{"logTime":"0509/015826","correlationVector":"ylvyN1eZF7wn6wZMBDHdR7.2","action":"GetUpdates Response", "result":"SYNCER_OK"}
{"logTime":"0509/015906","correlationVector":"xJAbegFoVGk/CH0xS0/NZP.0","action":"FeedSettingFetch_homeCloud", "result":"0", "context":{}}
{"logTime":"0509/015906","correlationVector":"9oH/zoK/4AC4pxS8MGtF7P","action":"Normal GetUpdate request", "result":""}
{"logTime":"0509/015906","correlationVector":"9oH/zoK/4AC4pxS8MGtF7P.1","action":"SyncServerConnectionManagerRequest", "result":"SYNC_SERVER_OK", "context":{"environment":"48F630A6-CB1B-4CC7-86AF-0F6627234B58", "server":"BN3PEPF00000870"}}
{"logTime":"0509/015906","correlationVector":"9oH/zoK/4AC4pxS8MGtF7P.2","action":"GetUpdates Response", "result":"SYNCER_OK"}
{"logTime":"0509/023737","correlationVector":"5+z5n8q0Tgm3MiDMPfuC8Z.0","action":"FeedSettingFetch_homeCloud", "result":"0", "context":{}}
{"logTime":"0509/023737","correlationVector":"ByfXYKqZhEEj2BYXba7oM7","action":"Normal GetUpdate request", "result":""}
{"logTime":"0509/023737","correlationVector":"ByfXYKqZhEEj2BYXba7oM7.1","action":"SyncServerConnectionManagerRequest", "result":"SYNC_SERVER_OK", "context":{"environment":"48F630A6-CB1B-4CC7-86AF-0F6627234B58", "server":"BN3PEPF0000088F"}}
{"logTime":"0509/023737","correlationVector":"ByfXYKqZhEEj2BYXba7oM7.2","action":"GetUpdates Response", "result":"SYNCER_OK"}
{"logTime":"0509/023943","correlationVector":"i3+hcTco8JJyLxyHikkUc2","action":"Poll GetUpdate request", "result":""}
{"logTime":"0509/023943","correlationVector":"i3+hcTco8JJyLxyHikkUc2.1","action":"SyncServerConnectionManagerRequest", "result":"SYNC_SERVER_OK", "context":{"environment":"48F630A6-CB1B-4CC7-86AF-0F6627234B58", "server":"BN3PEPF0000088F"}}
{"logTime":"0509/023943","correlationVector":"i3+hcTco8JJyLxyHikkUc2.2","action":"GetUpdates Response", "result":"SYNCER_OK"}
{"logTime":"0509/024907","correlationVector":"jdPdDujy0nYyvJ9qqoh/m6.0","action":"FeedSettingFetch_homeCloud", "result":"0", "context":{}}
{"logTime":"0509/024907","correlationVector":"Udse92/rKJzMcbEyVEgE+S","action":"Normal GetUpdate request", "result":""}
{"logTime":"0509/024907","correlationVector":"Udse92/rKJzMcbEyVEgE+S.1","action":"SyncServerConnectionManagerRequest", "result":"SYNC_SERVER_OK", "context":{"environment":"48F630A6-CB1B-4CC7-86AF-0F6627234B58", "server":"BN3PEPF0000086E"}}
{"logTime":"0509/024907","correlationVector":"Udse92/rKJzMcbEyVEgE+S.2","action":"GetUpdates Response", "result":"SYNCER_OK"}
{"logTime":"0509/193848","correlationVector":"i5aVO0nrS2bOPNwESmKsL6.0","action":"FeedSettingFetch_homeCloud", "result":"0", "context":{}}
{"logTime":"0509/193848","correlationVector":"i5aVO0nrS2bOPNwESmKsL6.0","action":"SyncServerConnectionManagerRequest", "result":"SYNC_SERVER_OK", "context":{"environment":"", "server":""}}
{"logTime":"0509/193848","correlationVector":"1CbYUddnrSu0W5p3VPVlwa","action":"Normal GetUpdate request", "result":""}
{"logTime":"0509/193849","correlationVector":"1CbYUddnrSu0W5p3VPVlwa.1","action":"SyncServerConnectionManagerRequest", "result":"SYNC_SERVER_OK", "context":{"environment":"48F630A6-CB1B-4CC7-86AF-0F6627234B58", "server":"BN3PEPF00000895"}}
{"logTime":"0509/193849","correlationVector":"1CbYUddnrSu0W5p3VPVlwa.2","action":"GetUpdates Response", "result":"SYNCER_OK"}
{"logTime":"0509/193849","correlationVector":"btxbuEbB/v+la9V5kBqnWi","action":"Commit Request", "result":""}
{"logTime":"0509/193849","correlationVector":"btxbuEbB/v+la9V5kBqnWi.1","action":"SyncServerConnectionManagerRequest", "result":"SYNC_SERVER_OK", "context":{"environment":"48F630A6-CB1B-4CC7-86AF-0F6627234B58", "server":"BN3PEPF00000895"}}
{"logTime":"0509/193849","correlationVector":"btxbuEbB/v+la9V5kBqnWi.2","action":"Commit Response", "result":"SYNCER_OK"}
{"logTime":"0509/193849","correlationVector":"gkWjGQyI1Wba+9j8WF1zRR","action":"Normal GetUpdate request", "result":""}
{"logTime":"0509/193849","correlationVector":"gkWjGQyI1Wba+9j8WF1zRR.1","action":"SyncServerConnectionManagerRequest", "result":"SYNC_SERVER_OK", "context":{"environment":"48F630A6-CB1B-4CC7-86AF-0F6627234B58", "server":"BN3PEPF00000895"}}
{"logTime":"0509/193849","correlationVector":"gkWjGQyI1Wba+9j8WF1zRR.2","action":"GetUpdates Response", "result":"SYNCER_OK"}
{"logTime":"0509/194210","correlationVector":"ObqLN2THu7br5ohA66ux6A","action":"Poll GetUpdate request", "result":""}
{"logTime":"0509/194210","correlationVector":"ObqLN2THu7br5ohA66ux6A.1","action":"SyncServerConnectionManagerRequest", "result":"SYNC_SERVER_OK", "context":{"environment":"48F630A6-CB1B-4CC7-86AF-0F6627234B58", "server":"BN3PEPF0000089E"}}
{"logTime":"0509/194210","correlationVector":"ObqLN2THu7br5ohA66ux6A.2","action":"GetUpdates Response", "result":"SYNCER_OK"}
{"logTime":"0509/201039","correlationVector":"jFxJEDHZ5uJBH5l9hAI5Vm.0","action":"FeedSettingFetch_homeCloud", "result":"0", "context":{}}
{"logTime":"0509/201039","correlationVector":"cfzgI37QjFVzLjjPRLlZ9K","action":"Normal GetUpdate request", "result":""}
{"logTime":"0509/201039","correlationVector":"cfzgI37QjFVzLjjPRLlZ9K.1","action":"SyncServerConnectionManagerRequest", "result":"SYNC_SERVER_OK", "context":{"environment":"48F630A6-CB1B-4CC7-86AF-0F6627234B58", "server":"BN3PEPF0000088E"}}
{"logTime":"0509/201039","correlationVector":"cfzgI37QjFVzLjjPRLlZ9K.2","action":"GetUpdates Response", "result":"SYNCER_OK"}
{"logTime":"0509/202413","correlationVector":"mtB2E22p1C40vjMvpJNbEz","action":"Normal GetUpdate request", "result":""}
{"logTime":"0509/202413","correlationVector":"mtB2E22p1C40vjMvpJNbEz.1","action":"SyncServerConnectionManagerRequest", "result":"SYNC_SERVER_OK", "context":{"environment":"48F630A6-CB1B-4CC7-86AF-0F6627234B58", "server":"BN3PEPF0000086E"}}
{"logTime":"0509/202413","correlationVector":"mtB2E22p1C40vjMvpJNbEz.2","action":"GetUpdates Response", "result":"SYNCER_OK"}
{"logTime":"0509/202413","correlationVector":"oUK1+As+WXlxGUnrIOtmAg","action":"Commit Request", "result":""}
{"logTime":"0509/202415","correlationVector":"oUK1+As+WXlxGUnrIOtmAg.1","action":"SyncServerConnectionManagerRequest", "result":"SYNC_SERVER_OK", "context":{"environment":"48F630A6-CB1B-4CC7-86AF-0F6627234B58", "server":"BN3PEPF0000086E"}}
{"logTime":"0509/202415","correlationVector":"oUK1+As+WXlxGUnrIOtmAg.2","action":"Commit Response", "result":"SYNCER_OK"}
{"logTime":"0509/202443","correlationVector":"NmtM9YnlOPYsyr9Sd1BMqc","action":"Commit Request", "result":""}
{"logTime":"0509/202444","correlationVector":"NmtM9YnlOPYsyr9Sd1BMqc.1","action":"SyncServerConnectionManagerRequest", "result":"SYNC_SERVER_OK", "context":{"environment":"48F630A6-CB1B-4CC7-86AF-0F6627234B58", "server":"BN3PEPF0000086E"}}
{"logTime":"0509/202444","correlationVector":"NmtM9YnlOPYsyr9Sd1BMqc.2","action":"Commit Response", "result":"SYNCER_OK"}
