INFO 8/31/2020, 10:47:17 AM  luanchFromDiffVersion, pre version is undefined
INFO 8/31/2020, 10:47:17 AM  overwriteThemeFolder
INFO 8/31/2020, 10:47:17 AM  ------------------start------------------
INFO 8/31/2020, 10:47:17 AM  typora version: 0.9.95
DEBUG 8/31/2020, 10:47:17 AM  [ '/usr/share/typora/Typora' ]
INFO 8/31/2020, 10:47:17 AM  [Raven] instanceKey = 4565c1e9-7c1a-4ca4-87ea-393813030631
DEBUG 8/31/2020, 10:47:17 AM  app.openFile
INFO 8/31/2020, 10:47:17 AM  [focus] 1
INFO 8/31/2020, 10:47:17 AM  [Raven] userId = 1f4e5044-39e0-455b-b46f-008f4b327bb2
INFO 8/31/2020, 10:47:25 AM  ----------------before-quit-----------------
INFO 8/31/2020, 10:47:25 AM  ------------------will-quit------------------
INFO 8/31/2020, 10:47:28 AM  ------------------start------------------
INFO 8/31/2020, 10:47:28 AM  typora version: 0.9.95
DEBUG 8/31/2020, 10:47:28 AM  [ '/usr/share/typora/Typora' ]
INFO 8/31/2020, 10:47:28 AM  [Raven] instanceKey = bacee7c1-1ed8-4267-acc5-3b3828460cef
DEBUG 8/31/2020, 10:47:28 AM  app.openFile
INFO 8/31/2020, 10:47:28 AM  [focus] 1
INFO 8/31/2020, 10:47:28 AM  [Raven] userId = 1f4e5044-39e0-455b-b46f-008f4b327bb2
INFO 8/31/2020, 10:47:33 AM  ----------------before-quit-----------------
INFO 8/31/2020, 10:47:33 AM  ------------------will-quit------------------
INFO 8/31/2020, 4:50:18 PM  ------------------start------------------
INFO 8/31/2020, 4:50:18 PM  typora version: 0.9.95
DEBUG 8/31/2020, 4:50:18 PM  [
  '/usr/share/typora/Typora',
  '/home/jfitzhugh/Dropbox/journal/four-states-distress.md'
]
DEBUG 8/31/2020, 4:50:18 PM  app.openFile
INFO 8/31/2020, 4:50:18 PM  addRecentDocument
INFO 8/31/2020, 4:50:18 PM  [Raven] instanceKey = 179eb5f3-6315-4237-95fa-c2113f84448e
INFO 8/31/2020, 4:50:18 PM  [Raven] userId = 1f4e5044-39e0-455b-b46f-008f4b327bb2
INFO 8/31/2020, 4:50:19 PM  [focus] 1
INFO 8/31/2020, 4:50:23 PM  load file [/tmp/1598910623153-0.22599730198616585.html] for PDF export
INFO 8/31/2020, 4:50:24 PM  [blur] 1
INFO 8/31/2020, 4:50:25 PM  [focus] 1
INFO 8/31/2020, 4:50:25 PM  [blur] 1
INFO 8/31/2020, 4:50:26 PM  [focus] 1
INFO 8/31/2020, 4:50:26 PM  [blur] 1
INFO 8/31/2020, 4:50:26 PM  [focus] 1
INFO 8/31/2020, 4:52:23 PM  load file [/tmp/1598910743088-0.07682649897924598.html] for PDF export
INFO 8/31/2020, 4:52:23 PM  [blur] 1
INFO 8/31/2020, 4:52:25 PM  [focus] 1
INFO 8/31/2020, 4:52:25 PM  [blur] 1
INFO 8/31/2020, 4:52:25 PM  [focus] 1
INFO 8/31/2020, 4:52:27 PM  ----------------before-quit-----------------
INFO 8/31/2020, 4:52:27 PM  ------------------will-quit------------------
INFO 9/20/2020, 6:27:47 AM  ------------------start------------------
INFO 9/20/2020, 6:27:47 AM  typora version: 0.9.95
DEBUG 9/20/2020, 6:27:47 AM  [
  '/usr/share/typora/Typora',
  '/home/jfitzhugh/Dropbox/church/discipleship/reunion/reunion-sg-spirit.txt'
]
DEBUG 9/20/2020, 6:27:47 AM  app.openFile
INFO 9/20/2020, 6:27:47 AM  addRecentDocument
INFO 9/20/2020, 6:27:48 AM  [Raven] instanceKey = 5aea26b3-1478-4836-b1e8-dea2d186067c
INFO 9/20/2020, 6:27:48 AM  [Raven] userId = 1f4e5044-39e0-455b-b46f-008f4b327bb2
INFO 9/20/2020, 6:27:48 AM  [focus] 1
INFO 9/20/2020, 6:27:51 AM  [blur] 1
INFO 9/20/2020, 6:27:51 AM  [focus] 1
INFO 9/20/2020, 6:27:51 AM  [blur] 1
INFO 9/20/2020, 6:27:51 AM  [focus] 1
INFO 9/20/2020, 6:27:52 AM  [blur] 1
INFO 9/20/2020, 6:27:55 AM  [focus] 1
INFO 9/20/2020, 6:28:06 AM  [blur] 1
INFO 9/20/2020, 6:32:11 AM  [focus] 1
INFO 9/20/2020, 6:32:17 AM  [blur] 1
INFO 9/20/2020, 6:32:54 AM  [focus] 1
INFO 9/20/2020, 6:33:40 AM  [blur] 1
INFO 9/20/2020, 6:33:52 AM  [focus] 1
INFO 9/20/2020, 6:33:54 AM  [blur] 1
INFO 9/20/2020, 6:36:07 AM  [focus] 1
INFO 9/20/2020, 6:36:24 AM  [blur] 1
INFO 9/20/2020, 6:43:02 AM  [focus] 1
INFO 9/20/2020, 6:43:07 AM  [blur] 1
INFO 9/20/2020, 6:43:07 AM  [focus] 1
INFO 9/20/2020, 6:43:11 AM  ----------------before-quit-----------------
INFO 9/20/2020, 6:43:11 AM  ------------------will-quit------------------
INFO 9/24/2020, 12:43:29 PM  ------------------start------------------
INFO 9/24/2020, 12:43:29 PM  typora version: 0.9.95
DEBUG 9/24/2020, 12:43:29 PM  [ '/usr/share/typora/Typora' ]
INFO 9/24/2020, 12:43:29 PM  [Raven] instanceKey = 1771ae0b-4081-4ecf-8f35-0d5de38c0991
DEBUG 9/24/2020, 12:43:29 PM  app.openFile
INFO 9/24/2020, 12:43:29 PM  [Raven] userId = 1f4e5044-39e0-455b-b46f-008f4b327bb2
INFO 9/24/2020, 12:43:29 PM  [focus] 1
INFO 9/24/2020, 12:43:30 PM  [blur] 1
INFO 9/24/2020, 2:48:35 PM  [focus] 1
INFO 9/24/2020, 2:48:35 PM  [blur] 1
INFO 9/24/2020, 3:10:12 PM  [focus] 1
INFO 9/24/2020, 3:10:12 PM  [blur] 1
INFO 9/24/2020, 3:10:16 PM  [focus] 1
INFO 9/24/2020, 3:10:18 PM  [blur] 1
INFO 9/24/2020, 3:27:56 PM  [focus] 1
INFO 9/24/2020, 3:27:56 PM  [blur] 1
INFO 9/24/2020, 3:27:56 PM  [focus] 1
INFO 9/24/2020, 3:28:05 PM  [blur] 1
INFO 9/24/2020, 3:30:10 PM  [focus] 1
INFO 9/24/2020, 3:30:13 PM  [blur] 1
INFO 9/24/2020, 4:13:47 PM  [focus] 1
INFO 9/24/2020, 4:13:47 PM  [blur] 1
INFO 9/24/2020, 5:20:07 PM  [focus] 1
INFO 9/24/2020, 5:20:10 PM  ----------------before-quit-----------------
INFO 9/24/2020, 5:20:10 PM  ------------------will-quit------------------
INFO 10/1/2020, 12:16:02 PM  ------------------start------------------
INFO 10/1/2020, 12:16:02 PM  typora version: 0.9.95
DEBUG 10/1/2020, 12:16:02 PM  [
  '/usr/share/typora/Typora',
  '/home/jfitzhugh/Dropbox/church/discipleship/reunion/reunion-sermon-role.md'
]
DEBUG 10/1/2020, 12:16:02 PM  app.openFile
INFO 10/1/2020, 12:16:02 PM  addRecentDocument
INFO 10/1/2020, 12:16:03 PM  [Raven] instanceKey = 1bed74c2-93df-459b-9642-d4dab8a5ffca
INFO 10/1/2020, 12:16:03 PM  [Raven] userId = 1f4e5044-39e0-455b-b46f-008f4b327bb2
INFO 10/1/2020, 12:16:03 PM  [focus] 1
INFO 10/1/2020, 12:18:52 PM  [blur] 1
INFO 10/1/2020, 12:20:27 PM  [focus] 1
INFO 10/1/2020, 12:20:32 PM  [blur] 1
INFO 10/1/2020, 12:20:40 PM  [focus] 1
INFO 10/1/2020, 12:26:10 PM  [blur] 1
INFO 10/1/2020, 12:42:08 PM  [focus] 1
INFO 10/1/2020, 12:42:08 PM  [blur] 1
INFO 10/1/2020, 12:42:09 PM  [focus] 1
INFO 10/1/2020, 12:42:09 PM  [blur] 1
INFO 10/1/2020, 12:42:10 PM  [focus] 1
INFO 10/1/2020, 12:42:10 PM  [blur] 1
INFO 10/1/2020, 1:00:27 PM  [focus] 1
INFO 10/1/2020, 1:00:28 PM  [blur] 1
INFO 10/1/2020, 1:00:28 PM  [focus] 1
INFO 10/1/2020, 1:00:28 PM  [blur] 1
INFO 10/1/2020, 1:00:29 PM  [focus] 1
INFO 10/1/2020, 1:00:29 PM  [blur] 1
INFO 10/1/2020, 1:00:29 PM  [focus] 1
INFO 10/1/2020, 1:00:30 PM  [blur] 1
INFO 10/1/2020, 1:00:30 PM  [focus] 1
INFO 10/1/2020, 1:00:30 PM  [blur] 1
INFO 10/1/2020, 1:01:02 PM  [focus] 1
INFO 10/1/2020, 1:01:03 PM  [blur] 1
INFO 10/1/2020, 1:13:27 PM  [focus] 1
INFO 10/1/2020, 1:13:27 PM  [blur] 1
INFO 10/1/2020, 1:13:28 PM  [focus] 1
INFO 10/1/2020, 1:13:28 PM  [blur] 1
INFO 10/1/2020, 2:18:53 PM  [focus] 1
INFO 10/1/2020, 2:18:53 PM  [blur] 1
INFO 10/1/2020, 2:19:01 PM  [focus] 1
INFO 10/1/2020, 2:19:02 PM  [blur] 1
INFO 10/1/2020, 2:31:30 PM  [focus] 1
INFO 10/1/2020, 2:31:30 PM  [blur] 1
INFO 10/1/2020, 2:31:30 PM  [focus] 1
INFO 10/1/2020, 2:31:31 PM  [blur] 1
INFO 10/1/2020, 2:31:31 PM  [focus] 1
INFO 10/1/2020, 2:31:32 PM  [blur] 1
INFO 10/1/2020, 2:31:33 PM  [focus] 1
INFO 10/1/2020, 2:31:33 PM  [blur] 1
INFO 10/1/2020, 2:44:56 PM  [focus] 1
INFO 10/1/2020, 2:44:56 PM  [blur] 1
INFO 10/1/2020, 2:44:56 PM  [focus] 1
INFO 10/1/2020, 2:44:57 PM  [blur] 1
INFO 10/1/2020, 2:44:57 PM  [focus] 1
INFO 10/1/2020, 2:44:57 PM  [blur] 1
INFO 10/1/2020, 2:44:59 PM  [focus] 1
INFO 10/1/2020, 2:44:59 PM  [blur] 1
INFO 10/1/2020, 2:46:13 PM  [focus] 1
INFO 10/1/2020, 2:46:13 PM  [blur] 1
INFO 10/1/2020, 2:48:21 PM  [focus] 1
INFO 10/1/2020, 2:48:21 PM  [blur] 1
INFO 10/1/2020, 2:49:38 PM  [focus] 1
INFO 10/1/2020, 2:49:42 PM  [blur] 1
INFO 10/1/2020, 2:49:54 PM  [focus] 1
INFO 10/1/2020, 2:50:28 PM  [blur] 1
INFO 10/1/2020, 2:50:34 PM  [focus] 1
INFO 10/1/2020, 2:51:56 PM  [blur] 1
INFO 10/1/2020, 2:52:19 PM  [focus] 1
INFO 10/1/2020, 2:52:28 PM  [blur] 1
INFO 10/1/2020, 2:53:16 PM  [focus] 1
INFO 10/1/2020, 2:53:18 PM  [blur] 1
INFO 10/1/2020, 2:56:19 PM  [focus] 1
INFO 10/1/2020, 2:57:56 PM  [blur] 1
INFO 10/1/2020, 2:57:59 PM  [focus] 1
INFO 10/1/2020, 2:59:31 PM  [blur] 1
INFO 10/1/2020, 2:59:59 PM  [focus] 1
INFO 10/1/2020, 3:00:30 PM  [blur] 1
INFO 10/1/2020, 3:00:55 PM  [focus] 1
INFO 10/1/2020, 3:02:21 PM  [blur] 1
INFO 10/1/2020, 3:02:24 PM  [focus] 1
INFO 10/1/2020, 3:10:25 PM  [blur] 1
INFO 10/1/2020, 3:10:51 PM  [focus] 1
INFO 10/1/2020, 3:16:56 PM  [blur] 1
INFO 10/1/2020, 3:16:59 PM  [focus] 1
INFO 10/1/2020, 3:17:46 PM  [blur] 1
INFO 10/1/2020, 3:17:46 PM  [focus] 1
INFO 10/1/2020, 3:19:08 PM  [blur] 1
INFO 10/1/2020, 3:19:40 PM  [focus] 1
INFO 10/1/2020, 3:22:35 PM  [blur] 1
INFO 10/1/2020, 3:33:12 PM  [focus] 1
INFO 10/1/2020, 3:38:14 PM  [blur] 1
INFO 10/1/2020, 3:38:21 PM  [focus] 1
INFO 10/1/2020, 3:38:23 PM  [blur] 1
INFO 10/1/2020, 3:38:28 PM  [focus] 1
INFO 10/1/2020, 3:41:22 PM  [blur] 1
INFO 10/1/2020, 3:41:29 PM  [focus] 1
INFO 10/1/2020, 3:43:07 PM  [blur] 1
INFO 10/1/2020, 3:43:23 PM  [focus] 1
INFO 10/1/2020, 3:44:47 PM  [blur] 1
INFO 10/1/2020, 3:45:19 PM  [focus] 1
INFO 10/1/2020, 3:45:22 PM  [blur] 1
INFO 10/1/2020, 3:45:41 PM  [focus] 1
INFO 10/1/2020, 3:49:43 PM  [blur] 1
INFO 10/1/2020, 3:50:54 PM  [focus] 1
INFO 10/1/2020, 3:51:12 PM  [blur] 1
INFO 10/1/2020, 3:51:40 PM  [focus] 1
INFO 10/1/2020, 3:51:52 PM  [blur] 1
INFO 10/1/2020, 3:52:24 PM  [focus] 1
INFO 10/1/2020, 3:52:51 PM  [blur] 1
INFO 10/1/2020, 3:53:28 PM  [focus] 1
INFO 10/1/2020, 3:53:46 PM  [blur] 1
INFO 10/1/2020, 3:53:47 PM  [focus] 1
INFO 10/1/2020, 3:53:48 PM  [blur] 1
INFO 10/1/2020, 3:53:49 PM  [focus] 1
INFO 10/1/2020, 3:56:57 PM  [blur] 1
INFO 10/1/2020, 4:01:00 PM  [focus] 1
INFO 10/1/2020, 4:05:12 PM  [blur] 1
INFO 10/1/2020, 4:09:26 PM  [focus] 1
INFO 10/1/2020, 4:09:51 PM  [blur] 1
INFO 10/1/2020, 4:10:09 PM  [focus] 1
INFO 10/1/2020, 4:13:48 PM  [blur] 1
INFO 10/1/2020, 4:15:04 PM  [focus] 1
INFO 10/1/2020, 4:33:14 PM  [blur] 1
INFO 10/1/2020, 4:33:15 PM  [focus] 1
INFO 10/1/2020, 4:33:20 PM  [blur] 1
INFO 10/1/2020, 4:33:57 PM  [focus] 1
INFO 10/1/2020, 4:33:57 PM  [blur] 1
INFO 10/1/2020, 4:34:01 PM  [focus] 1
INFO 10/1/2020, 4:37:57 PM  [blur] 1
INFO 10/1/2020, 4:38:20 PM  [focus] 1
INFO 10/1/2020, 4:41:45 PM  [blur] 1
INFO 10/1/2020, 4:43:03 PM  [focus] 1
INFO 10/1/2020, 4:45:01 PM  [blur] 1
INFO 10/1/2020, 4:45:30 PM  [focus] 1
INFO 10/1/2020, 4:52:13 PM  [blur] 1
INFO 10/1/2020, 4:53:54 PM  [focus] 1
INFO 10/1/2020, 4:57:29 PM  [blur] 1
INFO 10/1/2020, 4:58:15 PM  [focus] 1
INFO 10/1/2020, 4:58:17 PM  [blur] 1
INFO 10/1/2020, 4:58:17 PM  [focus] 1
INFO 10/1/2020, 4:59:24 PM  [blur] 1
INFO 10/1/2020, 4:59:36 PM  [focus] 1
INFO 10/1/2020, 5:07:20 PM  [blur] 1
INFO 10/1/2020, 5:07:49 PM  [focus] 1
INFO 10/1/2020, 5:09:10 PM  [blur] 1
INFO 10/1/2020, 5:09:42 PM  [focus] 1
INFO 10/1/2020, 5:25:19 PM  [blur] 1
INFO 10/1/2020, 5:25:38 PM  [focus] 1
INFO 10/1/2020, 5:31:55 PM  [blur] 1
INFO 10/1/2020, 5:32:10 PM  [focus] 1
INFO 10/1/2020, 5:36:02 PM  [blur] 1
INFO 10/1/2020, 5:36:02 PM  [focus] 1
INFO 10/1/2020, 5:36:06 PM  [blur] 1
INFO 10/1/2020, 5:36:18 PM  [focus] 1
INFO 10/1/2020, 5:40:36 PM  [blur] 1
INFO 10/1/2020, 5:40:49 PM  [focus] 1
INFO 10/1/2020, 5:41:21 PM  [blur] 1
INFO 10/1/2020, 5:41:39 PM  [focus] 1
INFO 10/1/2020, 5:48:49 PM  ----------------before-quit-----------------
INFO 10/1/2020, 5:48:49 PM  ------------------will-quit------------------
INFO 10/3/2020, 6:56:29 PM  ------------------start------------------
INFO 10/3/2020, 6:56:29 PM  typora version: 0.9.95
DEBUG 10/3/2020, 6:56:29 PM  [
  '/usr/share/typora/Typora',
  '/home/jfitzhugh/Dropbox/church/discipleship/reunion/reunion-sermon-role.md'
]
DEBUG 10/3/2020, 6:56:29 PM  app.openFile
INFO 10/3/2020, 6:56:29 PM  addRecentDocument
INFO 10/3/2020, 6:56:29 PM  [Raven] instanceKey = 4fdf2e2c-f24f-44cd-9df4-556d28bdaa4c
INFO 10/3/2020, 6:56:29 PM  [Raven] userId = 1f4e5044-39e0-455b-b46f-008f4b327bb2
INFO 10/3/2020, 6:56:30 PM  [focus] 1
INFO 10/3/2020, 6:56:42 PM  [blur] 1
INFO 10/3/2020, 6:56:50 PM  [focus] 1
INFO 10/3/2020, 7:19:08 PM  [blur] 1
INFO 10/3/2020, 7:19:35 PM  [focus] 1
INFO 10/3/2020, 7:29:58 PM  [blur] 1
INFO 10/3/2020, 7:30:38 PM  [focus] 1
INFO 10/3/2020, 7:30:54 PM  [blur] 1
INFO 10/3/2020, 7:31:47 PM  [focus] 1
INFO 10/3/2020, 7:33:48 PM  [blur] 1
INFO 10/3/2020, 7:34:23 PM  [focus] 1
INFO 10/3/2020, 7:44:12 PM  [blur] 1
INFO 10/3/2020, 7:44:24 PM  [focus] 1
INFO 10/3/2020, 7:44:59 PM  [blur] 1
INFO 10/3/2020, 7:44:59 PM  [focus] 1
INFO 10/3/2020, 7:44:59 PM  [blur] 1
INFO 10/3/2020, 7:46:20 PM  [focus] 1
INFO 10/3/2020, 7:49:38 PM  [blur] 1
INFO 10/3/2020, 7:49:58 PM  [focus] 1
INFO 10/3/2020, 7:51:37 PM  [blur] 1
INFO 10/3/2020, 7:51:40 PM  [focus] 1
INFO 10/3/2020, 7:52:32 PM  [blur] 1
INFO 10/3/2020, 7:52:53 PM  [focus] 1
INFO 10/3/2020, 7:53:35 PM  [blur] 1
INFO 10/3/2020, 7:54:33 PM  [focus] 1
INFO 10/3/2020, 7:54:33 PM  [blur] 1
INFO 10/3/2020, 7:54:47 PM  [focus] 1
INFO 10/3/2020, 7:54:47 PM  [blur] 1
INFO 10/3/2020, 7:55:37 PM  [focus] 1
INFO 10/3/2020, 7:57:24 PM  [blur] 1
INFO 10/3/2020, 7:57:27 PM  [focus] 1
INFO 10/3/2020, 8:03:42 PM  [blur] 1
INFO 10/3/2020, 8:03:56 PM  [focus] 1
INFO 10/3/2020, 8:03:57 PM  [blur] 1
INFO 10/3/2020, 8:04:00 PM  [focus] 1
INFO 10/3/2020, 8:04:00 PM  [blur] 1
INFO 10/3/2020, 8:04:05 PM  [focus] 1
INFO 10/3/2020, 8:04:06 PM  [blur] 1
INFO 10/3/2020, 8:04:59 PM  [focus] 1
INFO 10/3/2020, 8:05:41 PM  [blur] 1
INFO 10/3/2020, 8:06:00 PM  [focus] 1
INFO 10/3/2020, 8:10:00 PM  [blur] 1
INFO 10/3/2020, 8:10:18 PM  [focus] 1
INFO 10/3/2020, 8:10:44 PM  [blur] 1
INFO 10/3/2020, 8:10:55 PM  [focus] 1
INFO 10/3/2020, 8:10:57 PM  [blur] 1
INFO 10/3/2020, 8:11:13 PM  [focus] 1
INFO 10/3/2020, 8:12:13 PM  [blur] 1
INFO 10/3/2020, 8:12:53 PM  [focus] 1
INFO 10/3/2020, 8:13:25 PM  [blur] 1
INFO 10/3/2020, 8:13:51 PM  [focus] 1
INFO 10/3/2020, 8:13:58 PM  [blur] 1
INFO 10/3/2020, 8:13:59 PM  [focus] 1
INFO 10/3/2020, 8:14:00 PM  [blur] 1
INFO 10/3/2020, 8:14:25 PM  [focus] 1
INFO 10/3/2020, 8:17:33 PM  [blur] 1
INFO 10/3/2020, 8:17:52 PM  [focus] 1
INFO 10/3/2020, 8:20:18 PM  [blur] 1
INFO 10/3/2020, 8:20:23 PM  [focus] 1
INFO 10/3/2020, 8:26:19 PM  [blur] 1
INFO 10/3/2020, 8:26:50 PM  [focus] 1
INFO 10/3/2020, 8:26:51 PM  [blur] 1
INFO 10/3/2020, 8:27:07 PM  [focus] 1
INFO 10/3/2020, 8:28:39 PM  [blur] 1
INFO 10/3/2020, 8:28:48 PM  [focus] 1
INFO 10/3/2020, 8:29:55 PM  [blur] 1
INFO 10/3/2020, 8:30:17 PM  [focus] 1
INFO 10/3/2020, 8:30:48 PM  [blur] 1
INFO 10/3/2020, 8:31:07 PM  [focus] 1
INFO 10/3/2020, 8:32:13 PM  [blur] 1
INFO 10/3/2020, 8:32:43 PM  [focus] 1
INFO 10/3/2020, 8:32:49 PM  [blur] 1
INFO 10/3/2020, 8:34:06 PM  [focus] 1
INFO 10/3/2020, 8:38:34 PM  [blur] 1
INFO 10/3/2020, 8:38:56 PM  [focus] 1
INFO 10/3/2020, 8:40:21 PM  [blur] 1
INFO 10/3/2020, 8:40:39 PM  [focus] 1
INFO 10/3/2020, 8:41:33 PM  [blur] 1
INFO 10/3/2020, 8:41:58 PM  [focus] 1
INFO 10/3/2020, 8:45:11 PM  [blur] 1
INFO 10/3/2020, 8:46:24 PM  [focus] 1
INFO 10/3/2020, 8:48:51 PM  [blur] 1
INFO 10/3/2020, 8:49:14 PM  [focus] 1
INFO 10/3/2020, 8:51:36 PM  [blur] 1
INFO 10/3/2020, 8:52:41 PM  [focus] 1
INFO 10/3/2020, 8:52:48 PM  [blur] 1
INFO 10/3/2020, 8:53:11 PM  [focus] 1
INFO 10/3/2020, 8:53:15 PM  [blur] 1
INFO 10/3/2020, 8:53:37 PM  [focus] 1
INFO 10/3/2020, 8:58:10 PM  [blur] 1
INFO 10/3/2020, 8:58:15 PM  [focus] 1
INFO 10/3/2020, 9:03:52 PM  [blur] 1
INFO 10/3/2020, 9:04:06 PM  [focus] 1
INFO 10/3/2020, 9:04:41 PM  [blur] 1
INFO 10/3/2020, 9:04:45 PM  [focus] 1
INFO 10/3/2020, 9:04:50 PM  [blur] 1
INFO 10/3/2020, 9:04:57 PM  [focus] 1
INFO 10/3/2020, 9:07:17 PM  [blur] 1
INFO 10/3/2020, 9:07:22 PM  [focus] 1
INFO 10/3/2020, 9:09:07 PM  [blur] 1
INFO 10/3/2020, 9:09:13 PM  [focus] 1
INFO 10/3/2020, 9:11:24 PM  [blur] 1
INFO 10/3/2020, 9:11:43 PM  [focus] 1
INFO 10/3/2020, 9:12:12 PM  [blur] 1
INFO 10/3/2020, 9:12:21 PM  [focus] 1
INFO 10/3/2020, 9:12:25 PM  [blur] 1
INFO 10/3/2020, 9:12:30 PM  [focus] 1
INFO 10/3/2020, 9:15:09 PM  [blur] 1
INFO 10/3/2020, 9:15:19 PM  [focus] 1
INFO 10/3/2020, 9:18:21 PM  [blur] 1
INFO 10/3/2020, 9:18:24 PM  [focus] 1
INFO 10/3/2020, 9:18:29 PM  [blur] 1
INFO 10/3/2020, 9:18:45 PM  [focus] 1
INFO 10/3/2020, 9:20:49 PM  [blur] 1
INFO 10/3/2020, 9:21:11 PM  [focus] 1
INFO 10/3/2020, 9:26:39 PM  [blur] 1
INFO 10/3/2020, 9:26:40 PM  [focus] 1
INFO 10/3/2020, 9:26:40 PM  [blur] 1
INFO 10/3/2020, 9:26:52 PM  [focus] 1
INFO 10/3/2020, 9:47:03 PM  [RenderProcess 1][Warn] Error: spawn pandoc ENOENT
    at Process.ChildProcess._handle.onexit (internal/child_process.js:264:19)
    at onErrorNT (internal/child_process.js:456:16)
    at processTicksAndRejections (internal/process/task_queues.js:81:21)
INFO 10/3/2020, 9:47:09 PM  [blur] 1
INFO 10/3/2020, 9:49:42 PM  [focus] 1
INFO 10/3/2020, 9:49:45 PM  [blur] 1
INFO 10/3/2020, 9:55:48 PM  [focus] 1
INFO 10/3/2020, 9:55:51 PM  ----------------before-quit-----------------
INFO 10/3/2020, 9:55:51 PM  ------------------will-quit------------------
INFO 10/4/2020, 6:09:41 AM  ------------------start------------------
INFO 10/4/2020, 6:09:41 AM  typora version: 0.9.95
DEBUG 10/4/2020, 6:09:41 AM  [
  '/usr/share/typora/Typora',
  '/home/jfitzhugh/Dropbox/church/discipleship/reunion/reunion-sermon-role.md'
]
DEBUG 10/4/2020, 6:09:41 AM  app.openFile
INFO 10/4/2020, 6:09:41 AM  addRecentDocument
INFO 10/4/2020, 6:09:41 AM  [Raven] instanceKey = fb5990c0-a1a0-4719-8157-e5cb2f92ab04
INFO 10/4/2020, 6:09:41 AM  [Raven] userId = 1f4e5044-39e0-455b-b46f-008f4b327bb2
INFO 10/4/2020, 6:09:42 AM  [focus] 1
INFO 10/4/2020, 6:09:53 AM  [blur] 1
INFO 10/5/2020, 11:10:57 AM  [focus] 1
INFO 10/5/2020, 11:11:01 AM  ----------------before-quit-----------------
INFO 10/5/2020, 11:11:01 AM  ------------------will-quit------------------
INFO 10/9/2020, 10:49:08 AM  ------------------start------------------
INFO 10/9/2020, 10:49:08 AM  typora version: 0.9.95
DEBUG 10/9/2020, 10:49:09 AM  [ '/usr/share/typora/Typora' ]
INFO 10/9/2020, 10:49:09 AM  [Raven] instanceKey = bf70e8b1-d3c9-4c7a-a9e8-b5f421cff5d1
DEBUG 10/9/2020, 10:49:09 AM  app.openFile
INFO 10/9/2020, 10:49:09 AM  [Raven] userId = 1f4e5044-39e0-455b-b46f-008f4b327bb2
INFO 10/9/2020, 10:49:09 AM  [focus] 1
INFO 10/9/2020, 10:53:11 AM  [blur] 1
INFO 10/9/2020, 10:53:12 AM  [focus] 1
INFO 10/9/2020, 10:53:12 AM  [blur] 1
INFO 10/9/2020, 10:53:27 AM  [focus] 1
INFO 10/9/2020, 10:53:27 AM  [blur] 1
INFO 10/9/2020, 10:53:27 AM  [focus] 1
INFO 10/9/2020, 10:53:27 AM  [blur] 1
INFO 10/9/2020, 10:53:27 AM  [focus] 1
INFO 10/9/2020, 10:53:28 AM  addRecentDocument
INFO 10/9/2020, 10:53:29 AM  [blur] 1
INFO 10/9/2020, 10:54:04 AM  [focus] 1
INFO 10/9/2020, 10:54:34 AM  [blur] 1
INFO 10/9/2020, 10:54:36 AM  [focus] 1
INFO 10/9/2020, 10:54:36 AM  [blur] 1
INFO 10/9/2020, 10:54:38 AM  [focus] 1
INFO 10/9/2020, 10:54:38 AM  [blur] 1
INFO 10/9/2020, 10:54:38 AM  [focus] 1
INFO 10/9/2020, 10:54:38 AM  [blur] 1
INFO 10/9/2020, 10:54:38 AM  [focus] 1
INFO 10/9/2020, 10:54:41 AM  ----------------before-quit-----------------
INFO 10/9/2020, 10:54:41 AM  ------------------will-quit------------------
INFO 10/11/2020, 6:42:57 AM  ------------------start------------------
INFO 10/11/2020, 6:42:57 AM  typora version: 0.9.95
DEBUG 10/11/2020, 6:42:57 AM  [
  '/usr/share/typora/Typora',
  '/home/jfitzhugh/Dropbox/church/discipleship/reunion/ES-reunion-sermon-role.md'
]
DEBUG 10/11/2020, 6:42:57 AM  app.openFile
INFO 10/11/2020, 6:42:57 AM  addRecentDocument
INFO 10/11/2020, 6:42:57 AM  [Raven] instanceKey = 4b7b4eb2-e0b3-46e1-870d-b5f7a8506c54
INFO 10/11/2020, 6:42:57 AM  [Raven] userId = 1f4e5044-39e0-455b-b46f-008f4b327bb2
INFO 10/11/2020, 6:42:58 AM  [focus] 1
INFO 10/11/2020, 6:54:25 AM  [blur] 1
INFO 10/11/2020, 6:58:19 AM  [focus] 1
DEBUG 10/11/2020, 6:58:21 AM  app.openFile
INFO 10/11/2020, 6:58:21 AM  [blur] 1
INFO 10/11/2020, 6:58:21 AM  [focus] 2
INFO 10/11/2020, 6:58:58 AM  [blur] 2
INFO 10/11/2020, 6:59:59 AM  [focus] 2
INFO 10/11/2020, 7:00:59 AM  [blur] 2
INFO 10/11/2020, 7:01:29 AM  [focus] 2
INFO 10/11/2020, 7:01:50 AM  [blur] 2
INFO 10/11/2020, 7:02:00 AM  [focus] 2
INFO 10/11/2020, 7:02:56 AM  [blur] 2
INFO 10/11/2020, 7:03:40 AM  [focus] 2
INFO 10/11/2020, 7:04:49 AM  [blur] 2
INFO 10/11/2020, 7:05:07 AM  [focus] 2
INFO 10/11/2020, 7:12:55 AM  [blur] 2
INFO 10/11/2020, 7:13:01 AM  [focus] 2
INFO 10/11/2020, 7:18:19 AM  [blur] 2
INFO 10/11/2020, 7:18:19 AM  [focus] 2
INFO 10/11/2020, 7:18:19 AM  [blur] 2
INFO 10/11/2020, 7:18:19 AM  [focus] 2
INFO 10/11/2020, 7:18:19 AM  [blur] 2
INFO 10/11/2020, 7:18:19 AM  [focus] 2
INFO 10/11/2020, 7:18:21 AM  [blur] 2
INFO 10/11/2020, 7:18:54 AM  [focus] 2
INFO 10/11/2020, 7:18:54 AM  [blur] 2
INFO 10/11/2020, 7:18:54 AM  [focus] 2
INFO 10/11/2020, 7:18:54 AM  [blur] 2
INFO 10/11/2020, 7:18:54 AM  [focus] 2
INFO 10/11/2020, 7:18:54 AM  addRecentDocument
INFO 10/11/2020, 7:18:54 AM  [blur] 2
INFO 10/11/2020, 7:18:55 AM  [focus] 2
INFO 10/11/2020, 7:18:59 AM  [focus] 1
INFO 10/11/2020, 7:18:59 AM  [blur] 1
INFO 10/11/2020, 7:18:59 AM  [focus] 1
INFO 10/11/2020, 7:18:59 AM  [blur] 1
INFO 10/11/2020, 7:18:59 AM  [focus] 1
INFO 10/11/2020, 7:19:03 AM  [blur] 1
INFO 10/11/2020, 7:19:04 AM  [focus] 1
INFO 10/11/2020, 7:19:08 AM  [blur] 1
INFO 10/11/2020, 7:19:20 AM  [focus] 1
INFO 10/11/2020, 7:19:47 AM  [blur] 1
INFO 10/11/2020, 7:19:58 AM  [focus] 1
INFO 10/11/2020, 7:20:36 AM  [blur] 1
INFO 10/11/2020, 7:21:19 AM  [focus] 1
INFO 10/11/2020, 7:24:44 AM  [blur] 1
INFO 10/11/2020, 7:24:45 AM  [focus] 1
INFO 10/11/2020, 7:24:46 AM  [blur] 1
INFO 10/11/2020, 7:24:48 AM  [focus] 1
INFO 10/11/2020, 7:24:48 AM  [blur] 1
INFO 10/11/2020, 7:24:48 AM  [focus] 1
INFO 10/11/2020, 7:24:48 AM  [blur] 1
INFO 10/11/2020, 7:24:48 AM  [focus] 1
INFO 10/11/2020, 7:24:52 AM  ----------------before-quit-----------------
INFO 10/11/2020, 7:24:52 AM  ------------------will-quit------------------
INFO 10/11/2020, 7:38:11 AM  ------------------start------------------
INFO 10/11/2020, 7:38:11 AM  typora version: 0.9.95
DEBUG 10/11/2020, 7:38:11 AM  [ '/usr/share/typora/Typora' ]
INFO 10/11/2020, 7:38:11 AM  [Raven] instanceKey = e9c90efe-cba2-4a1a-aeb4-c051d73f8b8d
DEBUG 10/11/2020, 7:38:11 AM  app.openFile
INFO 10/11/2020, 7:38:11 AM  [Raven] userId = 1f4e5044-39e0-455b-b46f-008f4b327bb2
INFO 10/11/2020, 7:38:11 AM  [focus] 1
DEBUG 10/11/2020, 7:38:17 AM  app.openFile
INFO 10/11/2020, 7:38:17 AM  switchDocument
INFO 10/11/2020, 7:38:17 AM  addRecentDocument
INFO 10/11/2020, 7:39:15 AM  [blur] 1
INFO 10/11/2020, 7:39:17 AM  [focus] 1
INFO 10/11/2020, 7:39:17 AM  [blur] 1
INFO 10/11/2020, 7:39:17 AM  [focus] 1
INFO 10/11/2020, 7:39:17 AM  [blur] 1
INFO 10/11/2020, 7:39:17 AM  [focus] 1
INFO 10/11/2020, 7:39:21 AM  [blur] 1
INFO 10/11/2020, 7:39:23 AM  [focus] 1
INFO 10/11/2020, 7:39:23 AM  [blur] 1
INFO 10/11/2020, 7:39:23 AM  [focus] 1
INFO 10/11/2020, 7:39:23 AM  [blur] 1
INFO 10/11/2020, 7:39:23 AM  [focus] 1
INFO 10/11/2020, 7:39:28 AM  ----------------before-quit-----------------
INFO 10/11/2020, 7:39:28 AM  ------------------will-quit------------------
INFO 10/22/2020, 3:16:02 PM  ------------------start------------------
INFO 10/22/2020, 3:16:02 PM  typora version: 0.9.95
DEBUG 10/22/2020, 3:16:02 PM  [ '/usr/share/typora/Typora' ]
INFO 10/22/2020, 3:16:02 PM  [Raven] instanceKey = b91dec44-0f6e-450f-92ca-1a5e314edbc2
DEBUG 10/22/2020, 3:16:02 PM  app.openFile
INFO 10/22/2020, 3:16:02 PM  [Raven] userId = 1f4e5044-39e0-455b-b46f-008f4b327bb2
INFO 10/22/2020, 3:16:02 PM  [focus] 1
INFO 10/22/2020, 3:16:05 PM  [blur] 1
INFO 10/22/2020, 3:39:33 PM  [focus] 1
INFO 10/22/2020, 3:39:36 PM  [blur] 1
INFO 10/22/2020, 3:40:12 PM  [focus] 1
INFO 10/22/2020, 3:40:12 PM  [blur] 1
INFO 10/22/2020, 3:40:12 PM  [focus] 1
INFO 10/22/2020, 3:40:12 PM  [blur] 1
INFO 10/22/2020, 3:40:12 PM  [focus] 1
INFO 10/22/2020, 3:40:12 PM  addRecentDocument
INFO 10/22/2020, 3:40:16 PM  [blur] 1
INFO 10/22/2020, 4:01:01 PM  [focus] 1
INFO 10/22/2020, 4:01:04 PM  ----------------before-quit-----------------
INFO 10/22/2020, 4:01:04 PM  ------------------will-quit------------------
INFO 10/25/2020, 5:51:51 PM  ------------------start------------------
INFO 10/25/2020, 5:51:51 PM  typora version: 0.9.95
DEBUG 10/25/2020, 5:51:51 PM  [ '/usr/share/typora/Typora' ]
INFO 10/25/2020, 5:51:51 PM  [Raven] instanceKey = 912d861f-eb5c-489b-9b81-d9e0ca9e8c6b
DEBUG 10/25/2020, 5:51:51 PM  app.openFile
INFO 10/25/2020, 5:51:51 PM  [Raven] userId = 1f4e5044-39e0-455b-b46f-008f4b327bb2
INFO 10/25/2020, 5:51:51 PM  [focus] 1
INFO 10/25/2020, 5:52:20 PM  [blur] 1
INFO 10/25/2020, 5:52:44 PM  [focus] 1
INFO 10/25/2020, 5:52:44 PM  [blur] 1
INFO 10/25/2020, 5:52:44 PM  [focus] 1
INFO 10/25/2020, 5:52:44 PM  [blur] 1
INFO 10/25/2020, 5:52:44 PM  [focus] 1
INFO 10/25/2020, 5:52:44 PM  addRecentDocument
INFO 10/25/2020, 5:52:49 PM  [blur] 1
INFO 10/25/2020, 5:52:51 PM  [focus] 1
INFO 10/25/2020, 5:52:51 PM  [blur] 1
INFO 10/25/2020, 5:52:52 PM  [focus] 1
INFO 10/25/2020, 5:52:52 PM  [blur] 1
INFO 10/25/2020, 5:52:52 PM  [focus] 1
INFO 10/25/2020, 5:52:52 PM  [blur] 1
INFO 10/25/2020, 5:52:52 PM  [focus] 1
INFO 10/25/2020, 5:52:55 PM  ----------------before-quit-----------------
INFO 10/25/2020, 5:52:55 PM  ------------------will-quit------------------
INFO 10/26/2020, 3:42:29 PM  ------------------start------------------
INFO 10/26/2020, 3:42:29 PM  typora version: 0.9.95
DEBUG 10/26/2020, 3:42:29 PM  [
  '/usr/share/typora/Typora',
  '/home/jfitzhugh/Dropbox/journal/class-email.md'
]
DEBUG 10/26/2020, 3:42:29 PM  app.openFile
INFO 10/26/2020, 3:42:29 PM  addRecentDocument
INFO 10/26/2020, 3:42:29 PM  [Raven] instanceKey = 32f6bee2-b870-4705-acb0-ed4536618e5a
INFO 10/26/2020, 3:42:29 PM  [Raven] userId = 1f4e5044-39e0-455b-b46f-008f4b327bb2
INFO 10/26/2020, 3:42:29 PM  [focus] 1
INFO 10/26/2020, 4:00:54 PM  [blur] 1
INFO 10/26/2020, 4:00:55 PM  [focus] 1
INFO 10/26/2020, 4:00:55 PM  [blur] 1
INFO 10/26/2020, 4:00:57 PM  [focus] 1
INFO 10/26/2020, 4:02:18 PM  [blur] 1
INFO 10/26/2020, 4:03:03 PM  [focus] 1
INFO 10/26/2020, 4:03:04 PM  [blur] 1
INFO 10/26/2020, 4:04:36 PM  [focus] 1
INFO 10/26/2020, 4:04:39 PM  [blur] 1
INFO 10/26/2020, 4:05:03 PM  [focus] 1
INFO 10/26/2020, 4:05:06 PM  [blur] 1
INFO 10/26/2020, 4:18:44 PM  [focus] 1
INFO 10/26/2020, 4:18:44 PM  [blur] 1
INFO 10/26/2020, 4:18:44 PM  [focus] 1
INFO 10/26/2020, 4:18:45 PM  [blur] 1
INFO 10/26/2020, 4:18:45 PM  [focus] 1
INFO 10/26/2020, 4:18:45 PM  [blur] 1
INFO 10/26/2020, 4:18:45 PM  [focus] 1
INFO 10/26/2020, 4:18:59 PM  [blur] 1
INFO 10/26/2020, 5:28:18 PM  [focus] 1
INFO 10/26/2020, 5:28:18 PM  [blur] 1
INFO 10/26/2020, 5:28:19 PM  [focus] 1
INFO 10/26/2020, 5:28:23 PM  ----------------before-quit-----------------
INFO 10/26/2020, 5:28:23 PM  ------------------will-quit------------------
INFO 10/28/2020, 3:16:19 PM  luanchFromDiffVersion, pre version is 0.9.95
INFO 10/28/2020, 3:16:19 PM  overwriteThemeFolder
INFO 10/28/2020, 3:16:19 PM  ------------------start------------------
INFO 10/28/2020, 3:16:19 PM  typora version: 0.9.96
DEBUG 10/28/2020, 3:16:19 PM  [
  '/usr/share/typora/Typora',
  '/home/jfitzhugh/Dropbox/church/admin/personnel/hiring/fbc-employee-handbook-draft.md'
]
DEBUG 10/28/2020, 3:16:19 PM  app.openFile
INFO 10/28/2020, 3:16:19 PM  addRecentDocument
INFO 10/28/2020, 3:16:19 PM  [Raven] instanceKey = 20d1a821-2835-4f77-a9eb-8628e3375199
INFO 10/28/2020, 3:16:19 PM  [Raven] userId = 1f4e5044-39e0-455b-b46f-008f4b327bb2
INFO 10/28/2020, 3:16:20 PM  [focus] 1
INFO 10/28/2020, 3:18:17 PM  [blur] 1
INFO 10/28/2020, 3:18:50 PM  [focus] 1
INFO 10/28/2020, 3:18:51 PM  [blur] 1
INFO 10/28/2020, 5:43:35 PM  got argv [typora /home/jfitzhugh/Dropbox/church/admin/personnel/hiring/fbc-employee-handbook-draft.md] from secondary instance
DEBUG 10/28/2020, 5:43:35 PM  app.openFile
INFO 10/28/2020, 5:43:35 PM  secondary instance would exit
INFO 10/28/2020, 5:43:37 PM  [focus] 1
INFO 10/28/2020, 5:43:39 PM  [blur] 1
INFO 10/28/2020, 5:43:39 PM  [focus] 1
INFO 10/28/2020, 5:43:40 PM  [blur] 1
INFO 10/28/2020, 5:44:18 PM  [focus] 1
INFO 10/28/2020, 5:44:29 PM  [blur] 1
INFO 10/28/2020, 5:45:27 PM  [focus] 1
INFO 10/28/2020, 5:45:49 PM  [blur] 1
INFO 10/29/2020, 3:07:20 PM  [focus] 1
INFO 10/29/2020, 3:07:20 PM  [blur] 1
INFO 10/29/2020, 3:07:20 PM  [focus] 1
INFO 10/29/2020, 3:07:20 PM  [blur] 1
INFO 10/29/2020, 3:07:20 PM  [focus] 1
INFO 10/29/2020, 3:07:28 PM  ----------------before-quit-----------------
INFO 10/29/2020, 3:07:28 PM  ------------------will-quit------------------
INFO 11/15/2020, 6:47:47 AM  ------------------start------------------
INFO 11/15/2020, 6:47:47 AM  typora version: 0.9.96
DEBUG 11/15/2020, 6:47:47 AM  [
  '/usr/share/typora/Typora',
  '/home/jfitzhugh/Dropbox/journal/bible/newt/romans/romans02b-keller.md'
]
DEBUG 11/15/2020, 6:47:47 AM  app.openFile
INFO 11/15/2020, 6:47:47 AM  addRecentDocument
INFO 11/15/2020, 6:47:47 AM  [Raven] instanceKey = c9a34ac5-177c-42ff-a53d-50a6b0a1de4a
INFO 11/15/2020, 6:47:47 AM  [Raven] userId = 1f4e5044-39e0-455b-b46f-008f4b327bb2
INFO 11/15/2020, 6:47:48 AM  [focus] 1
INFO 11/15/2020, 6:47:58 AM  [blur] 1
INFO 11/15/2020, 6:48:00 AM  [focus] 1
INFO 11/15/2020, 6:48:00 AM  [blur] 1
INFO 11/15/2020, 6:48:00 AM  [focus] 1
INFO 11/15/2020, 6:48:00 AM  [blur] 1
INFO 11/15/2020, 6:48:00 AM  [focus] 1
INFO 11/15/2020, 6:48:00 AM  load file [/tmp/1605444480298-0.6823848292790906.html] for PDF export
INFO 11/15/2020, 6:48:01 AM  [blur] 1
INFO 11/15/2020, 6:48:01 AM  generate print window with id 2
INFO 11/15/2020, 6:48:05 AM  [focus] 1
INFO 11/15/2020, 6:48:05 AM  [blur] 1
INFO 11/15/2020, 6:48:05 AM  [focus] 1
INFO 11/15/2020, 6:48:05 AM  [blur] 1
INFO 11/15/2020, 6:48:05 AM  [focus] 1
INFO 11/15/2020, 6:48:05 AM  [RenderProcess 1][Log] export PDF to /home/jfitzhugh/Dropbox/journal/bible/newt/romans/romans02b-keller.pdf
INFO 11/15/2020, 6:49:02 AM  [blur] 1
INFO 11/15/2020, 6:50:35 AM  [focus] 1
INFO 11/15/2020, 6:50:42 AM  switchDocument
INFO 11/15/2020, 6:50:42 AM  addRecentDocument
INFO 11/15/2020, 6:52:11 AM  switchDocument
INFO 11/15/2020, 6:52:11 AM  addRecentDocument
INFO 11/15/2020, 6:52:15 AM  switchDocument
INFO 11/15/2020, 6:52:15 AM  addRecentDocument
INFO 11/15/2020, 6:52:23 AM  [blur] 1
INFO 11/15/2020, 6:52:24 AM  [focus] 1
INFO 11/15/2020, 6:52:24 AM  [blur] 1
INFO 11/15/2020, 6:52:24 AM  [focus] 1
INFO 11/15/2020, 6:52:24 AM  [blur] 1
INFO 11/15/2020, 6:52:24 AM  [focus] 1
INFO 11/15/2020, 6:52:24 AM  load file [/tmp/1605444744884-0.9768757815745588.html] for PDF export
INFO 11/15/2020, 6:52:25 AM  [blur] 1
INFO 11/15/2020, 6:52:25 AM  generate print window with id 3
INFO 11/15/2020, 6:52:25 AM  [focus] 1
INFO 11/15/2020, 6:52:26 AM  [blur] 1
INFO 11/15/2020, 6:52:28 AM  [focus] 1
INFO 11/15/2020, 6:52:28 AM  [blur] 1
INFO 11/15/2020, 6:52:28 AM  [focus] 1
INFO 11/15/2020, 6:52:28 AM  [blur] 1
INFO 11/15/2020, 6:52:28 AM  [focus] 1
INFO 11/15/2020, 6:52:28 AM  [RenderProcess 1][Log] export PDF to /home/jfitzhugh/Dropbox/journal/bible/newt/romans/romans03a-moo.pdf
INFO 11/15/2020, 6:52:31 AM  switchDocument
INFO 11/15/2020, 6:52:31 AM  addRecentDocument
DEBUG 11/15/2020, 6:52:31 AM  lastSync null, timestamp 1605444731306, mtime 1605413542000
INFO 11/15/2020, 6:52:41 AM  [blur] 1
INFO 11/15/2020, 6:52:43 AM  [focus] 1
INFO 11/15/2020, 6:52:43 AM  [blur] 1
INFO 11/15/2020, 6:52:43 AM  [focus] 1
INFO 11/15/2020, 6:52:43 AM  [blur] 1
INFO 11/15/2020, 6:52:43 AM  [focus] 1
INFO 11/15/2020, 6:52:43 AM  load file [/tmp/1605444763054-0.4198296841753131.html] for PDF export
INFO 11/15/2020, 6:52:43 AM  [blur] 1
INFO 11/15/2020, 6:52:43 AM  generate print window with id 4
INFO 11/15/2020, 6:52:44 AM  [focus] 1
INFO 11/15/2020, 6:52:44 AM  [blur] 1
INFO 11/15/2020, 6:52:44 AM  [focus] 1
INFO 11/15/2020, 6:52:44 AM  [blur] 1
INFO 11/15/2020, 6:52:44 AM  [focus] 1
INFO 11/15/2020, 6:52:44 AM  [RenderProcess 1][Log] export PDF to /home/jfitzhugh/Dropbox/journal/bible/newt/romans/romans03a-keller.pdf
INFO 11/15/2020, 6:52:48 AM  switchDocument
INFO 11/15/2020, 6:52:48 AM  addRecentDocument
INFO 11/15/2020, 6:52:50 AM  [blur] 1
INFO 11/15/2020, 6:52:58 AM  [focus] 1
INFO 11/15/2020, 6:52:59 AM  [blur] 1
INFO 11/15/2020, 6:53:05 AM  [focus] 1
INFO 11/15/2020, 6:53:06 AM  [blur] 1
INFO 11/15/2020, 7:12:10 AM  [focus] 1
INFO 11/15/2020, 7:12:13 AM  switchDocument
INFO 11/15/2020, 7:12:13 AM  addRecentDocument
INFO 11/15/2020, 7:12:23 AM  switchDocument
INFO 11/15/2020, 7:12:23 AM  addRecentDocument
INFO 11/15/2020, 7:12:27 AM  [blur] 1
INFO 11/15/2020, 7:12:31 AM  [focus] 1
INFO 11/15/2020, 7:12:44 AM  [blur] 1
INFO 11/15/2020, 7:13:35 AM  [focus] 1
INFO 11/15/2020, 7:13:54 AM  switchDocument
INFO 11/15/2020, 7:13:54 AM  addRecentDocument
INFO 11/15/2020, 7:14:21 AM  [blur] 1
INFO 11/15/2020, 7:14:25 AM  [focus] 1
INFO 11/15/2020, 7:14:27 AM  switchDocument
INFO 11/15/2020, 7:14:27 AM  addRecentDocument
DEBUG 11/15/2020, 7:14:27 AM  lastSync null, timestamp 1605446034384, mtime 1605413542000
INFO 11/15/2020, 7:14:39 AM  [blur] 1
INFO 11/15/2020, 7:14:53 AM  [focus] 1
INFO 11/15/2020, 7:14:57 AM  switchDocument
INFO 11/15/2020, 7:14:57 AM  addRecentDocument
DEBUG 11/15/2020, 7:14:57 AM  lastSync null, timestamp 1605446067698, mtime 1605412755000
INFO 11/15/2020, 7:15:09 AM  [blur] 1
INFO 11/15/2020, 7:15:16 AM  [focus] 1
INFO 11/15/2020, 7:15:17 AM  [blur] 1
INFO 11/15/2020, 7:18:17 AM  [focus] 1
INFO 11/15/2020, 7:18:18 AM  [blur] 1
INFO 11/15/2020, 7:20:58 AM  [focus] 1
INFO 11/15/2020, 7:21:05 AM  [blur] 1
INFO 11/15/2020, 7:21:09 AM  [focus] 1
INFO 11/15/2020, 7:21:38 AM  ----------------before-quit-----------------
INFO 11/15/2020, 7:21:38 AM  ------------------will-quit------------------
INFO 11/15/2020, 7:40:57 AM  ------------------start------------------
INFO 11/15/2020, 7:40:57 AM  typora version: 0.9.96
DEBUG 11/15/2020, 7:40:57 AM  [
  '/usr/share/typora/Typora',
  '/home/jfitzhugh/Dropbox/journal/bible/newt/romans/romans02b-moo.md'
]
DEBUG 11/15/2020, 7:40:57 AM  app.openFile
INFO 11/15/2020, 7:40:57 AM  addRecentDocument
INFO 11/15/2020, 7:40:57 AM  [Raven] instanceKey = 29839491-cde9-4038-ac7c-114ca611f182
INFO 11/15/2020, 7:40:57 AM  [Raven] userId = 1f4e5044-39e0-455b-b46f-008f4b327bb2
INFO 11/15/2020, 7:40:58 AM  [focus] 1
INFO 11/15/2020, 7:41:09 AM  ----------------before-quit-----------------
INFO 11/15/2020, 7:41:09 AM  ------------------will-quit------------------
INFO 11/15/2020, 7:41:18 AM  ------------------start------------------
INFO 11/15/2020, 7:41:18 AM  typora version: 0.9.96
DEBUG 11/15/2020, 7:41:18 AM  [
  '/usr/share/typora/Typora',
  '/home/jfitzhugh/Dropbox/journal/bible/newt/romans/romans03a-keller.md'
]
DEBUG 11/15/2020, 7:41:18 AM  app.openFile
INFO 11/15/2020, 7:41:18 AM  addRecentDocument
INFO 11/15/2020, 7:41:18 AM  [Raven] instanceKey = 5c2ebfb9-e959-4532-8a05-506c22dcf8da
INFO 11/15/2020, 7:41:18 AM  [Raven] userId = 1f4e5044-39e0-455b-b46f-008f4b327bb2
INFO 11/15/2020, 7:41:18 AM  [focus] 1
INFO 11/15/2020, 7:41:28 AM  ----------------before-quit-----------------
INFO 11/15/2020, 7:41:28 AM  ------------------will-quit------------------
INFO 11/15/2020, 7:42:29 AM  ------------------start------------------
INFO 11/15/2020, 7:42:29 AM  typora version: 0.9.96
DEBUG 11/15/2020, 7:42:29 AM  [
  '/usr/share/typora/Typora',
  '/home/jfitzhugh/Dropbox/journal/bible/newt/romans/romans03a-moo.md'
]
DEBUG 11/15/2020, 7:42:29 AM  app.openFile
INFO 11/15/2020, 7:42:29 AM  addRecentDocument
INFO 11/15/2020, 7:42:29 AM  [Raven] instanceKey = 78d28eb2-6f98-4c6c-a0e0-514b07e178f7
INFO 11/15/2020, 7:42:29 AM  [Raven] userId = 1f4e5044-39e0-455b-b46f-008f4b327bb2
INFO 11/15/2020, 7:42:30 AM  [focus] 1
INFO 11/15/2020, 7:42:43 AM  [blur] 1
INFO 11/15/2020, 7:42:53 AM  [focus] 1
INFO 11/15/2020, 7:43:00 AM  [blur] 1
INFO 11/15/2020, 7:43:23 AM  [focus] 1
INFO 11/15/2020, 7:43:30 AM  [blur] 1
INFO 11/15/2020, 7:43:54 AM  [focus] 1
INFO 11/15/2020, 7:44:06 AM  [blur] 1
INFO 11/15/2020, 7:44:22 AM  [focus] 1
INFO 11/15/2020, 7:44:29 AM  [blur] 1
INFO 11/15/2020, 7:44:37 AM  [focus] 1
INFO 11/15/2020, 7:44:39 AM  [blur] 1
INFO 11/15/2020, 7:45:03 AM  [focus] 1
INFO 11/15/2020, 7:45:12 AM  [blur] 1
INFO 11/15/2020, 7:45:26 AM  [focus] 1
INFO 11/15/2020, 7:45:36 AM  [blur] 1
INFO 11/15/2020, 7:45:56 AM  [focus] 1
INFO 11/15/2020, 7:46:01 AM  [blur] 1
INFO 11/15/2020, 7:47:48 AM  [focus] 1
INFO 11/15/2020, 7:47:50 AM  switchDocument
INFO 11/15/2020, 7:47:50 AM  addRecentDocument
INFO 11/15/2020, 7:48:04 AM  [blur] 1
INFO 11/15/2020, 7:48:28 AM  [focus] 1
INFO 11/15/2020, 7:48:33 AM  [blur] 1
INFO 11/15/2020, 7:48:43 AM  [focus] 1
INFO 11/15/2020, 7:48:50 AM  [blur] 1
INFO 11/15/2020, 7:49:36 AM  [focus] 1
INFO 11/15/2020, 7:49:43 AM  [blur] 1
INFO 11/15/2020, 7:49:57 AM  [focus] 1
INFO 11/15/2020, 7:50:03 AM  [blur] 1
INFO 11/15/2020, 7:50:22 AM  [focus] 1
INFO 11/15/2020, 7:50:26 AM  [blur] 1
INFO 11/15/2020, 7:50:50 AM  [focus] 1
INFO 11/15/2020, 7:50:55 AM  [blur] 1
INFO 11/15/2020, 7:53:03 AM  [focus] 1
INFO 11/15/2020, 7:53:07 AM  switchDocument
INFO 11/15/2020, 7:53:07 AM  addRecentDocument
INFO 11/15/2020, 7:53:08 AM  switchDocument
INFO 11/15/2020, 7:53:08 AM  addRecentDocument
INFO 11/15/2020, 7:53:12 AM  switchDocument
INFO 11/15/2020, 7:53:12 AM  addRecentDocument
DEBUG 11/15/2020, 7:53:12 AM  lastSync null, timestamp 1605448387816, mtime 1605444642855.167
INFO 11/15/2020, 7:53:17 AM  switchDocument
INFO 11/15/2020, 7:53:17 AM  addRecentDocument
INFO 11/15/2020, 7:53:18 AM  switchDocument
INFO 11/15/2020, 7:53:18 AM  addRecentDocument
DEBUG 11/15/2020, 7:53:18 AM  lastSync null, timestamp 1605448397633, mtime 1605444642855.167
INFO 11/15/2020, 7:53:27 AM  [RenderProcess 1][Warn] Error: spawn pandoc ENOENT
    at Process.ChildProcess._handle.onexit (internal/child_process.js:264:19)
    at onErrorNT (internal/child_process.js:456:16)
    at processTicksAndRejections (internal/process/task_queues.js:81:21)
DEBUG 11/15/2020, 7:53:35 AM  app.openFile
INFO 11/15/2020, 7:53:35 AM  addRecentDocument
INFO 11/15/2020, 7:53:35 AM  [blur] 1
INFO 11/15/2020, 7:53:35 AM  [focus] 2
INFO 11/15/2020, 7:53:46 AM  [focus] 1
INFO 11/15/2020, 7:53:46 AM  [blur] 1
INFO 11/15/2020, 7:53:46 AM  [focus] 1
INFO 11/15/2020, 7:53:46 AM  [blur] 1
INFO 11/15/2020, 7:53:46 AM  [focus] 1
INFO 11/15/2020, 7:53:48 AM  [blur] 1
INFO 11/15/2020, 7:55:54 AM  [focus] 1
INFO 11/15/2020, 7:56:38 AM  [blur] 1
INFO 11/15/2020, 7:56:42 AM  [focus] 1
INFO 11/15/2020, 7:56:44 AM  [blur] 1
INFO 11/15/2020, 7:56:54 AM  [focus] 1
INFO 11/15/2020, 7:57:00 AM  ----------------before-quit-----------------
INFO 11/15/2020, 7:57:00 AM  ------------------will-quit------------------
INFO 11/15/2020, 8:01:31 AM  ------------------start------------------
INFO 11/15/2020, 8:01:31 AM  typora version: 0.9.96
DEBUG 11/15/2020, 8:01:31 AM  [
  '/usr/share/typora/Typora',
  '/home/jfitzhugh/Dropbox/journal/bible/newt/romans/romans02b-keller.md'
]
DEBUG 11/15/2020, 8:01:31 AM  app.openFile
INFO 11/15/2020, 8:01:31 AM  addRecentDocument
INFO 11/15/2020, 8:01:31 AM  [Raven] instanceKey = 0f72e577-c805-4ca6-966f-1ab973a4c9da
INFO 11/15/2020, 8:01:31 AM  [Raven] userId = 1f4e5044-39e0-455b-b46f-008f4b327bb2
INFO 11/15/2020, 8:01:32 AM  [focus] 1
INFO 11/15/2020, 8:01:38 AM  [blur] 1
INFO 11/15/2020, 8:01:42 AM  [focus] 1
INFO 11/15/2020, 8:01:42 AM  [blur] 1
INFO 11/15/2020, 8:01:42 AM  [focus] 1
INFO 11/15/2020, 8:01:42 AM  [blur] 1
INFO 11/15/2020, 8:01:42 AM  [focus] 1
INFO 11/15/2020, 8:01:45 AM  ----------------before-quit-----------------
INFO 11/15/2020, 8:01:45 AM  ------------------will-quit------------------
INFO 11/15/2020, 11:55:32 AM  ------------------start------------------
INFO 11/15/2020, 11:55:32 AM  typora version: 0.9.96
DEBUG 11/15/2020, 11:55:32 AM  [
  '/usr/share/typora/Typora',
  '/home/jfitzhugh/Dropbox/journal/bible/newt/romans/romans03b-keller.md'
]
DEBUG 11/15/2020, 11:55:32 AM  app.openFile
INFO 11/15/2020, 11:55:32 AM  addRecentDocument
INFO 11/15/2020, 11:55:32 AM  [Raven] instanceKey = 08c2fa53-9969-4316-a918-8158ac39c944
INFO 11/15/2020, 11:55:32 AM  [Raven] userId = 1f4e5044-39e0-455b-b46f-008f4b327bb2
INFO 11/15/2020, 11:55:32 AM  [focus] 1
INFO 11/15/2020, 11:55:43 AM  ----------------before-quit-----------------
INFO 11/15/2020, 11:55:43 AM  ------------------will-quit------------------
INFO 11/22/2020, 6:48:43 AM  ------------------start------------------
INFO 11/22/2020, 6:48:43 AM  typora version: 0.9.96
DEBUG 11/22/2020, 6:48:43 AM  [
  '/usr/share/typora/Typora',
  '/home/jfitzhugh/Dropbox/journal/bible/newt/romans/romans03c-moo.md'
]
DEBUG 11/22/2020, 6:48:43 AM  app.openFile
INFO 11/22/2020, 6:48:43 AM  addRecentDocument
INFO 11/22/2020, 6:48:43 AM  [Raven] instanceKey = 4e22d1f5-2c9f-49eb-b397-41bc5434d192
INFO 11/22/2020, 6:48:43 AM  [Raven] userId = 1f4e5044-39e0-455b-b46f-008f4b327bb2
INFO 11/22/2020, 6:48:43 AM  [focus] 1
INFO 11/22/2020, 6:49:35 AM  [blur] 1
INFO 11/22/2020, 6:49:37 AM  [focus] 1
INFO 11/22/2020, 6:49:38 AM  switchDocument
INFO 11/22/2020, 6:49:38 AM  addRecentDocument
INFO 11/22/2020, 6:49:57 AM  [blur] 1
INFO 11/22/2020, 6:50:22 AM  [focus] 1
INFO 11/22/2020, 6:50:34 AM  [blur] 1
INFO 11/22/2020, 6:51:54 AM  [focus] 1
INFO 11/22/2020, 6:52:06 AM  [blur] 1
INFO 11/22/2020, 6:52:39 AM  [focus] 1
INFO 11/22/2020, 6:52:46 AM  [blur] 1
INFO 11/22/2020, 6:53:00 AM  [focus] 1
INFO 11/22/2020, 6:53:07 AM  [blur] 1
INFO 11/22/2020, 6:53:28 AM  [focus] 1
INFO 11/22/2020, 6:53:36 AM  [blur] 1
INFO 11/22/2020, 6:54:05 AM  [focus] 1
INFO 11/22/2020, 6:54:15 AM  [blur] 1
INFO 11/22/2020, 6:54:40 AM  [focus] 1
INFO 11/22/2020, 6:54:51 AM  [blur] 1
INFO 11/22/2020, 6:54:54 AM  [focus] 1
INFO 11/22/2020, 6:54:55 AM  [blur] 1
INFO 11/22/2020, 6:55:31 AM  [focus] 1
INFO 11/22/2020, 6:55:40 AM  [blur] 1
INFO 11/22/2020, 6:55:47 AM  [focus] 1
INFO 11/22/2020, 6:55:49 AM  [blur] 1
INFO 11/22/2020, 6:56:22 AM  [focus] 1
INFO 11/22/2020, 6:56:32 AM  [blur] 1
INFO 11/22/2020, 6:56:49 AM  [focus] 1
INFO 11/22/2020, 6:56:51 AM  switchDocument
INFO 11/22/2020, 6:56:51 AM  addRecentDocument
DEBUG 11/22/2020, 6:56:51 AM  lastSync 1605996732000, timestamp 1606049378837, mtime 1605996732000
INFO 11/22/2020, 6:57:00 AM  [blur] 1
INFO 11/22/2020, 6:57:07 AM  [focus] 1
INFO 11/22/2020, 6:57:08 AM  [blur] 1
INFO 11/22/2020, 6:57:10 AM  [focus] 1
INFO 11/22/2020, 6:57:33 AM  [blur] 1
INFO 11/22/2020, 6:57:56 AM  [focus] 1
INFO 11/22/2020, 6:58:02 AM  [blur] 1
INFO 11/22/2020, 6:58:32 AM  [focus] 1
INFO 11/22/2020, 6:58:38 AM  [blur] 1
INFO 11/22/2020, 6:58:42 AM  [focus] 1
INFO 11/22/2020, 6:58:48 AM  [blur] 1
INFO 11/22/2020, 6:59:05 AM  [focus] 1
INFO 11/22/2020, 6:59:24 AM  [blur] 1
INFO 11/22/2020, 7:00:36 AM  [focus] 1
INFO 11/22/2020, 7:00:39 AM  [blur] 1
INFO 11/22/2020, 7:02:10 AM  [focus] 1
INFO 11/22/2020, 7:02:13 AM  [blur] 1
INFO 11/22/2020, 7:03:49 AM  [focus] 1
INFO 11/22/2020, 7:03:56 AM  switchDocument
INFO 11/22/2020, 7:03:56 AM  addRecentDocument
INFO 11/22/2020, 7:04:00 AM  switchDocument
INFO 11/22/2020, 7:04:00 AM  addRecentDocument
INFO 11/22/2020, 7:04:02 AM  switchDocument
INFO 11/22/2020, 7:04:02 AM  addRecentDocument
INFO 11/22/2020, 7:04:09 AM  switchDocument
INFO 11/22/2020, 7:04:09 AM  addRecentDocument
INFO 11/22/2020, 7:04:12 AM  switchDocument
INFO 11/22/2020, 7:04:12 AM  addRecentDocument
INFO 11/22/2020, 7:04:15 AM  [blur] 1
INFO 11/22/2020, 7:04:20 AM  [focus] 1
INFO 11/22/2020, 7:04:28 AM  [blur] 1
INFO 11/22/2020, 7:04:30 AM  [focus] 1
INFO 11/22/2020, 7:04:51 AM  [blur] 1
INFO 11/22/2020, 7:05:04 AM  [focus] 1
INFO 11/22/2020, 7:05:05 AM  [blur] 1
INFO 11/22/2020, 7:05:37 AM  [focus] 1
INFO 11/22/2020, 7:05:40 AM  [blur] 1
INFO 11/22/2020, 7:05:41 AM  [focus] 1
INFO 11/22/2020, 7:05:42 AM  [blur] 1
INFO 11/22/2020, 7:06:19 AM  [focus] 1
INFO 11/22/2020, 7:06:19 AM  [blur] 1
INFO 11/22/2020, 7:09:18 AM  [focus] 1
INFO 11/22/2020, 7:09:26 AM  [blur] 1
INFO 11/22/2020, 7:09:34 AM  [focus] 1
INFO 11/22/2020, 7:09:34 AM  [blur] 1
INFO 11/22/2020, 7:09:48 AM  [focus] 1
INFO 11/22/2020, 7:10:00 AM  [blur] 1
INFO 11/22/2020, 7:10:28 AM  [focus] 1
INFO 11/22/2020, 7:10:41 AM  [blur] 1
INFO 11/22/2020, 7:14:47 AM  [focus] 1
INFO 11/22/2020, 7:15:13 AM  [blur] 1
INFO 11/22/2020, 7:15:26 AM  [focus] 1
INFO 11/22/2020, 7:15:29 AM  [blur] 1
INFO 11/22/2020, 7:15:29 AM  [focus] 1
INFO 11/22/2020, 7:15:31 AM  ----------------before-quit-----------------
INFO 11/22/2020, 7:15:31 AM  ------------------will-quit------------------
INFO 11/22/2020, 7:16:24 AM  ------------------start------------------
INFO 11/22/2020, 7:16:24 AM  typora version: 0.9.96
DEBUG 11/22/2020, 7:16:24 AM  [
  '/usr/share/typora/Typora',
  '/home/jfitzhugh/Dropbox/journal/bible/newt/romans/romans03c-moo.md'
]
DEBUG 11/22/2020, 7:16:24 AM  app.openFile
INFO 11/22/2020, 7:16:24 AM  addRecentDocument
INFO 11/22/2020, 7:16:25 AM  [Raven] instanceKey = 037afab6-d96c-4e2c-814d-06d23d24783c
INFO 11/22/2020, 7:16:25 AM  [Raven] userId = 1f4e5044-39e0-455b-b46f-008f4b327bb2
INFO 11/22/2020, 7:16:25 AM  [focus] 1
INFO 11/22/2020, 7:16:33 AM  [blur] 1
INFO 11/22/2020, 7:16:34 AM  [focus] 1
INFO 11/22/2020, 7:16:35 AM  [blur] 1
INFO 11/22/2020, 7:17:26 AM  [focus] 1
INFO 11/22/2020, 7:17:33 AM  [blur] 1
INFO 11/22/2020, 7:17:35 AM  [focus] 1
INFO 11/22/2020, 7:17:38 AM  ----------------before-quit-----------------
INFO 11/22/2020, 7:17:38 AM  ------------------will-quit------------------
INFO 12/6/2020, 6:56:56 AM  ------------------start------------------
INFO 12/6/2020, 6:56:56 AM  typora version: 0.9.96
DEBUG 12/6/2020, 6:56:56 AM  [ '/usr/share/typora/Typora' ]
INFO 12/6/2020, 6:56:56 AM  [Raven] instanceKey = 91cceb28-4ce9-4666-9643-1fcf45acb2a5
DEBUG 12/6/2020, 6:56:56 AM  app.openFile
INFO 12/6/2020, 6:56:56 AM  [Raven] userId = 1f4e5044-39e0-455b-b46f-008f4b327bb2
INFO 12/6/2020, 6:56:56 AM  [focus] 1
INFO 12/6/2020, 6:57:01 AM  [blur] 1
INFO 12/6/2020, 6:57:17 AM  [focus] 1
INFO 12/6/2020, 6:57:33 AM  load file [/tmp/1607259453247-0.9353422566926799.html] for PDF export
INFO 12/6/2020, 6:57:33 AM  [blur] 1
INFO 12/6/2020, 6:57:33 AM  generate print window with id 2
INFO 12/6/2020, 6:57:34 AM  [focus] 1
INFO 12/6/2020, 6:57:35 AM  [blur] 1
INFO 12/6/2020, 6:57:35 AM  [focus] 1
INFO 12/6/2020, 6:57:37 AM  [blur] 1
INFO 12/6/2020, 6:58:08 AM  [focus] 1
INFO 12/6/2020, 6:58:08 AM  [blur] 1
INFO 12/6/2020, 6:58:08 AM  [focus] 1
INFO 12/6/2020, 6:58:08 AM  [blur] 1
INFO 12/6/2020, 6:58:08 AM  [focus] 1
INFO 12/6/2020, 6:58:08 AM  [RenderProcess 1][Log] export PDF to /home/jfitzhugh/Dropbox/journal/bible/newt/romans/romans5a-questions.pdf
INFO 12/6/2020, 6:58:12 AM  [blur] 1
INFO 12/6/2020, 6:58:23 AM  [focus] 1
INFO 12/6/2020, 6:58:23 AM  [blur] 1
INFO 12/6/2020, 6:58:23 AM  [focus] 1
INFO 12/6/2020, 6:58:23 AM  [blur] 1
INFO 12/6/2020, 6:58:23 AM  [focus] 1
INFO 12/6/2020, 6:58:23 AM  addRecentDocument
INFO 12/6/2020, 6:58:24 AM  ----------------before-quit-----------------
INFO 12/6/2020, 6:58:24 AM  ------------------will-quit------------------
INFO 12/6/2020, 7:15:19 AM  ------------------start------------------
INFO 12/6/2020, 7:15:19 AM  typora version: 0.9.96
DEBUG 12/6/2020, 7:15:19 AM  [
  '/usr/share/typora/Typora',
  '/home/jfitzhugh/Dropbox/journal/bible/newt/romans/Romans-summary.md'
]
DEBUG 12/6/2020, 7:15:19 AM  app.openFile
INFO 12/6/2020, 7:15:19 AM  addRecentDocument
INFO 12/6/2020, 7:15:19 AM  [Raven] instanceKey = b7a3ad31-61e4-42ca-a3b2-6e25f43bfc4a
INFO 12/6/2020, 7:15:19 AM  [Raven] userId = 1f4e5044-39e0-455b-b46f-008f4b327bb2
INFO 12/6/2020, 7:15:20 AM  [focus] 1
INFO 12/6/2020, 7:16:01 AM  [blur] 1
INFO 12/6/2020, 7:16:04 AM  [focus] 1
INFO 12/6/2020, 7:16:05 AM  [blur] 1
INFO 12/6/2020, 7:16:18 AM  [focus] 1
INFO 12/6/2020, 7:16:20 AM  [blur] 1
INFO 12/6/2020, 7:16:48 AM  [focus] 1
INFO 12/6/2020, 7:16:51 AM  [blur] 1
INFO 12/6/2020, 7:37:29 AM  [focus] 1
INFO 12/6/2020, 7:37:31 AM  ----------------before-quit-----------------
INFO 12/6/2020, 7:37:31 AM  ------------------will-quit------------------
INFO 1/30/2021, 4:52:40 PM  luanchFromDiffVersion, pre version is 0.9.96
INFO 1/30/2021, 4:52:40 PM  overwriteThemeFolder
INFO 1/30/2021, 4:52:40 PM  ------------------start------------------
INFO 1/30/2021, 4:52:40 PM  typora version: 0.9.98
DEBUG 1/30/2021, 4:52:40 PM  [
  '/usr/share/typora/Typora',
  '/home/jfitzhugh/Dropbox/journal/bible/newt/romans/romans12a-keller.md'
]
DEBUG 1/30/2021, 4:52:40 PM  app.openFile
INFO 1/30/2021, 4:52:40 PM  addRecentDocument
INFO 1/30/2021, 4:52:40 PM  [Raven] instanceKey = da9d7445-a750-40be-903a-2db88ad153fa
INFO 1/30/2021, 4:52:40 PM  [Raven] userId = 1f4e5044-39e0-455b-b46f-008f4b327bb2
INFO 1/30/2021, 4:52:41 PM  handle document.loadInitData
INFO 1/30/2021, 4:52:41 PM  [focus] 1
INFO 1/30/2021, 4:56:09 PM  [blur] 1
INFO 1/30/2021, 4:56:18 PM  [focus] 1
INFO 1/30/2021, 4:56:19 PM  [blur] 1
INFO 1/30/2021, 5:02:13 PM  got argv [typora /home/jfitzhugh/Dropbox/journal/bible/newt/romans/romans-election-keller.md] from secondary instance
DEBUG 1/30/2021, 5:02:13 PM  app.openFile
INFO 1/30/2021, 5:02:13 PM  addRecentDocument
INFO 1/30/2021, 5:02:13 PM  handle document.loadInitData
INFO 1/30/2021, 5:02:13 PM  [focus] 2
INFO 1/30/2021, 5:02:29 PM  [blur] 2
INFO 1/30/2021, 5:02:30 PM  [focus] 2
INFO 1/30/2021, 5:02:31 PM  [focus] 1
INFO 1/30/2021, 5:02:31 PM  [blur] 1
INFO 1/30/2021, 5:02:31 PM  [focus] 1
INFO 1/30/2021, 5:02:31 PM  [blur] 1
INFO 1/30/2021, 5:02:31 PM  [focus] 1
INFO 1/30/2021, 5:02:32 PM  ----------------before-quit-----------------
INFO 1/30/2021, 5:02:32 PM  ------------------will-quit------------------
INFO 1/30/2021, 5:03:37 PM  ------------------start------------------
INFO 1/30/2021, 5:03:37 PM  typora version: 0.9.98
DEBUG 1/30/2021, 5:03:37 PM  [
  '/usr/share/typora/Typora',
  '/home/jfitzhugh/Dropbox/journal/bible/newt/romans/romans-election-keller.md'
]
DEBUG 1/30/2021, 5:03:37 PM  app.openFile
INFO 1/30/2021, 5:03:37 PM  addRecentDocument
INFO 1/30/2021, 5:03:37 PM  [Raven] instanceKey = 87b2205b-11b5-4248-a78c-3fb1b860cde7
INFO 1/30/2021, 5:03:37 PM  [Raven] userId = 1f4e5044-39e0-455b-b46f-008f4b327bb2
INFO 1/30/2021, 5:03:37 PM  handle document.loadInitData
INFO 1/30/2021, 5:03:38 PM  [focus] 1
INFO 1/30/2021, 5:03:42 PM  [blur] 1
INFO 1/30/2021, 5:05:58 PM  [focus] 1
INFO 1/30/2021, 5:06:01 PM  ----------------before-quit-----------------
INFO 1/30/2021, 5:06:01 PM  ------------------will-quit------------------
INFO 1/31/2021, 7:53:35 AM  ------------------start------------------
INFO 1/31/2021, 7:53:35 AM  typora version: 0.9.98
DEBUG 1/31/2021, 7:53:35 AM  [
  '/usr/share/typora/Typora',
  '/home/jfitzhugh/Dropbox/church/admin/personnel/hiring/fbc-employee-handbook-draft.md'
]
DEBUG 1/31/2021, 7:53:35 AM  app.openFile
INFO 1/31/2021, 7:53:35 AM  addRecentDocument
INFO 1/31/2021, 7:53:35 AM  [Raven] instanceKey = 45ffb741-26ea-450d-9142-fa1b4003a77b
INFO 1/31/2021, 7:53:35 AM  [Raven] userId = 1f4e5044-39e0-455b-b46f-008f4b327bb2
INFO 1/31/2021, 7:53:35 AM  handle document.loadInitData
INFO 1/31/2021, 7:53:36 AM  [focus] 1
INFO 1/31/2021, 7:54:19 AM  ----------------before-quit-----------------
INFO 1/31/2021, 7:54:19 AM  ------------------will-quit------------------
INFO 2/7/2021, 11:45:28 AM  ------------------start------------------
INFO 2/7/2021, 11:45:28 AM  typora version: 0.9.98
DEBUG 2/7/2021, 11:45:28 AM  [
  '/usr/share/typora/Typora',
  '/home/jfitzhugh/Dropbox/church/admin/personnel/committee/best-practices/fbc-employee-handbook-draft.md'
]
DEBUG 2/7/2021, 11:45:28 AM  app.openFile
INFO 2/7/2021, 11:45:28 AM  addRecentDocument
INFO 2/7/2021, 11:45:28 AM  [Raven] instanceKey = ee5b2b01-ef79-44e5-87ca-39463c4e9e03
INFO 2/7/2021, 11:45:28 AM  [Raven] userId = 1f4e5044-39e0-455b-b46f-008f4b327bb2
INFO 2/7/2021, 11:45:28 AM  handle document.loadInitData
INFO 2/7/2021, 11:45:29 AM  [focus] 1
INFO 2/7/2021, 11:45:54 AM  [blur] 1
INFO 2/7/2021, 11:45:56 AM  [focus] 1
INFO 2/7/2021, 11:45:56 AM  [blur] 1
INFO 2/7/2021, 11:45:57 AM  [focus] 1
INFO 2/7/2021, 11:45:57 AM  [blur] 1
INFO 2/7/2021, 11:45:57 AM  [focus] 1
INFO 2/7/2021, 11:45:57 AM  [blur] 1
INFO 2/7/2021, 11:45:57 AM  [focus] 1
INFO 2/7/2021, 11:46:02 AM  ----------------before-quit-----------------
INFO 2/7/2021, 11:46:02 AM  ------------------will-quit------------------
