INFO 4/29/2021, 10:40:54 AM  luanchFromDiffVersion, pre version is undefined
INFO 4/29/2021, 10:40:54 AM  overwriteThemeFolder
INFO 4/29/2021, 10:40:54 AM  ------------------start------------------
INFO 4/29/2021, 10:40:54 AM  typora version: 0.10.6
INFO 4/29/2021, 10:40:54 AM  [Raven] instanceKey = 5fdef0ca-fd9e-44ce-97c0-e14bb0bc0ce7
INFO 4/29/2021, 10:40:54 AM  added recovery 1 null undefined (0)
INFO 4/29/2021, 10:40:54 AM  [focus] 1
INFO 4/29/2021, 10:40:54 AM  [Raven] userId = f9951882-e92b-48c9-8d69-b20099fe251b
INFO 4/29/2021, 10:40:54 AM  synced recovery
INFO 4/29/2021, 10:40:54 AM  handle document.loadInitData
INFO 4/29/2021, 10:40:54 AM  added recovery 1 undefined undefined (0)
INFO 4/29/2021, 10:40:54 AM  synced recovery
INFO 4/29/2021, 10:40:56 AM  synced recovery
INFO 4/29/2021, 10:40:56 AM  ----------------before-quit-----------------
INFO 4/29/2021, 10:40:56 AM  ------------------will-quit------------------
INFO 4/29/2021, 10:40:56 AM  -----------------quit------------------
INFO 4/29/2021, 10:40:56 AM  closeLogging
INFO 5/6/2021, 10:26:25 PM  ------------------start------------------
INFO 5/6/2021, 10:26:25 PM  typora version: 0.10.6
INFO 5/6/2021, 10:26:25 PM  [Raven] instanceKey = 6e1603df-b452-4a86-93a2-024827eaf752
INFO 5/6/2021, 10:26:25 PM  added recovery 1 null undefined (0)
INFO 5/6/2021, 10:26:25 PM  [Raven] userId = f9951882-e92b-48c9-8d69-b20099fe251b
INFO 5/6/2021, 10:26:25 PM  [focus] 1
INFO 5/6/2021, 10:26:25 PM  synced recovery
INFO 5/6/2021, 10:26:26 PM  handle document.loadInitData
INFO 5/6/2021, 10:26:26 PM  added recovery 1 undefined undefined (0)
INFO 5/6/2021, 10:26:26 PM  synced recovery
INFO 5/6/2021, 10:26:31 PM  [blur] 1
INFO 5/6/2021, 10:26:31 PM  [win] blur
INFO 5/6/2021, 10:26:36 PM  [focus] 1
INFO 5/6/2021, 10:26:39 PM  [blur] 1
INFO 5/6/2021, 10:26:39 PM  [win] blur
INFO 5/6/2021, 10:26:43 PM  [focus] 1
INFO 5/6/2021, 10:26:46 PM  synced recovery
INFO 5/6/2021, 10:26:46 PM  ----------------before-quit-----------------
INFO 5/6/2021, 10:26:46 PM  ------------------will-quit------------------
INFO 5/6/2021, 10:26:46 PM  -----------------quit------------------
INFO 5/6/2021, 10:26:46 PM  closeLogging
INFO 5/6/2021, 10:29:11 PM  ------------------start------------------
INFO 5/6/2021, 10:29:11 PM  typora version: 0.10.6
INFO 5/6/2021, 10:29:11 PM  [Raven] instanceKey = c057410b-b206-41ea-92f1-fc416728dffc
INFO 5/6/2021, 10:29:11 PM  added recovery 1 null undefined (0)
INFO 5/6/2021, 10:29:11 PM  synced recovery
INFO 5/6/2021, 10:29:11 PM  [Raven] userId = f9951882-e92b-48c9-8d69-b20099fe251b
INFO 5/6/2021, 10:29:11 PM  handle document.loadInitData
INFO 5/6/2021, 10:29:11 PM  added recovery 1 undefined undefined (0)
INFO 5/6/2021, 10:29:11 PM  synced recovery
INFO 5/6/2021, 10:29:15 PM  [focus] 1
INFO 5/6/2021, 10:29:17 PM  synced recovery
INFO 5/6/2021, 10:29:17 PM  ----------------before-quit-----------------
INFO 5/6/2021, 10:29:17 PM  ------------------will-quit------------------
INFO 5/6/2021, 10:29:17 PM  -----------------quit------------------
INFO 5/6/2021, 10:29:17 PM  closeLogging
INFO 5/7/2021, 8:57:50 PM  ------------------start------------------
INFO 5/7/2021, 8:57:50 PM  typora version: 0.10.6
INFO 5/7/2021, 8:57:50 PM  [Raven] instanceKey = 5dd7d0a8-ff28-4ca6-bab9-224a8b7af426
INFO 5/7/2021, 8:57:50 PM  added recovery 1 null undefined (0)
INFO 5/7/2021, 8:57:50 PM  [Raven] userId = f9951882-e92b-48c9-8d69-b20099fe251b
INFO 5/7/2021, 8:57:50 PM  [focus] 1
INFO 5/7/2021, 8:57:50 PM  synced recovery
INFO 5/7/2021, 8:57:50 PM  handle document.loadInitData
INFO 5/7/2021, 8:57:50 PM  added recovery 1 undefined undefined (0)
INFO 5/7/2021, 8:57:50 PM  synced recovery
INFO 5/7/2021, 8:58:10 PM  synced recovery
INFO 5/7/2021, 8:58:10 PM  ----------------before-quit-----------------
INFO 5/7/2021, 8:58:10 PM  ------------------will-quit------------------
INFO 5/7/2021, 8:58:10 PM  -----------------quit------------------
INFO 5/7/2021, 8:58:10 PM  closeLogging
INFO 5/7/2021, 9:05:43 PM  ------------------start------------------
INFO 5/7/2021, 9:05:43 PM  typora version: 0.10.6
INFO 5/7/2021, 9:05:43 PM  [Raven] instanceKey = 0f4694c6-41dd-4ed1-aac5-8e65d6ce9e26
INFO 5/7/2021, 9:05:43 PM  added recovery 1 null undefined (0)
INFO 5/7/2021, 9:05:43 PM  synced recovery
INFO 5/7/2021, 9:05:44 PM  [Raven] userId = f9951882-e92b-48c9-8d69-b20099fe251b
INFO 5/7/2021, 9:05:44 PM  handle document.loadInitData
INFO 5/7/2021, 9:05:44 PM  added recovery 1 undefined undefined (0)
INFO 5/7/2021, 9:05:44 PM  synced recovery
INFO 5/7/2021, 9:05:45 PM  [focus] 1
INFO 5/7/2021, 9:05:46 PM  synced recovery
INFO 5/7/2021, 9:05:46 PM  ----------------before-quit-----------------
INFO 5/7/2021, 9:05:46 PM  ------------------will-quit------------------
INFO 5/7/2021, 9:05:46 PM  -----------------quit------------------
INFO 5/7/2021, 9:05:46 PM  closeLogging
INFO 5/7/2021, 9:19:56 PM  ------------------start------------------
INFO 5/7/2021, 9:19:56 PM  typora version: 0.10.6
INFO 5/7/2021, 9:19:56 PM  [Raven] instanceKey = fe4375d1-74e3-4c13-8456-9e6c291d37b3
INFO 5/7/2021, 9:19:56 PM  added recovery 1 null undefined (0)
INFO 5/7/2021, 9:19:56 PM  [Raven] userId = f9951882-e92b-48c9-8d69-b20099fe251b
INFO 5/7/2021, 9:19:56 PM  synced recovery
INFO 5/7/2021, 9:19:57 PM  handle document.loadInitData
INFO 5/7/2021, 9:19:57 PM  added recovery 1 undefined undefined (0)
INFO 5/7/2021, 9:19:57 PM  synced recovery
INFO 5/7/2021, 9:19:57 PM  [focus] 1
INFO 5/7/2021, 9:19:58 PM  synced recovery
INFO 5/7/2021, 9:19:58 PM  ----------------before-quit-----------------
INFO 5/7/2021, 9:19:58 PM  ------------------will-quit------------------
INFO 5/7/2021, 9:19:58 PM  -----------------quit------------------
INFO 5/7/2021, 9:19:58 PM  closeLogging
INFO 5/9/2021, 8:16:31 PM  ------------------start------------------
INFO 5/9/2021, 8:16:31 PM  typora version: 0.10.6
INFO 5/9/2021, 8:16:31 PM  [Raven] instanceKey = 6cc150b7-adb0-43e1-9a2e-1b5b714b9724
INFO 5/9/2021, 8:16:31 PM  added recovery 1 null undefined (0)
INFO 5/9/2021, 8:16:31 PM  [Raven] userId = f9951882-e92b-48c9-8d69-b20099fe251b
INFO 5/9/2021, 8:16:31 PM  [focus] 1
INFO 5/9/2021, 8:16:31 PM  [blur] 1
INFO 5/9/2021, 8:16:31 PM  [win] blur
INFO 5/9/2021, 8:16:31 PM  [focus] 1
INFO 5/9/2021, 8:16:31 PM  synced recovery
INFO 5/9/2021, 8:16:31 PM  handle document.loadInitData
INFO 5/9/2021, 8:16:32 PM  added recovery 1 undefined undefined (0)
INFO 5/9/2021, 8:16:32 PM  synced recovery
INFO 5/9/2021, 8:16:36 PM  synced recovery
INFO 5/9/2021, 8:16:36 PM  ----------------before-quit-----------------
INFO 5/9/2021, 8:16:36 PM  ------------------will-quit------------------
INFO 5/9/2021, 8:16:36 PM  -----------------quit------------------
INFO 5/9/2021, 8:16:36 PM  closeLogging
INFO 6/6/2021, 5:37:11 PM  luanchFromDiffVersion, pre version is 0.10.6
INFO 6/6/2021, 5:37:11 PM  overwriteThemeFolder
INFO 6/6/2021, 5:37:11 PM  ------------------start------------------
INFO 6/6/2021, 5:37:11 PM  typora version: 0.10.11
INFO 6/6/2021, 5:37:11 PM  [Raven] instanceKey = beaa6d84-cb60-49cf-adc9-952a60f02ccf
INFO 6/6/2021, 5:37:11 PM  added recovery 1 null undefined (0)
INFO 6/6/2021, 5:37:11 PM  [Raven] userId = f9951882-e92b-48c9-8d69-b20099fe251b
INFO 6/6/2021, 5:37:11 PM  synced recovery
INFO 6/6/2021, 5:37:12 PM  handle document.loadInitData
INFO 6/6/2021, 5:37:12 PM  added recovery 1 undefined undefined (0)
INFO 6/6/2021, 5:37:12 PM  synced recovery
INFO 6/6/2021, 5:37:13 PM  [focus] 1
INFO 6/6/2021, 5:37:16 PM  synced recovery
INFO 6/6/2021, 5:37:16 PM  ----------------before-quit-----------------
INFO 6/6/2021, 5:37:16 PM  ------------------will-quit------------------
INFO 6/6/2021, 5:37:16 PM  -----------------quit------------------
INFO 6/6/2021, 5:37:16 PM  closeLogging
