INFO 11/13/2020, 8:54:01 PM  luanchFromDiffVersion, pre version is undefined
INFO 11/13/2020, 8:54:01 PM  overwriteThemeFolder
INFO 11/13/2020, 8:54:01 PM  ------------------start------------------
INFO 11/13/2020, 8:54:01 PM  typora version: 0.9.96
DEBUG 11/13/2020, 8:54:01 PM  [ '/usr/share/typora/Typora' ]
INFO 11/13/2020, 8:54:01 PM  [Raven] instanceKey = 2e9716ee-6d6c-450f-9b15-0974bef71df8
DEBUG 11/13/2020, 8:54:01 PM  app.openFile
INFO 11/13/2020, 8:54:01 PM  [Raven] userId = 1608746f-a0df-4b8f-99bb-31fa17894f66
INFO 11/13/2020, 8:54:01 PM  [focus] 1
INFO 11/13/2020, 8:54:12 PM  [blur] 1
INFO 11/13/2020, 8:54:30 PM  [focus] 1
INFO 11/13/2020, 8:54:30 PM  [blur] 1
INFO 11/13/2020, 8:54:30 PM  [focus] 1
INFO 11/13/2020, 8:54:30 PM  [blur] 1
INFO 11/13/2020, 8:54:30 PM  [focus] 1
DEBUG 11/13/2020, 8:54:30 PM  true
INFO 11/13/2020, 8:54:30 PM  addRecentFolder
INFO 11/13/2020, 8:54:35 PM  switchDocument
INFO 11/13/2020, 8:54:35 PM  addRecentDocument
INFO 11/13/2020, 8:56:12 PM  [blur] 1
INFO 11/13/2020, 8:56:53 PM  [focus] 1
INFO 11/13/2020, 8:56:54 PM  [blur] 1
INFO 11/13/2020, 8:56:59 PM  [focus] 1
INFO 11/13/2020, 8:59:59 PM  [blur] 1
INFO 11/13/2020, 9:00:05 PM  [focus] 1
INFO 11/13/2020, 9:00:05 PM  [blur] 1
INFO 11/13/2020, 9:00:05 PM  [focus] 1
INFO 11/13/2020, 9:00:05 PM  [blur] 1
INFO 11/13/2020, 9:00:05 PM  [focus] 1
INFO 11/13/2020, 9:00:05 PM  addRecentDocument
INFO 11/13/2020, 9:00:24 PM  ----------------before-quit-----------------
INFO 11/13/2020, 9:00:24 PM  ------------------will-quit------------------
INFO 11/13/2020, 9:00:25 PM  ------------------start------------------
INFO 11/13/2020, 9:00:25 PM  typora version: 0.9.96
DEBUG 11/13/2020, 9:00:25 PM  [
  '/usr/share/typora/Typora',
  '/home/jeff/Dropbox/journal/bible/newt/romans/romans02b-keller.md'
]
DEBUG 11/13/2020, 9:00:25 PM  app.openFile
INFO 11/13/2020, 9:00:25 PM  addRecentDocument
INFO 11/13/2020, 9:00:26 PM  [Raven] instanceKey = 46efe97d-7dc1-4b5f-8709-065c814a021c
INFO 11/13/2020, 9:00:26 PM  [Raven] userId = 1608746f-a0df-4b8f-99bb-31fa17894f66
INFO 11/13/2020, 9:00:26 PM  [focus] 1
INFO 11/13/2020, 9:21:18 PM  [blur] 1
INFO 11/13/2020, 9:21:40 PM  [focus] 1
INFO 11/13/2020, 9:21:57 PM  [blur] 1
INFO 11/13/2020, 9:22:10 PM  [focus] 1
INFO 11/13/2020, 9:22:11 PM  [blur] 1
INFO 11/13/2020, 9:22:45 PM  [focus] 1
INFO 11/13/2020, 9:22:52 PM  [blur] 1
INFO 11/13/2020, 9:23:36 PM  [focus] 1
INFO 11/13/2020, 9:23:41 PM  [blur] 1
INFO 11/13/2020, 9:23:46 PM  [focus] 1
INFO 11/13/2020, 9:24:23 PM  [blur] 1
INFO 11/13/2020, 9:24:28 PM  [focus] 1
INFO 11/13/2020, 9:25:07 PM  [blur] 1
INFO 11/13/2020, 9:25:33 PM  [focus] 1
INFO 11/13/2020, 9:25:44 PM  [blur] 1
INFO 11/13/2020, 9:25:45 PM  [focus] 1
INFO 11/13/2020, 9:25:47 PM  [blur] 1
INFO 11/13/2020, 9:25:58 PM  [focus] 1
INFO 11/13/2020, 9:26:03 PM  [blur] 1
INFO 11/13/2020, 9:26:11 PM  [focus] 1
INFO 11/13/2020, 9:26:45 PM  [blur] 1
INFO 11/13/2020, 9:26:45 PM  [focus] 1
INFO 11/13/2020, 9:26:45 PM  [blur] 1
INFO 11/13/2020, 9:26:54 PM  [focus] 1
INFO 11/13/2020, 9:27:34 PM  [blur] 1
INFO 11/13/2020, 9:27:37 PM  [focus] 1
INFO 11/13/2020, 9:27:42 PM  [blur] 1
INFO 11/13/2020, 9:27:47 PM  [focus] 1
INFO 11/13/2020, 9:27:54 PM  [blur] 1
INFO 11/13/2020, 9:28:06 PM  [focus] 1
INFO 11/13/2020, 9:28:12 PM  [blur] 1
INFO 11/13/2020, 9:28:13 PM  [focus] 1
INFO 11/13/2020, 9:29:34 PM  [blur] 1
INFO 11/13/2020, 9:29:43 PM  [focus] 1
INFO 11/13/2020, 9:29:43 PM  [blur] 1
INFO 11/13/2020, 9:29:43 PM  [focus] 1
INFO 11/13/2020, 9:29:43 PM  [blur] 1
INFO 11/13/2020, 9:29:43 PM  [focus] 1
INFO 11/13/2020, 9:29:43 PM  load file [/tmp/1605324583126-0.9574073423324778.html] for PDF export
INFO 11/13/2020, 9:29:43 PM  [blur] 1
INFO 11/13/2020, 9:29:43 PM  generate print window with id 2
INFO 11/13/2020, 9:29:47 PM  [focus] 1
INFO 11/13/2020, 9:29:47 PM  [blur] 1
INFO 11/13/2020, 9:29:47 PM  [focus] 1
INFO 11/13/2020, 9:29:47 PM  [blur] 1
INFO 11/13/2020, 9:29:47 PM  [focus] 1
INFO 11/13/2020, 9:29:47 PM  [RenderProcess 1][Log] export PDF to /home/jeff/Dropbox/journal/bible/newt/romans/romans02b-keller.pdf
INFO 11/13/2020, 9:29:48 PM  [blur] 1
INFO 11/13/2020, 9:29:57 PM  [focus] 1
INFO 11/13/2020, 9:29:58 PM  [blur] 1
INFO 11/13/2020, 9:33:13 PM  [focus] 1
INFO 11/13/2020, 9:53:50 PM  [blur] 1
INFO 11/13/2020, 9:54:14 PM  [focus] 1
INFO 11/13/2020, 9:54:32 PM  [blur] 1
INFO 11/13/2020, 9:54:34 PM  [focus] 1
INFO 11/13/2020, 10:09:12 PM  [blur] 1
INFO 11/13/2020, 10:09:19 PM  [focus] 1
INFO 11/13/2020, 10:11:49 PM  [blur] 1
INFO 11/13/2020, 10:12:38 PM  [focus] 1
INFO 11/13/2020, 10:20:08 PM  ----------------before-quit-----------------
INFO 11/13/2020, 10:20:08 PM  ------------------will-quit------------------
INFO 11/13/2020, 10:20:36 PM  ------------------start------------------
INFO 11/13/2020, 10:20:36 PM  typora version: 0.9.96
DEBUG 11/13/2020, 10:20:36 PM  [ '/usr/share/typora/Typora' ]
INFO 11/13/2020, 10:20:36 PM  [Raven] instanceKey = d5ab4942-5d9c-4266-94cf-ce4ab9b8116f
DEBUG 11/13/2020, 10:20:36 PM  app.openFile
INFO 11/13/2020, 10:20:36 PM  [Raven] userId = 1608746f-a0df-4b8f-99bb-31fa17894f66
INFO 11/13/2020, 10:20:36 PM  [focus] 1
INFO 11/13/2020, 10:20:40 PM  addRecentFolder
INFO 11/13/2020, 10:20:42 PM  switchDocument
INFO 11/13/2020, 10:20:42 PM  addRecentDocument
INFO 11/13/2020, 10:20:44 PM  [blur] 1
INFO 11/13/2020, 10:20:49 PM  [focus] 1
INFO 11/13/2020, 10:20:49 PM  [blur] 1
INFO 11/13/2020, 10:20:49 PM  [focus] 1
INFO 11/13/2020, 10:20:49 PM  [blur] 1
INFO 11/13/2020, 10:20:49 PM  [focus] 1
INFO 11/13/2020, 10:20:49 PM  addRecentDocument
INFO 11/13/2020, 10:21:20 PM  [blur] 1
INFO 11/13/2020, 10:21:21 PM  [focus] 1
INFO 11/13/2020, 10:21:22 PM  [blur] 1
INFO 11/13/2020, 10:21:33 PM  [focus] 1
INFO 11/13/2020, 10:23:12 PM  [blur] 1
INFO 11/13/2020, 10:23:16 PM  [focus] 1
INFO 11/13/2020, 10:23:16 PM  [blur] 1
INFO 11/13/2020, 10:23:16 PM  [focus] 1
INFO 11/13/2020, 10:23:16 PM  [blur] 1
INFO 11/13/2020, 10:23:16 PM  [focus] 1
INFO 11/13/2020, 10:23:16 PM  addRecentDocument
INFO 11/13/2020, 10:23:18 PM  [blur] 1
INFO 11/13/2020, 10:23:22 PM  [focus] 1
INFO 11/13/2020, 10:23:23 PM  [blur] 1
INFO 11/13/2020, 10:23:38 PM  [focus] 1
INFO 11/13/2020, 10:26:03 PM  ----------------before-quit-----------------
INFO 11/13/2020, 10:26:03 PM  ------------------will-quit------------------
INFO 11/13/2020, 10:26:13 PM  ------------------start------------------
INFO 11/13/2020, 10:26:13 PM  typora version: 0.9.96
DEBUG 11/13/2020, 10:26:13 PM  [
  '/usr/share/typora/Typora',
  '/home/jeff/Dropbox/journal/bible/newt/romans/romans02b-jews.md'
]
DEBUG 11/13/2020, 10:26:13 PM  app.openFile
INFO 11/13/2020, 10:26:13 PM  addRecentDocument
INFO 11/13/2020, 10:26:13 PM  [Raven] instanceKey = c8790f3d-2ef8-43e5-a0d5-ee1c77428a19
INFO 11/13/2020, 10:26:13 PM  [Raven] userId = 1608746f-a0df-4b8f-99bb-31fa17894f66
INFO 11/13/2020, 10:26:13 PM  [focus] 1
INFO 11/13/2020, 10:26:29 PM  [blur] 1
INFO 11/13/2020, 10:26:33 PM  [focus] 1
INFO 11/13/2020, 10:26:33 PM  [blur] 1
INFO 11/13/2020, 10:26:33 PM  [focus] 1
INFO 11/13/2020, 10:26:33 PM  [blur] 1
INFO 11/13/2020, 10:26:33 PM  [focus] 1
INFO 11/13/2020, 10:26:33 PM  addRecentDocument
INFO 11/13/2020, 10:26:35 PM  [blur] 1
INFO 11/13/2020, 10:26:37 PM  [focus] 1
INFO 11/13/2020, 10:26:38 PM  [blur] 1
INFO 11/13/2020, 10:26:52 PM  [focus] 1
INFO 11/13/2020, 10:27:17 PM  ----------------before-quit-----------------
INFO 11/13/2020, 10:27:17 PM  ------------------will-quit------------------
INFO 11/13/2020, 10:27:42 PM  ------------------start------------------
INFO 11/13/2020, 10:27:42 PM  typora version: 0.9.96
DEBUG 11/13/2020, 10:27:42 PM  [
  '/usr/share/typora/Typora',
  '/home/jeff/Dropbox/journal/bible/newt/romans/romans02b-jews.md'
]
DEBUG 11/13/2020, 10:27:42 PM  app.openFile
INFO 11/13/2020, 10:27:42 PM  addRecentDocument
INFO 11/13/2020, 10:27:43 PM  [Raven] instanceKey = 93323fdb-64a0-46aa-ae1c-892da4e14bd6
INFO 11/13/2020, 10:27:43 PM  [Raven] userId = 1608746f-a0df-4b8f-99bb-31fa17894f66
INFO 11/13/2020, 10:27:43 PM  [focus] 1
INFO 11/13/2020, 10:27:50 PM  [blur] 1
INFO 11/13/2020, 10:27:53 PM  [focus] 1
INFO 11/13/2020, 10:27:54 PM  [blur] 1
INFO 11/13/2020, 10:28:02 PM  [focus] 1
INFO 11/13/2020, 10:28:16 PM  [blur] 1
INFO 11/13/2020, 10:28:18 PM  [focus] 1
INFO 11/13/2020, 10:28:19 PM  [blur] 1
INFO 11/13/2020, 10:28:27 PM  [focus] 1
INFO 11/13/2020, 10:29:03 PM  ----------------before-quit-----------------
INFO 11/13/2020, 10:29:03 PM  ------------------will-quit------------------
INFO 11/14/2020, 8:16:55 PM  ------------------start------------------
INFO 11/14/2020, 8:16:55 PM  typora version: 0.9.96
DEBUG 11/14/2020, 8:16:55 PM  [
  '/usr/share/typora/Typora',
  '/home/jeff/Dropbox/journal/bible/newt/romans/romans02b-moo.md'
]
DEBUG 11/14/2020, 8:16:55 PM  app.openFile
INFO 11/14/2020, 8:16:55 PM  addRecentDocument
INFO 11/14/2020, 8:16:55 PM  [Raven] instanceKey = 933f38a7-8f3f-4aef-aa3f-e95503d1b60f
INFO 11/14/2020, 8:16:55 PM  [Raven] userId = 1608746f-a0df-4b8f-99bb-31fa17894f66
INFO 11/14/2020, 8:16:56 PM  [focus] 1
INFO 11/14/2020, 8:17:17 PM  [blur] 1
INFO 11/14/2020, 8:17:23 PM  [focus] 1
INFO 11/14/2020, 8:17:23 PM  [blur] 1
INFO 11/14/2020, 8:17:23 PM  [focus] 1
INFO 11/14/2020, 8:17:23 PM  [blur] 1
INFO 11/14/2020, 8:17:23 PM  [focus] 1
INFO 11/14/2020, 8:17:23 PM  addRecentDocument
INFO 11/14/2020, 8:17:24 PM  [blur] 1
INFO 11/14/2020, 8:17:34 PM  [focus] 1
INFO 11/14/2020, 8:17:35 PM  [blur] 1
INFO 11/14/2020, 8:17:45 PM  [focus] 1
INFO 11/14/2020, 8:18:18 PM  [blur] 1
INFO 11/14/2020, 8:18:25 PM  [focus] 1
INFO 11/14/2020, 8:18:26 PM  [blur] 1
INFO 11/14/2020, 8:18:37 PM  [focus] 1
INFO 11/14/2020, 8:18:46 PM  [blur] 1
INFO 11/14/2020, 8:18:52 PM  [focus] 1
INFO 11/14/2020, 8:18:52 PM  [blur] 1
INFO 11/14/2020, 8:18:52 PM  [focus] 1
INFO 11/14/2020, 8:18:52 PM  [blur] 1
INFO 11/14/2020, 8:18:52 PM  [focus] 1
INFO 11/14/2020, 8:18:52 PM  addRecentDocument
INFO 11/14/2020, 8:18:58 PM  [blur] 1
INFO 11/14/2020, 8:19:05 PM  [focus] 1
INFO 11/14/2020, 8:19:05 PM  [blur] 1
INFO 11/14/2020, 8:19:05 PM  [focus] 1
INFO 11/14/2020, 8:19:05 PM  [blur] 1
INFO 11/14/2020, 8:19:05 PM  [focus] 1
INFO 11/14/2020, 8:19:05 PM  addRecentDocument
INFO 11/14/2020, 8:19:10 PM  [blur] 1
INFO 11/14/2020, 8:19:17 PM  [focus] 1
INFO 11/14/2020, 8:19:17 PM  [blur] 1
INFO 11/14/2020, 8:19:19 PM  [focus] 1
INFO 11/14/2020, 8:19:19 PM  [blur] 1
INFO 11/14/2020, 8:20:07 PM  [focus] 1
INFO 11/14/2020, 8:20:29 PM  [blur] 1
INFO 11/14/2020, 8:20:44 PM  [focus] 1
INFO 11/14/2020, 8:20:45 PM  [blur] 1
INFO 11/14/2020, 8:21:53 PM  [focus] 1
INFO 11/14/2020, 8:21:53 PM  [blur] 1
INFO 11/14/2020, 8:21:54 PM  [focus] 1
INFO 11/14/2020, 8:21:55 PM  [blur] 1
INFO 11/14/2020, 8:26:48 PM  [focus] 1
INFO 11/14/2020, 8:26:48 PM  [blur] 1
INFO 11/14/2020, 8:33:03 PM  [focus] 1
INFO 11/14/2020, 8:33:03 PM  [blur] 1
INFO 11/14/2020, 8:33:03 PM  [focus] 1
INFO 11/14/2020, 8:33:03 PM  [blur] 1
INFO 11/14/2020, 8:33:03 PM  [focus] 1
INFO 11/14/2020, 8:33:12 PM  switchDocument
INFO 11/14/2020, 8:33:12 PM  addRecentDocument
INFO 11/14/2020, 8:34:15 PM  [blur] 1
INFO 11/14/2020, 8:34:37 PM  [focus] 1
INFO 11/14/2020, 8:37:02 PM  [blur] 1
INFO 11/14/2020, 8:37:06 PM  [focus] 1
INFO 11/14/2020, 8:44:41 PM  [blur] 1
INFO 11/14/2020, 8:45:06 PM  [focus] 1
INFO 11/14/2020, 8:49:52 PM  [blur] 1
INFO 11/14/2020, 8:50:52 PM  [focus] 1
INFO 11/14/2020, 9:05:10 PM  [blur] 1
INFO 11/14/2020, 9:05:19 PM  [focus] 1
INFO 11/14/2020, 9:10:20 PM  [blur] 1
INFO 11/14/2020, 9:10:55 PM  [focus] 1
INFO 11/14/2020, 9:13:46 PM  [blur] 1
INFO 11/14/2020, 9:13:55 PM  [focus] 1
INFO 11/14/2020, 9:18:00 PM  [blur] 1
INFO 11/14/2020, 9:18:25 PM  [focus] 1
INFO 11/14/2020, 9:24:17 PM  [blur] 1
INFO 11/14/2020, 9:25:10 PM  [focus] 1
INFO 11/14/2020, 9:31:35 PM  [blur] 1
INFO 11/14/2020, 9:31:48 PM  [focus] 1
INFO 11/14/2020, 9:33:05 PM  [blur] 1
INFO 11/14/2020, 9:33:25 PM  [focus] 1
INFO 11/14/2020, 9:34:56 PM  [blur] 1
INFO 11/14/2020, 9:35:00 PM  [focus] 1
INFO 11/14/2020, 9:35:00 PM  [blur] 1
INFO 11/14/2020, 9:35:00 PM  [focus] 1
INFO 11/14/2020, 9:35:00 PM  [blur] 1
INFO 11/14/2020, 9:35:00 PM  [focus] 1
INFO 11/14/2020, 9:35:00 PM  addRecentDocument
INFO 11/14/2020, 9:35:26 PM  ----------------before-quit-----------------
INFO 11/14/2020, 9:35:26 PM  ------------------will-quit------------------
INFO 11/14/2020, 9:35:43 PM  ------------------start------------------
INFO 11/14/2020, 9:35:43 PM  typora version: 0.9.96
DEBUG 11/14/2020, 9:35:43 PM  [
  '/usr/share/typora/Typora',
  '/home/jeff/Dropbox/journal/bible/newt/romans/romans03a-moo.md'
]
DEBUG 11/14/2020, 9:35:43 PM  app.openFile
INFO 11/14/2020, 9:35:43 PM  addRecentDocument
INFO 11/14/2020, 9:35:43 PM  [Raven] instanceKey = 257c092c-6f12-445c-b528-82d563e68137
INFO 11/14/2020, 9:35:43 PM  [Raven] userId = 1608746f-a0df-4b8f-99bb-31fa17894f66
INFO 11/14/2020, 9:35:43 PM  [focus] 1
INFO 11/14/2020, 9:36:00 PM  [blur] 1
INFO 11/14/2020, 9:36:20 PM  [focus] 1
INFO 11/14/2020, 9:39:02 PM  [blur] 1
INFO 11/14/2020, 9:39:49 PM  [focus] 1
INFO 11/14/2020, 9:42:30 PM  [blur] 1
INFO 11/14/2020, 9:43:05 PM  [focus] 1
INFO 11/14/2020, 9:44:11 PM  [blur] 1
INFO 11/14/2020, 9:47:32 PM  [focus] 1
INFO 11/14/2020, 9:47:44 PM  [blur] 1
INFO 11/14/2020, 9:51:27 PM  [focus] 1
INFO 11/14/2020, 9:51:30 PM  [blur] 1
INFO 11/14/2020, 9:58:11 PM  [focus] 1
INFO 11/14/2020, 9:58:11 PM  [blur] 1
INFO 11/14/2020, 9:59:03 PM  [focus] 1
INFO 11/14/2020, 9:59:16 PM  switchDocument
INFO 11/14/2020, 9:59:16 PM  addRecentDocument
INFO 11/14/2020, 9:59:18 PM  [blur] 1
INFO 11/14/2020, 9:59:18 PM  [focus] 1
INFO 11/14/2020, 9:59:27 PM  [blur] 1
INFO 11/14/2020, 9:59:30 PM  [focus] 1
INFO 11/14/2020, 9:59:30 PM  [blur] 1
INFO 11/14/2020, 9:59:30 PM  [focus] 1
INFO 11/14/2020, 9:59:30 PM  [blur] 1
INFO 11/14/2020, 9:59:30 PM  [focus] 1
INFO 11/14/2020, 9:59:31 PM  addRecentDocument
INFO 11/14/2020, 9:59:54 PM  switchDocument
INFO 11/14/2020, 9:59:54 PM  addRecentDocument
INFO 11/14/2020, 10:00:07 PM  [blur] 1
INFO 11/14/2020, 10:01:10 PM  [focus] 1
INFO 11/14/2020, 10:04:00 PM  [blur] 1
INFO 11/14/2020, 10:04:01 PM  [focus] 1
INFO 11/14/2020, 10:04:03 PM  [blur] 1
INFO 11/14/2020, 10:04:03 PM  [focus] 1
INFO 11/14/2020, 10:04:04 PM  [blur] 1
INFO 11/14/2020, 10:04:04 PM  [focus] 1
INFO 11/14/2020, 10:07:58 PM  [blur] 1
INFO 11/14/2020, 10:08:02 PM  [focus] 1
INFO 11/14/2020, 10:12:26 PM  [blur] 1
INFO 11/14/2020, 10:12:29 PM  [focus] 1
INFO 11/14/2020, 10:12:32 PM  switchDocument
INFO 11/14/2020, 10:12:32 PM  addRecentDocument
INFO 11/14/2020, 10:12:57 PM  switchDocument
INFO 11/14/2020, 10:12:57 PM  addRecentDocument
INFO 11/14/2020, 10:13:06 PM  switchDocument
INFO 11/14/2020, 10:13:06 PM  addRecentDocument
INFO 11/14/2020, 10:13:21 PM  [blur] 1
INFO 11/14/2020, 10:17:02 PM  [focus] 1
INFO 11/14/2020, 10:17:03 PM  [blur] 1
INFO 11/14/2020, 10:17:16 PM  [focus] 1
INFO 11/14/2020, 10:17:39 PM  ----------------before-quit-----------------
INFO 11/14/2020, 10:17:39 PM  ------------------will-quit------------------
INFO 11/15/2020, 12:41:03 PM  ------------------start------------------
INFO 11/15/2020, 12:41:03 PM  typora version: 0.9.96
DEBUG 11/15/2020, 12:41:03 PM  [
  '/usr/share/typora/Typora',
  '/home/jeff/Dropbox/journal/bible/newt/romans/romans03a-moo.md'
]
DEBUG 11/15/2020, 12:41:03 PM  app.openFile
INFO 11/15/2020, 12:41:03 PM  addRecentDocument
INFO 11/15/2020, 12:41:03 PM  [Raven] instanceKey = 2e2e7cd8-edf8-4e79-97a5-6ec71794daae
INFO 11/15/2020, 12:41:03 PM  [Raven] userId = 1608746f-a0df-4b8f-99bb-31fa17894f66
INFO 11/15/2020, 12:41:03 PM  [focus] 1
INFO 11/15/2020, 12:41:11 PM  switchDocument
INFO 11/15/2020, 12:41:11 PM  addRecentDocument
INFO 11/15/2020, 12:41:22 PM  switchDocument
INFO 11/15/2020, 12:41:22 PM  addRecentDocument
INFO 11/15/2020, 12:41:23 PM  switchDocument
INFO 11/15/2020, 12:41:23 PM  addRecentDocument
DEBUG 11/15/2020, 12:41:23 PM  lastSync null, timestamp 1605465672017, mtime 1605412784506.5889
INFO 11/15/2020, 12:41:24 PM  switchDocument
INFO 11/15/2020, 12:41:24 PM  addRecentDocument
DEBUG 11/15/2020, 12:41:24 PM  lastSync null, timestamp 1605465682085, mtime 1605411324379.866
INFO 11/15/2020, 12:41:27 PM  switchDocument
INFO 11/15/2020, 12:41:27 PM  addRecentDocument
DEBUG 11/15/2020, 12:41:27 PM  lastSync null, timestamp 1605465684484, mtime 1605412784506.5889
INFO 11/15/2020, 12:41:38 PM  [blur] 1
INFO 11/15/2020, 12:41:47 PM  [focus] 1
INFO 11/15/2020, 12:41:47 PM  [blur] 1
INFO 11/15/2020, 12:41:47 PM  [focus] 1
INFO 11/15/2020, 12:41:47 PM  [blur] 1
INFO 11/15/2020, 12:41:47 PM  [focus] 1
INFO 11/15/2020, 12:41:47 PM  addRecentDocument
INFO 11/15/2020, 12:41:57 PM  [blur] 1
INFO 11/15/2020, 12:42:03 PM  [focus] 1
INFO 11/15/2020, 12:42:05 PM  [blur] 1
INFO 11/15/2020, 12:42:20 PM  [focus] 1
INFO 11/15/2020, 12:42:35 PM  [blur] 1
INFO 11/15/2020, 12:43:24 PM  [focus] 1
INFO 11/15/2020, 12:43:24 PM  [blur] 1
INFO 11/15/2020, 12:44:14 PM  [focus] 1
INFO 11/15/2020, 12:49:22 PM  [blur] 1
INFO 11/15/2020, 12:50:06 PM  [focus] 1
INFO 11/15/2020, 12:54:09 PM  [blur] 1
INFO 11/15/2020, 12:54:39 PM  [focus] 1
INFO 11/15/2020, 12:58:57 PM  ----------------before-quit-----------------
INFO 11/15/2020, 12:58:57 PM  ------------------will-quit------------------
INFO 11/16/2020, 6:40:17 AM  ------------------start------------------
INFO 11/16/2020, 6:40:17 AM  typora version: 0.9.96
DEBUG 11/16/2020, 6:40:17 AM  [ '/usr/share/typora/Typora' ]
INFO 11/16/2020, 6:40:17 AM  [Raven] instanceKey = 3d0c131b-c0c0-40d8-98d6-74c37618b091
DEBUG 11/16/2020, 6:40:17 AM  app.openFile
INFO 11/16/2020, 6:40:18 AM  [Raven] userId = 1608746f-a0df-4b8f-99bb-31fa17894f66
INFO 11/16/2020, 6:40:18 AM  [focus] 1
INFO 11/16/2020, 6:40:36 AM  addRecentFolder
INFO 11/16/2020, 6:40:41 AM  switchDocument
INFO 11/16/2020, 6:40:41 AM  addRecentDocument
INFO 11/16/2020, 6:42:23 AM  [blur] 1
INFO 11/16/2020, 6:42:23 AM  [focus] 1
INFO 11/16/2020, 6:42:23 AM  [blur] 1
INFO 11/16/2020, 6:42:23 AM  [focus] 1
INFO 11/16/2020, 6:42:23 AM  [blur] 1
INFO 11/16/2020, 6:42:23 AM  [focus] 1
INFO 11/16/2020, 6:42:28 AM  [blur] 1
INFO 11/16/2020, 6:43:58 AM  [focus] 1
INFO 11/16/2020, 6:43:58 AM  [blur] 1
INFO 11/16/2020, 6:44:55 AM  got argv [typora /home/jeff/.config/Typora/themes/Readme.md] from secondary instance
DEBUG 11/16/2020, 6:44:55 AM  app.openFile
INFO 11/16/2020, 6:44:55 AM  addRecentDocument
INFO 11/16/2020, 6:44:55 AM  [focus] 2
INFO 11/16/2020, 6:44:55 AM  secondary instance would exit
INFO 11/16/2020, 6:45:10 AM  [blur] 2
INFO 11/16/2020, 6:45:46 AM  [focus] 2
INFO 11/16/2020, 6:45:51 AM  [focus] 1
INFO 11/16/2020, 6:45:51 AM  [blur] 1
INFO 11/16/2020, 6:45:51 AM  [focus] 1
INFO 11/16/2020, 6:45:51 AM  [blur] 1
INFO 11/16/2020, 6:45:51 AM  [focus] 1
INFO 11/16/2020, 6:46:08 AM  [blur] 1
INFO 11/16/2020, 6:46:13 AM  [focus] 1
INFO 11/16/2020, 6:46:15 AM  [blur] 1
INFO 11/16/2020, 6:46:18 AM  [focus] 1
INFO 11/16/2020, 6:46:19 AM  [blur] 1
INFO 11/16/2020, 6:47:13 AM  [focus] 1
INFO 11/16/2020, 6:47:14 AM  [blur] 1
INFO 11/16/2020, 6:47:15 AM  [focus] 1
INFO 11/16/2020, 6:47:29 AM  [blur] 1
INFO 11/16/2020, 7:15:08 AM  [focus] 1
INFO 11/16/2020, 7:15:08 AM  [blur] 1
INFO 11/16/2020, 7:15:08 AM  [focus] 1
INFO 11/16/2020, 7:15:08 AM  [blur] 1
INFO 11/16/2020, 7:15:08 AM  [focus] 1
INFO 11/16/2020, 7:15:23 AM  [blur] 1
INFO 11/16/2020, 7:16:17 AM  [focus] 1
INFO 11/16/2020, 7:16:40 AM  [blur] 1
INFO 11/16/2020, 7:17:18 AM  [focus] 1
INFO 11/16/2020, 7:17:24 AM  switchDocument
INFO 11/16/2020, 7:17:24 AM  addRecentDocument
INFO 11/16/2020, 7:17:27 AM  switchDocument
INFO 11/16/2020, 7:17:27 AM  addRecentDocument
DEBUG 11/16/2020, 7:17:27 AM  lastSync 1605532641644.5369, timestamp 1605532644689, mtime 1605532641644.5369
INFO 11/16/2020, 7:17:40 AM  [blur] 1
INFO 11/16/2020, 7:19:23 AM  [focus] 1
INFO 11/16/2020, 7:20:39 AM  [blur] 1
INFO 11/16/2020, 7:21:22 AM  [focus] 1
INFO 11/16/2020, 7:21:27 AM  ----------------before-quit-----------------
INFO 11/16/2020, 7:21:27 AM  ------------------will-quit------------------
INFO 11/16/2020, 7:21:30 AM  ------------------start------------------
INFO 11/16/2020, 7:21:30 AM  typora version: 0.9.96
DEBUG 11/16/2020, 7:21:30 AM  [ '/usr/share/typora/Typora' ]
INFO 11/16/2020, 7:21:30 AM  [Raven] instanceKey = 246a0561-3de6-430b-996e-599fa55fdc15
DEBUG 11/16/2020, 7:21:30 AM  app.openFile
INFO 11/16/2020, 7:21:30 AM  [Raven] userId = 1608746f-a0df-4b8f-99bb-31fa17894f66
INFO 11/16/2020, 7:21:30 AM  [focus] 1
INFO 11/16/2020, 7:21:39 AM  addRecentFolder
INFO 11/16/2020, 7:21:44 AM  switchDocument
INFO 11/16/2020, 7:21:44 AM  addRecentDocument
INFO 11/16/2020, 7:22:12 AM  [blur] 1
INFO 11/16/2020, 7:22:13 AM  [focus] 1
INFO 11/16/2020, 7:22:14 AM  [blur] 1
INFO 11/16/2020, 7:22:30 AM  [focus] 1
INFO 11/16/2020, 7:22:33 AM  ----------------before-quit-----------------
INFO 11/16/2020, 7:22:33 AM  ------------------will-quit------------------
INFO 11/16/2020, 7:22:35 AM  ------------------start------------------
INFO 11/16/2020, 7:22:35 AM  typora version: 0.9.96
DEBUG 11/16/2020, 7:22:35 AM  [ '/usr/share/typora/Typora' ]
INFO 11/16/2020, 7:22:35 AM  [Raven] instanceKey = 70c20572-e046-4223-ae2b-8f6e144ebc44
DEBUG 11/16/2020, 7:22:35 AM  app.openFile
INFO 11/16/2020, 7:22:35 AM  [Raven] userId = 1608746f-a0df-4b8f-99bb-31fa17894f66
INFO 11/16/2020, 7:22:35 AM  [focus] 1
INFO 11/16/2020, 7:22:38 AM  addRecentFolder
INFO 11/16/2020, 7:22:43 AM  switchDocument
INFO 11/16/2020, 7:22:43 AM  addRecentDocument
INFO 11/16/2020, 7:23:30 AM  [blur] 1
INFO 11/16/2020, 7:23:39 AM  [focus] 1
INFO 11/16/2020, 7:23:40 AM  [blur] 1
INFO 11/16/2020, 7:25:38 AM  [focus] 1
INFO 11/16/2020, 7:25:38 AM  [blur] 1
INFO 11/16/2020, 7:25:38 AM  [focus] 1
INFO 11/16/2020, 7:25:38 AM  [blur] 1
INFO 11/16/2020, 7:25:38 AM  [focus] 1
INFO 11/16/2020, 7:25:43 AM  [blur] 1
INFO 11/16/2020, 7:25:44 AM  [focus] 1
INFO 11/16/2020, 7:25:48 AM  ----------------before-quit-----------------
INFO 11/16/2020, 7:25:48 AM  ------------------will-quit------------------
INFO 11/16/2020, 7:25:51 AM  ------------------start------------------
INFO 11/16/2020, 7:25:51 AM  typora version: 0.9.96
DEBUG 11/16/2020, 7:25:51 AM  [ '/usr/share/typora/Typora' ]
INFO 11/16/2020, 7:25:51 AM  [Raven] instanceKey = 924b3ba3-6e1c-4beb-a0bf-98c071c7ecdf
DEBUG 11/16/2020, 7:25:51 AM  app.openFile
INFO 11/16/2020, 7:25:51 AM  [Raven] userId = 1608746f-a0df-4b8f-99bb-31fa17894f66
INFO 11/16/2020, 7:25:51 AM  [focus] 1
INFO 11/16/2020, 7:25:53 AM  addRecentFolder
INFO 11/16/2020, 7:26:00 AM  switchDocument
INFO 11/16/2020, 7:26:00 AM  addRecentDocument
INFO 11/16/2020, 7:26:01 AM  switchDocument
INFO 11/16/2020, 7:26:01 AM  addRecentDocument
INFO 11/16/2020, 7:26:14 AM  switchDocument
INFO 11/16/2020, 7:26:14 AM  addRecentDocument
DEBUG 11/16/2020, 7:26:14 AM  lastSync null, timestamp 1605533160781, mtime 1605532641644.5369
INFO 11/16/2020, 7:26:15 AM  switchDocument
INFO 11/16/2020, 7:26:15 AM  addRecentDocument
DEBUG 11/16/2020, 7:26:15 AM  lastSync null, timestamp 1605533161761, mtime 1605413542573.2847
INFO 11/16/2020, 7:26:17 AM  switchDocument
INFO 11/16/2020, 7:26:17 AM  addRecentDocument
DEBUG 11/16/2020, 7:26:17 AM  lastSync null, timestamp 1605533175601, mtime 1605532641644.5369
INFO 11/16/2020, 7:26:33 AM  switchDocument
INFO 11/16/2020, 7:26:33 AM  addRecentDocument
DEBUG 11/16/2020, 7:26:33 AM  lastSync null, timestamp 1605533177793, mtime 1605413542573.2847
INFO 11/16/2020, 7:26:44 AM  switchDocument
INFO 11/16/2020, 7:26:44 AM  addRecentDocument
INFO 11/16/2020, 7:26:46 AM  switchDocument
INFO 11/16/2020, 7:26:46 AM  addRecentDocument
INFO 11/16/2020, 7:27:16 AM  [blur] 1
INFO 11/16/2020, 7:27:35 AM  [focus] 1
INFO 11/16/2020, 7:29:06 AM  ----------------before-quit-----------------
INFO 11/16/2020, 7:29:06 AM  ------------------will-quit------------------
INFO 11/16/2020, 7:36:36 AM  ------------------start------------------
INFO 11/16/2020, 7:36:36 AM  typora version: 0.9.96
DEBUG 11/16/2020, 7:36:36 AM  [ '/usr/share/typora/Typora' ]
INFO 11/16/2020, 7:36:36 AM  [Raven] instanceKey = 0cc81dca-f2c5-41f6-b781-3dd61231a1bf
DEBUG 11/16/2020, 7:36:36 AM  app.openFile
INFO 11/16/2020, 7:36:36 AM  [Raven] userId = 1608746f-a0df-4b8f-99bb-31fa17894f66
INFO 11/16/2020, 7:36:36 AM  [focus] 1
INFO 11/16/2020, 7:36:40 AM  addRecentFolder
INFO 11/16/2020, 7:36:46 AM  switchDocument
INFO 11/16/2020, 7:36:46 AM  addRecentDocument
INFO 11/16/2020, 7:37:06 AM  [blur] 1
INFO 11/16/2020, 7:37:14 AM  [focus] 1
INFO 11/16/2020, 7:37:17 AM  switchDocument
INFO 11/16/2020, 7:37:17 AM  addRecentDocument
INFO 11/16/2020, 7:37:18 AM  switchDocument
INFO 11/16/2020, 7:37:18 AM  addRecentDocument
DEBUG 11/16/2020, 7:37:18 AM  lastSync 1605533835907.9163, timestamp 1605533837590, mtime 1605533835907.9163
INFO 11/16/2020, 7:37:20 AM  switchDocument
INFO 11/16/2020, 7:37:20 AM  addRecentDocument
DEBUG 11/16/2020, 7:37:20 AM  lastSync null, timestamp 1605533837624, mtime 1603583180269.8955
INFO 11/16/2020, 7:37:21 AM  switchDocument
INFO 11/16/2020, 7:37:21 AM  addRecentDocument
DEBUG 11/16/2020, 7:37:21 AM  lastSync 1605533839804.583, timestamp 1605533840831, mtime 1605533839804.583
INFO 11/16/2020, 7:37:58 AM  [blur] 1
INFO 11/16/2020, 7:37:59 AM  [focus] 1
INFO 11/16/2020, 7:38:13 AM  window.File && (function() {
					ClientCommand.zoomIn();
				})();
INFO 11/16/2020, 7:38:20 AM  window.File && (function() {
					ClientCommand.resetZoom();
				})();
INFO 11/16/2020, 7:38:33 AM  [blur] 1
INFO 11/16/2020, 7:39:06 AM  [focus] 1
INFO 11/16/2020, 7:39:15 AM  [blur] 1
INFO 11/16/2020, 7:40:31 AM  [focus] 1
INFO 11/16/2020, 7:40:33 AM  [blur] 1
INFO 11/16/2020, 7:40:46 AM  [focus] 1
INFO 11/16/2020, 7:40:48 AM  ----------------before-quit-----------------
INFO 11/16/2020, 7:40:48 AM  ------------------will-quit------------------
INFO 11/16/2020, 7:40:51 AM  ------------------start------------------
INFO 11/16/2020, 7:40:51 AM  typora version: 0.9.96
DEBUG 11/16/2020, 7:40:51 AM  [ '/usr/share/typora/Typora' ]
INFO 11/16/2020, 7:40:51 AM  [Raven] instanceKey = f71a8b73-68bb-4e0f-8a91-abb902c213a4
DEBUG 11/16/2020, 7:40:51 AM  app.openFile
INFO 11/16/2020, 7:40:51 AM  [Raven] userId = 1608746f-a0df-4b8f-99bb-31fa17894f66
INFO 11/16/2020, 7:40:51 AM  [focus] 1
INFO 11/16/2020, 7:40:54 AM  addRecentFolder
INFO 11/16/2020, 7:40:56 AM  switchDocument
INFO 11/16/2020, 7:40:56 AM  addRecentDocument
INFO 11/16/2020, 7:41:06 AM  [blur] 1
INFO 11/16/2020, 7:41:37 AM  [focus] 1
INFO 11/16/2020, 7:41:43 AM  [blur] 1
INFO 11/16/2020, 7:42:12 AM  [focus] 1
INFO 11/16/2020, 7:42:13 AM  ----------------before-quit-----------------
INFO 11/16/2020, 7:42:13 AM  ------------------will-quit------------------
INFO 11/16/2020, 7:42:18 AM  ------------------start------------------
INFO 11/16/2020, 7:42:18 AM  typora version: 0.9.96
DEBUG 11/16/2020, 7:42:18 AM  [ '/usr/share/typora/Typora' ]
INFO 11/16/2020, 7:42:18 AM  [Raven] instanceKey = 1c50aa0f-18c6-462b-9e7c-d19147807093
DEBUG 11/16/2020, 7:42:18 AM  app.openFile
INFO 11/16/2020, 7:42:18 AM  [Raven] userId = 1608746f-a0df-4b8f-99bb-31fa17894f66
INFO 11/16/2020, 7:42:18 AM  [focus] 1
INFO 11/16/2020, 7:42:21 AM  addRecentFolder
INFO 11/16/2020, 7:42:24 AM  switchDocument
INFO 11/16/2020, 7:42:24 AM  addRecentDocument
INFO 11/16/2020, 7:42:48 AM  [blur] 1
INFO 11/16/2020, 7:42:51 AM  [focus] 1
INFO 11/16/2020, 7:42:51 AM  [blur] 1
INFO 11/16/2020, 7:48:35 AM  [focus] 1
INFO 11/16/2020, 7:48:38 AM  [blur] 1
INFO 11/16/2020, 7:48:47 AM  [focus] 1
INFO 11/16/2020, 7:48:51 AM  [blur] 1
INFO 11/16/2020, 7:49:07 AM  [focus] 1
INFO 11/16/2020, 7:49:14 AM  [blur] 1
INFO 11/16/2020, 7:49:32 AM  [focus] 1
INFO 11/16/2020, 7:49:35 AM  [blur] 1
INFO 11/16/2020, 7:49:42 AM  [focus] 1
INFO 11/16/2020, 7:49:46 AM  [blur] 1
INFO 11/16/2020, 7:50:03 AM  [focus] 1
INFO 11/16/2020, 7:50:05 AM  [blur] 1
INFO 11/16/2020, 7:50:22 AM  [focus] 1
INFO 11/16/2020, 7:50:23 AM  ----------------before-quit-----------------
INFO 11/16/2020, 7:50:23 AM  ------------------will-quit------------------
INFO 11/16/2020, 7:50:28 AM  ------------------start------------------
INFO 11/16/2020, 7:50:28 AM  typora version: 0.9.96
DEBUG 11/16/2020, 7:50:28 AM  [ '/usr/share/typora/Typora' ]
INFO 11/16/2020, 7:50:28 AM  [Raven] instanceKey = a647bd57-4e88-4481-994b-24eee01f3305
DEBUG 11/16/2020, 7:50:28 AM  app.openFile
INFO 11/16/2020, 7:50:28 AM  [Raven] userId = 1608746f-a0df-4b8f-99bb-31fa17894f66
INFO 11/16/2020, 7:50:28 AM  [focus] 1
INFO 11/16/2020, 7:50:31 AM  addRecentFolder
INFO 11/16/2020, 7:50:41 AM  switchDocument
INFO 11/16/2020, 7:50:41 AM  addRecentDocument
INFO 11/16/2020, 7:51:14 AM  [blur] 1
INFO 11/16/2020, 7:51:38 AM  [focus] 1
INFO 11/16/2020, 7:51:40 AM  [blur] 1
INFO 11/16/2020, 7:52:36 AM  [focus] 1
INFO 11/16/2020, 7:52:38 AM  [blur] 1
INFO 11/16/2020, 7:53:19 AM  [focus] 1
INFO 11/16/2020, 7:53:22 AM  [blur] 1
INFO 11/16/2020, 7:54:11 AM  [focus] 1
INFO 11/16/2020, 7:54:20 AM  [blur] 1
INFO 11/16/2020, 7:54:26 AM  [focus] 1
INFO 11/16/2020, 7:54:29 AM  [blur] 1
INFO 11/16/2020, 7:55:51 AM  [focus] 1
INFO 11/16/2020, 7:55:51 AM  [blur] 1
INFO 11/16/2020, 7:55:51 AM  [focus] 1
INFO 11/16/2020, 7:55:51 AM  [blur] 1
INFO 11/16/2020, 7:55:51 AM  [focus] 1
INFO 11/16/2020, 7:55:54 AM  ----------------before-quit-----------------
INFO 11/16/2020, 7:55:54 AM  ------------------will-quit------------------
INFO 11/16/2020, 7:55:58 AM  ------------------start------------------
INFO 11/16/2020, 7:55:58 AM  typora version: 0.9.96
DEBUG 11/16/2020, 7:55:58 AM  [ '/usr/share/typora/Typora' ]
INFO 11/16/2020, 7:55:58 AM  [Raven] instanceKey = 8d6b99a5-fb66-43eb-a08f-bf072322b119
DEBUG 11/16/2020, 7:55:58 AM  app.openFile
INFO 11/16/2020, 7:55:59 AM  [Raven] userId = 1608746f-a0df-4b8f-99bb-31fa17894f66
INFO 11/16/2020, 7:55:59 AM  [focus] 1
INFO 11/16/2020, 7:56:02 AM  addRecentFolder
INFO 11/16/2020, 7:56:08 AM  switchDocument
INFO 11/16/2020, 7:56:08 AM  addRecentDocument
INFO 11/16/2020, 7:56:16 AM  switchDocument
INFO 11/16/2020, 7:56:16 AM  addRecentDocument
INFO 11/16/2020, 7:56:18 AM  switchDocument
INFO 11/16/2020, 7:56:18 AM  addRecentDocument
INFO 11/16/2020, 7:56:19 AM  switchDocument
INFO 11/16/2020, 7:56:19 AM  addRecentDocument
INFO 11/16/2020, 7:57:03 AM  [blur] 1
INFO 11/16/2020, 7:57:15 AM  [focus] 1
INFO 11/16/2020, 7:57:27 AM  [blur] 1
INFO 11/16/2020, 7:57:34 AM  [focus] 1
INFO 11/16/2020, 7:57:34 AM  [blur] 1
INFO 11/16/2020, 7:57:34 AM  [focus] 1
INFO 11/16/2020, 7:57:34 AM  [blur] 1
INFO 11/16/2020, 7:57:34 AM  [focus] 1
INFO 11/16/2020, 7:57:35 AM  [blur] 1
INFO 11/16/2020, 7:57:43 AM  [focus] 1
INFO 11/16/2020, 7:57:44 AM  [blur] 1
INFO 11/16/2020, 8:48:03 AM  [focus] 1
INFO 11/16/2020, 8:48:11 AM  ----------------before-quit-----------------
INFO 11/16/2020, 8:48:11 AM  ------------------will-quit------------------
INFO 11/16/2020, 8:48:17 AM  ------------------start------------------
INFO 11/16/2020, 8:48:17 AM  typora version: 0.9.96
DEBUG 11/16/2020, 8:48:17 AM  [ '/usr/share/typora/Typora' ]
INFO 11/16/2020, 8:48:17 AM  [Raven] instanceKey = 82ea4540-ef2f-45f7-8c9e-cc28dbb046a1
DEBUG 11/16/2020, 8:48:17 AM  app.openFile
INFO 11/16/2020, 8:48:17 AM  [Raven] userId = 1608746f-a0df-4b8f-99bb-31fa17894f66
INFO 11/16/2020, 8:48:17 AM  [focus] 1
INFO 11/16/2020, 8:48:21 AM  addRecentFolder
INFO 11/16/2020, 8:48:26 AM  switchDocument
INFO 11/16/2020, 8:48:26 AM  addRecentDocument
INFO 11/16/2020, 8:48:48 AM  [blur] 1
INFO 11/16/2020, 8:49:23 AM  [focus] 1
INFO 11/16/2020, 8:49:39 AM  ----------------before-quit-----------------
INFO 11/16/2020, 8:49:39 AM  ------------------will-quit------------------
INFO 11/16/2020, 8:49:47 AM  ------------------start------------------
INFO 11/16/2020, 8:49:47 AM  typora version: 0.9.96
DEBUG 11/16/2020, 8:49:47 AM  [ '/usr/share/typora/Typora' ]
INFO 11/16/2020, 8:49:47 AM  [Raven] instanceKey = 3dc692fb-d526-439a-a151-87b6bf55fa1c
DEBUG 11/16/2020, 8:49:47 AM  app.openFile
INFO 11/16/2020, 8:49:47 AM  [Raven] userId = 1608746f-a0df-4b8f-99bb-31fa17894f66
INFO 11/16/2020, 8:49:47 AM  [focus] 1
INFO 11/16/2020, 8:49:50 AM  addRecentFolder
INFO 11/16/2020, 8:49:54 AM  switchDocument
INFO 11/16/2020, 8:49:54 AM  addRecentDocument
INFO 11/16/2020, 8:50:04 AM  load file [/tmp/1605538204449-0.1022171220272663.html] for PDF export
INFO 11/16/2020, 8:50:04 AM  [blur] 1
INFO 11/16/2020, 8:50:04 AM  generate print window with id 2
INFO 11/16/2020, 8:50:07 AM  [focus] 1
INFO 11/16/2020, 8:50:07 AM  [blur] 1
INFO 11/16/2020, 8:50:07 AM  [focus] 1
INFO 11/16/2020, 8:50:07 AM  [blur] 1
INFO 11/16/2020, 8:50:07 AM  [focus] 1
INFO 11/16/2020, 8:50:07 AM  [RenderProcess 1][Log] export PDF to /home/jeff/Dropbox/journal/bible/newt/romans/romans03c-keller.pdf
INFO 11/16/2020, 8:50:08 AM  [blur] 1
INFO 11/16/2020, 8:50:59 AM  [focus] 1
INFO 11/16/2020, 8:51:01 AM  [blur] 1
INFO 11/16/2020, 8:52:03 AM  [focus] 1
INFO 11/16/2020, 8:53:59 AM  [blur] 1
INFO 11/16/2020, 8:56:21 AM  [focus] 1
INFO 11/16/2020, 8:56:28 AM  [blur] 1
INFO 11/16/2020, 8:56:44 AM  [focus] 1
INFO 11/16/2020, 8:56:45 AM  [blur] 1
INFO 11/16/2020, 8:58:16 AM  [focus] 1
INFO 11/16/2020, 8:58:20 AM  [blur] 1
INFO 11/16/2020, 9:01:36 AM  [focus] 1
INFO 11/16/2020, 9:01:38 AM  [blur] 1
INFO 11/16/2020, 9:01:48 AM  [focus] 1
INFO 11/16/2020, 9:01:50 AM  [blur] 1
INFO 11/16/2020, 9:01:53 AM  [focus] 1
INFO 11/16/2020, 9:01:57 AM  [blur] 1
INFO 11/16/2020, 9:03:21 AM  [focus] 1
INFO 11/16/2020, 9:03:25 AM  ----------------before-quit-----------------
INFO 11/16/2020, 9:03:25 AM  ------------------will-quit------------------
INFO 11/16/2020, 9:03:30 AM  ------------------start------------------
INFO 11/16/2020, 9:03:30 AM  typora version: 0.9.96
DEBUG 11/16/2020, 9:03:30 AM  [ '/usr/share/typora/Typora' ]
INFO 11/16/2020, 9:03:30 AM  [Raven] instanceKey = 4fc3f37e-e968-46f2-a727-cbe9eb85500b
DEBUG 11/16/2020, 9:03:30 AM  app.openFile
INFO 11/16/2020, 9:03:30 AM  [Raven] userId = 1608746f-a0df-4b8f-99bb-31fa17894f66
INFO 11/16/2020, 9:03:30 AM  [focus] 1
INFO 11/16/2020, 9:03:36 AM  addRecentFolder
INFO 11/16/2020, 9:03:40 AM  switchDocument
INFO 11/16/2020, 9:03:40 AM  addRecentDocument
INFO 11/16/2020, 9:03:48 AM  [blur] 1
INFO 11/16/2020, 9:03:59 AM  [focus] 1
INFO 11/16/2020, 9:04:00 AM  switchDocument
INFO 11/16/2020, 9:04:00 AM  addRecentDocument
INFO 11/16/2020, 9:04:01 AM  switchDocument
INFO 11/16/2020, 9:04:01 AM  addRecentDocument
INFO 11/16/2020, 9:04:07 AM  switchDocument
INFO 11/16/2020, 9:04:07 AM  addRecentDocument
INFO 11/16/2020, 9:04:08 AM  switchDocument
INFO 11/16/2020, 9:04:08 AM  addRecentDocument
INFO 11/16/2020, 9:04:21 AM  ----------------before-quit-----------------
INFO 11/16/2020, 9:04:21 AM  ------------------will-quit------------------
INFO 11/16/2020, 9:07:08 AM  ------------------start------------------
INFO 11/16/2020, 9:07:08 AM  typora version: 0.9.96
DEBUG 11/16/2020, 9:07:08 AM  [ '/usr/share/typora/Typora' ]
INFO 11/16/2020, 9:07:08 AM  [Raven] instanceKey = 96ba4e6e-35fe-495c-a7f2-7cd5cb2377d2
DEBUG 11/16/2020, 9:07:08 AM  app.openFile
INFO 11/16/2020, 9:07:08 AM  [Raven] userId = 1608746f-a0df-4b8f-99bb-31fa17894f66
INFO 11/16/2020, 9:07:08 AM  [focus] 1
INFO 11/16/2020, 9:07:11 AM  addRecentFolder
INFO 11/16/2020, 9:07:14 AM  switchDocument
INFO 11/16/2020, 9:07:14 AM  addRecentDocument
INFO 11/16/2020, 9:07:19 AM  switchDocument
INFO 11/16/2020, 9:07:19 AM  addRecentDocument
INFO 11/16/2020, 9:07:21 AM  switchDocument
INFO 11/16/2020, 9:07:21 AM  addRecentDocument
DEBUG 11/16/2020, 9:07:21 AM  lastSync null, timestamp 1605539234980, mtime 1605533187447.891
INFO 11/16/2020, 9:07:27 AM  switchDocument
INFO 11/16/2020, 9:07:27 AM  addRecentDocument
INFO 11/16/2020, 9:07:30 AM  switchDocument
INFO 11/16/2020, 9:07:30 AM  addRecentDocument
INFO 11/16/2020, 9:07:32 AM  switchDocument
INFO 11/16/2020, 9:07:32 AM  addRecentDocument
DEBUG 11/16/2020, 9:07:32 AM  lastSync null, timestamp 1605539247415, mtime 1605533839804.583
INFO 11/16/2020, 9:07:36 AM  ----------------before-quit-----------------
INFO 11/16/2020, 9:07:36 AM  ------------------will-quit------------------
INFO 11/16/2020, 9:09:04 AM  ------------------start------------------
INFO 11/16/2020, 9:09:04 AM  typora version: 0.9.96
DEBUG 11/16/2020, 9:09:04 AM  [ '/usr/share/typora/Typora' ]
INFO 11/16/2020, 9:09:04 AM  [Raven] instanceKey = 31054ead-0a3f-4316-a0eb-9b3b31341463
DEBUG 11/16/2020, 9:09:04 AM  app.openFile
INFO 11/16/2020, 9:09:04 AM  [Raven] userId = 1608746f-a0df-4b8f-99bb-31fa17894f66
INFO 11/16/2020, 9:09:04 AM  [focus] 1
INFO 11/16/2020, 9:09:08 AM  addRecentFolder
INFO 11/16/2020, 9:09:10 AM  switchDocument
INFO 11/16/2020, 9:09:10 AM  addRecentDocument
INFO 11/16/2020, 9:09:13 AM  switchDocument
INFO 11/16/2020, 9:09:13 AM  addRecentDocument
INFO 11/16/2020, 9:09:34 AM  load file [/tmp/1605539374158-0.569121283089906.html] for PDF export
INFO 11/16/2020, 9:09:34 AM  [blur] 1
INFO 11/16/2020, 9:09:34 AM  generate print window with id 2
INFO 11/16/2020, 9:09:41 AM  [focus] 1
INFO 11/16/2020, 9:09:41 AM  [blur] 1
INFO 11/16/2020, 9:09:41 AM  [focus] 1
INFO 11/16/2020, 9:09:41 AM  [blur] 1
INFO 11/16/2020, 9:09:41 AM  [focus] 1
INFO 11/16/2020, 9:09:41 AM  [RenderProcess 1][Log] export PDF to /home/jeff/Dropbox/journal/bible/newt/romans/romans03c-keller.pdf
INFO 11/16/2020, 9:09:41 AM  [blur] 1
INFO 11/16/2020, 9:11:18 AM  [focus] 1
INFO 11/16/2020, 9:11:23 AM  switchDocument
INFO 11/16/2020, 9:11:23 AM  addRecentDocument
INFO 11/16/2020, 9:11:24 AM  switchDocument
INFO 11/16/2020, 9:11:24 AM  addRecentDocument
INFO 11/16/2020, 9:11:26 AM  switchDocument
INFO 11/16/2020, 9:11:26 AM  addRecentDocument
INFO 11/16/2020, 9:11:36 AM  [blur] 1
INFO 11/16/2020, 9:24:16 AM  [focus] 1
INFO 11/16/2020, 9:24:17 AM  ----------------before-quit-----------------
INFO 11/16/2020, 9:24:17 AM  ------------------will-quit------------------
INFO 11/16/2020, 9:24:24 AM  ------------------start------------------
INFO 11/16/2020, 9:24:24 AM  typora version: 0.9.96
DEBUG 11/16/2020, 9:24:24 AM  [ '/usr/share/typora/Typora' ]
INFO 11/16/2020, 9:24:24 AM  [Raven] instanceKey = 0b0fbeb9-5de4-4f0b-b7ea-4fe38e600155
DEBUG 11/16/2020, 9:24:24 AM  app.openFile
INFO 11/16/2020, 9:24:24 AM  [Raven] userId = 1608746f-a0df-4b8f-99bb-31fa17894f66
INFO 11/16/2020, 9:24:25 AM  [focus] 1
INFO 11/16/2020, 9:24:27 AM  addRecentFolder
INFO 11/16/2020, 9:24:30 AM  switchDocument
INFO 11/16/2020, 9:24:30 AM  addRecentDocument
INFO 11/16/2020, 9:24:32 AM  switchDocument
INFO 11/16/2020, 9:24:32 AM  addRecentDocument
INFO 11/16/2020, 9:24:54 AM  switchDocument
INFO 11/16/2020, 9:24:54 AM  addRecentDocument
INFO 11/16/2020, 9:24:58 AM  switchDocument
INFO 11/16/2020, 9:24:58 AM  addRecentDocument
DEBUG 11/16/2020, 9:24:58 AM  lastSync null, timestamp 1605540272117, mtime 1605533187447.891
INFO 11/16/2020, 9:24:59 AM  switchDocument
INFO 11/16/2020, 9:24:59 AM  addRecentDocument
DEBUG 11/16/2020, 9:24:59 AM  lastSync null, timestamp 1605540294436, mtime 1605533200391.225
INFO 11/16/2020, 9:25:04 AM  switchDocument
INFO 11/16/2020, 9:25:04 AM  addRecentDocument
INFO 11/16/2020, 9:25:24 AM  load file [/tmp/1605540324060-0.4386221086416162.html] for PDF export
INFO 11/16/2020, 9:25:24 AM  [blur] 1
INFO 11/16/2020, 9:25:24 AM  generate print window with id 2
INFO 11/16/2020, 9:25:26 AM  [focus] 1
INFO 11/16/2020, 9:25:26 AM  [blur] 1
INFO 11/16/2020, 9:25:26 AM  [focus] 1
INFO 11/16/2020, 9:25:26 AM  [blur] 1
INFO 11/16/2020, 9:25:26 AM  [focus] 1
INFO 11/16/2020, 9:25:26 AM  [RenderProcess 1][Log] export PDF to /home/jeff/Dropbox/journal/bible/newt/romans/romans03c-keller.pdf
INFO 11/16/2020, 9:25:27 AM  [blur] 1
INFO 11/16/2020, 9:25:45 AM  [focus] 1
INFO 11/16/2020, 9:25:47 AM  [blur] 1
INFO 11/16/2020, 9:26:38 AM  [focus] 1
INFO 11/16/2020, 9:26:44 AM  switchDocument
INFO 11/16/2020, 9:26:44 AM  addRecentDocument
INFO 11/16/2020, 9:26:45 AM  switchDocument
INFO 11/16/2020, 9:26:45 AM  addRecentDocument
INFO 11/16/2020, 9:26:46 AM  switchDocument
INFO 11/16/2020, 9:26:46 AM  addRecentDocument
INFO 11/16/2020, 9:26:51 AM  load file [/tmp/1605540411095-0.7590461537482245.html] for PDF export
INFO 11/16/2020, 9:26:51 AM  [blur] 1
INFO 11/16/2020, 9:26:51 AM  generate print window with id 3
INFO 11/16/2020, 9:26:53 AM  [focus] 1
INFO 11/16/2020, 9:26:53 AM  [blur] 1
INFO 11/16/2020, 9:26:53 AM  [focus] 1
INFO 11/16/2020, 9:26:53 AM  [blur] 1
INFO 11/16/2020, 9:26:53 AM  [focus] 1
INFO 11/16/2020, 9:26:53 AM  [RenderProcess 1][Log] export PDF to /home/jeff/Dropbox/journal/bible/newt/romans/romans03a-moo.pdf
INFO 11/16/2020, 9:26:54 AM  [blur] 1
INFO 11/16/2020, 9:27:22 AM  [focus] 1
INFO 11/16/2020, 9:27:36 AM  [blur] 1
INFO 11/16/2020, 9:33:46 AM  got argv [typora /home/jeff/.config/Typora/themes/Typora-Law-School-master/README.md] from secondary instance
DEBUG 11/16/2020, 9:33:46 AM  app.openFile
INFO 11/16/2020, 9:33:46 AM  addRecentDocument
INFO 11/16/2020, 9:33:46 AM  [focus] 4
INFO 11/16/2020, 9:33:46 AM  [blur] 4
INFO 11/16/2020, 9:33:46 AM  [focus] 4
INFO 11/16/2020, 9:33:48 AM  [blur] 4
INFO 11/16/2020, 9:33:48 AM  [focus] 4
INFO 11/16/2020, 9:33:48 AM  [blur] 4
INFO 11/16/2020, 9:33:48 AM  [focus] 4
INFO 11/16/2020, 9:33:48 AM  [blur] 4
INFO 11/16/2020, 9:33:48 AM  [focus] 4
INFO 11/16/2020, 9:35:29 AM  got argv [typora /home/jeff/.config/Typora/themes/Typora-Law-School-master/How to Use this Theme.md] from secondary instance
DEBUG 11/16/2020, 9:35:29 AM  app.openFile
INFO 11/16/2020, 9:35:29 AM  addRecentDocument
INFO 11/16/2020, 9:35:29 AM  [focus] 5
INFO 11/16/2020, 9:35:29 AM  secondary instance would exit
INFO 11/16/2020, 9:38:38 AM  load file [/tmp/1605541118816-0.7007534853714237.html] for PDF export
INFO 11/16/2020, 9:38:39 AM  [blur] 5
INFO 11/16/2020, 9:38:39 AM  generate print window with id 6
INFO 11/16/2020, 9:38:45 AM  [focus] 5
INFO 11/16/2020, 9:38:45 AM  [blur] 5
INFO 11/16/2020, 9:38:45 AM  [focus] 5
INFO 11/16/2020, 9:38:45 AM  [blur] 5
INFO 11/16/2020, 9:38:45 AM  [focus] 5
INFO 11/16/2020, 9:38:45 AM  [RenderProcess 5][Log] export PDF to 
INFO 11/16/2020, 9:38:46 AM  [blur] 5
INFO 11/16/2020, 9:39:33 AM  got argv [typora /home/jeff/.config/Typora/themes/paper-0.0.3/README.md] from secondary instance
DEBUG 11/16/2020, 9:39:33 AM  app.openFile
INFO 11/16/2020, 9:39:33 AM  addRecentDocument
INFO 11/16/2020, 9:39:33 AM  secondary instance would exit
INFO 11/16/2020, 9:39:34 AM  [focus] 7
INFO 11/16/2020, 9:39:44 AM  [focus] 5
INFO 11/16/2020, 9:39:44 AM  [blur] 5
INFO 11/16/2020, 9:39:44 AM  [focus] 5
INFO 11/16/2020, 9:39:44 AM  [blur] 5
INFO 11/16/2020, 9:39:44 AM  [focus] 5
INFO 11/16/2020, 9:39:48 AM  [focus] 1
INFO 11/16/2020, 9:39:49 AM  [blur] 1
INFO 11/16/2020, 9:42:18 AM  [focus] 1
INFO 11/16/2020, 9:42:18 AM  [blur] 1
INFO 11/16/2020, 9:42:18 AM  [focus] 1
INFO 11/16/2020, 9:42:18 AM  [blur] 1
INFO 11/16/2020, 9:42:18 AM  [focus] 1
INFO 11/16/2020, 9:42:26 AM  ----------------before-quit-----------------
INFO 11/16/2020, 9:42:26 AM  ------------------will-quit------------------
INFO 11/16/2020, 9:42:29 AM  ------------------start------------------
INFO 11/16/2020, 9:42:29 AM  typora version: 0.9.96
DEBUG 11/16/2020, 9:42:29 AM  [ '/usr/share/typora/Typora' ]
INFO 11/16/2020, 9:42:29 AM  [Raven] instanceKey = 63e90491-4786-4eec-b096-6f63e1b27c57
DEBUG 11/16/2020, 9:42:29 AM  app.openFile
INFO 11/16/2020, 9:42:29 AM  [Raven] userId = 1608746f-a0df-4b8f-99bb-31fa17894f66
INFO 11/16/2020, 9:42:29 AM  [focus] 1
INFO 11/16/2020, 9:42:32 AM  addRecentFolder
INFO 11/16/2020, 9:42:36 AM  switchDocument
INFO 11/16/2020, 9:42:36 AM  addRecentDocument
INFO 11/16/2020, 9:42:37 AM  switchDocument
INFO 11/16/2020, 9:42:37 AM  addRecentDocument
INFO 11/16/2020, 9:42:39 AM  switchDocument
INFO 11/16/2020, 9:42:39 AM  addRecentDocument
INFO 11/16/2020, 9:42:40 AM  switchDocument
INFO 11/16/2020, 9:42:40 AM  addRecentDocument
INFO 11/16/2020, 9:42:53 AM  ----------------before-quit-----------------
INFO 11/16/2020, 9:44:38 AM  ------------------start------------------
INFO 11/16/2020, 9:44:38 AM  typora version: 0.9.96
DEBUG 11/16/2020, 9:44:38 AM  [ '/usr/share/typora/Typora' ]
INFO 11/16/2020, 9:44:38 AM  [Raven] instanceKey = fda71bfd-6c76-4ecc-89a2-3391dc5c2191
DEBUG 11/16/2020, 9:44:38 AM  app.openFile
INFO 11/16/2020, 9:44:38 AM  [Raven] userId = 1608746f-a0df-4b8f-99bb-31fa17894f66
INFO 11/16/2020, 9:44:38 AM  [focus] 1
INFO 11/16/2020, 9:44:51 AM  addRecentFolder
INFO 11/16/2020, 9:44:54 AM  switchDocument
INFO 11/16/2020, 9:44:54 AM  addRecentDocument
INFO 11/16/2020, 9:44:58 AM  switchDocument
INFO 11/16/2020, 9:44:58 AM  addRecentDocument
INFO 11/16/2020, 9:45:27 AM  load file [/tmp/1605541527222-0.9560830791333994.html] for PDF export
INFO 11/16/2020, 9:45:27 AM  [blur] 1
INFO 11/16/2020, 9:45:27 AM  generate print window with id 2
INFO 11/16/2020, 9:45:30 AM  [focus] 1
INFO 11/16/2020, 9:45:30 AM  [blur] 1
INFO 11/16/2020, 9:45:30 AM  [focus] 1
INFO 11/16/2020, 9:45:30 AM  [blur] 1
INFO 11/16/2020, 9:45:30 AM  [focus] 1
INFO 11/16/2020, 9:45:30 AM  [RenderProcess 1][Log] export PDF to /home/jeff/Dropbox/journal/bible/newt/romans/romans01b-wrath.pdf
INFO 11/16/2020, 9:45:30 AM  [blur] 1
INFO 11/16/2020, 9:46:13 AM  [focus] 1
INFO 11/16/2020, 9:46:39 AM  load file [/tmp/1605541599556-0.7412227818101875.html] for PDF export
INFO 11/16/2020, 9:46:39 AM  [blur] 1
INFO 11/16/2020, 9:46:40 AM  generate print window with id 3
INFO 11/16/2020, 9:46:42 AM  [focus] 1
INFO 11/16/2020, 9:46:42 AM  [blur] 1
INFO 11/16/2020, 9:46:42 AM  [focus] 1
INFO 11/16/2020, 9:46:42 AM  [blur] 1
INFO 11/16/2020, 9:46:42 AM  [focus] 1
INFO 11/16/2020, 9:46:42 AM  [RenderProcess 1][Log] export PDF to /home/jeff/Dropbox/journal/bible/newt/romans/romans01b-wrath.pdf
INFO 11/16/2020, 9:46:43 AM  [blur] 1
INFO 11/16/2020, 9:47:43 AM  [focus] 1
INFO 11/16/2020, 9:47:47 AM  ----------------before-quit-----------------
INFO 11/16/2020, 9:47:47 AM  ------------------will-quit------------------
INFO 11/16/2020, 10:04:48 AM  ------------------start------------------
INFO 11/16/2020, 10:04:48 AM  typora version: 0.9.96
DEBUG 11/16/2020, 10:04:48 AM  [ '/usr/share/typora/Typora' ]
INFO 11/16/2020, 10:04:48 AM  [Raven] instanceKey = 08e40c37-eb4f-4c69-89a9-2a74afa1e49a
DEBUG 11/16/2020, 10:04:48 AM  app.openFile
INFO 11/16/2020, 10:04:49 AM  [Raven] userId = 1608746f-a0df-4b8f-99bb-31fa17894f66
INFO 11/16/2020, 10:04:49 AM  [focus] 1
INFO 11/16/2020, 10:04:53 AM  addRecentFolder
INFO 11/16/2020, 10:04:59 AM  switchDocument
INFO 11/16/2020, 10:04:59 AM  addRecentDocument
INFO 11/16/2020, 10:05:24 AM  switchDocument
INFO 11/16/2020, 10:05:24 AM  addRecentDocument
INFO 11/16/2020, 10:05:26 AM  switchDocument
INFO 11/16/2020, 10:05:26 AM  addRecentDocument
INFO 11/16/2020, 10:05:57 AM  [blur] 1
INFO 11/16/2020, 10:11:49 AM  [focus] 1
INFO 11/16/2020, 10:11:49 AM  [blur] 1
INFO 11/16/2020, 10:11:49 AM  [focus] 1
INFO 11/16/2020, 10:11:49 AM  [blur] 1
INFO 11/16/2020, 10:11:49 AM  [focus] 1
INFO 11/16/2020, 10:11:52 AM  ----------------before-quit-----------------
INFO 11/16/2020, 10:11:52 AM  ------------------will-quit------------------
INFO 11/16/2020, 10:12:14 AM  ------------------start------------------
INFO 11/16/2020, 10:12:14 AM  typora version: 0.9.96
DEBUG 11/16/2020, 10:12:14 AM  [ '/usr/share/typora/Typora' ]
INFO 11/16/2020, 10:12:15 AM  [Raven] instanceKey = 36b5eb7f-a4ba-4bfd-a20c-5564e8977fbf
DEBUG 11/16/2020, 10:12:15 AM  app.openFile
INFO 11/16/2020, 10:12:15 AM  [Raven] userId = 1608746f-a0df-4b8f-99bb-31fa17894f66
INFO 11/16/2020, 10:12:15 AM  [focus] 1
INFO 11/16/2020, 10:12:18 AM  addRecentFolder
INFO 11/16/2020, 10:12:22 AM  switchDocument
INFO 11/16/2020, 10:12:22 AM  addRecentDocument
INFO 11/16/2020, 10:12:26 AM  switchDocument
INFO 11/16/2020, 10:12:26 AM  addRecentDocument
INFO 11/16/2020, 10:12:51 AM  load file [/tmp/1605543171463-0.09286087480220528.html] for PDF export
INFO 11/16/2020, 10:12:51 AM  [blur] 1
INFO 11/16/2020, 10:12:52 AM  generate print window with id 2
INFO 11/16/2020, 10:12:52 AM  [focus] 1
INFO 11/16/2020, 10:12:53 AM  [blur] 1
INFO 11/16/2020, 10:12:54 AM  [focus] 1
INFO 11/16/2020, 10:12:54 AM  [blur] 1
INFO 11/16/2020, 10:12:55 AM  [focus] 1
INFO 11/16/2020, 10:12:55 AM  [blur] 1
INFO 11/16/2020, 10:12:55 AM  [focus] 1
INFO 11/16/2020, 10:12:55 AM  [blur] 1
INFO 11/16/2020, 10:12:55 AM  [focus] 1
INFO 11/16/2020, 10:12:55 AM  [RenderProcess 1][Log] export PDF to /home/jeff/Dropbox/journal/bible/newt/romans/romans03a-moo.pdf
INFO 11/16/2020, 10:12:56 AM  [blur] 1
INFO 11/16/2020, 10:15:01 AM  [focus] 1
INFO 11/16/2020, 10:15:05 AM  ----------------before-quit-----------------
INFO 11/16/2020, 10:15:05 AM  ------------------will-quit------------------
INFO 11/16/2020, 10:19:35 AM  ------------------start------------------
INFO 11/16/2020, 10:19:35 AM  typora version: 0.9.96
DEBUG 11/16/2020, 10:19:35 AM  [ '/usr/share/typora/Typora' ]
INFO 11/16/2020, 10:19:35 AM  [Raven] instanceKey = 05ffd146-4edb-4ff8-b1fe-2a77638bda24
DEBUG 11/16/2020, 10:19:35 AM  app.openFile
INFO 11/16/2020, 10:19:35 AM  [Raven] userId = 1608746f-a0df-4b8f-99bb-31fa17894f66
INFO 11/16/2020, 10:19:35 AM  [focus] 1
INFO 11/16/2020, 10:19:39 AM  addRecentFolder
INFO 11/16/2020, 10:19:46 AM  switchDocument
INFO 11/16/2020, 10:19:46 AM  addRecentDocument
INFO 11/16/2020, 10:19:57 AM  load file [/tmp/1605543597546-0.21510789347170567.html] for PDF export
INFO 11/16/2020, 10:19:57 AM  [blur] 1
INFO 11/16/2020, 10:19:58 AM  [focus] 1
INFO 11/16/2020, 10:19:58 AM  generate print window with id 2
INFO 11/16/2020, 10:19:58 AM  [blur] 1
INFO 11/16/2020, 10:19:58 AM  [focus] 1
INFO 11/16/2020, 10:19:58 AM  [blur] 1
INFO 11/16/2020, 10:20:00 AM  [focus] 1
INFO 11/16/2020, 10:20:00 AM  [blur] 1
INFO 11/16/2020, 10:20:00 AM  [focus] 1
INFO 11/16/2020, 10:20:00 AM  [blur] 1
INFO 11/16/2020, 10:20:00 AM  [focus] 1
INFO 11/16/2020, 10:20:00 AM  [RenderProcess 1][Log] export PDF to /home/jeff/Dropbox/journal/bible/newt/romans/romans03a-moo.pdf
INFO 11/16/2020, 10:20:00 AM  [blur] 1
INFO 11/16/2020, 10:20:27 AM  [focus] 1
INFO 11/16/2020, 10:20:35 AM  load file [/tmp/1605543635152-0.07154229143560431.html] for PDF export
INFO 11/16/2020, 10:20:35 AM  [blur] 1
INFO 11/16/2020, 10:20:35 AM  generate print window with id 3
INFO 11/16/2020, 10:20:38 AM  [focus] 1
INFO 11/16/2020, 10:20:38 AM  [blur] 1
INFO 11/16/2020, 10:20:38 AM  [focus] 1
INFO 11/16/2020, 10:20:38 AM  [blur] 1
INFO 11/16/2020, 10:20:38 AM  [focus] 1
INFO 11/16/2020, 10:20:38 AM  [RenderProcess 1][Log] export PDF to /home/jeff/Dropbox/journal/bible/newt/romans/romans03a-moo.pdf
INFO 11/16/2020, 10:20:44 AM  [blur] 1
INFO 11/16/2020, 10:21:22 AM  [focus] 1
INFO 11/16/2020, 10:21:48 AM  [blur] 1
INFO 11/16/2020, 10:22:31 AM  [focus] 1
INFO 11/16/2020, 10:22:33 AM  ----------------before-quit-----------------
INFO 11/16/2020, 10:22:35 AM  ------------------start------------------
INFO 11/16/2020, 10:22:35 AM  typora version: 0.9.96
DEBUG 11/16/2020, 10:22:35 AM  [ '/usr/share/typora/Typora' ]
INFO 11/16/2020, 10:22:35 AM  [Raven] instanceKey = 09636a5f-4e57-426e-a982-6be9db9d24e1
DEBUG 11/16/2020, 10:22:35 AM  app.openFile
INFO 11/16/2020, 10:22:36 AM  [Raven] userId = 1608746f-a0df-4b8f-99bb-31fa17894f66
INFO 11/16/2020, 10:22:36 AM  [focus] 1
INFO 11/16/2020, 10:22:42 AM  addRecentFolder
INFO 11/16/2020, 10:22:43 AM  switchDocument
INFO 11/16/2020, 10:22:43 AM  addRecentDocument
INFO 11/16/2020, 10:22:44 AM  switchDocument
INFO 11/16/2020, 10:22:44 AM  addRecentDocument
INFO 11/16/2020, 10:22:57 AM  load file [/tmp/1605543777404-0.1590629416321081.html] for PDF export
INFO 11/16/2020, 10:22:57 AM  [blur] 1
INFO 11/16/2020, 10:22:57 AM  generate print window with id 2
INFO 11/16/2020, 10:23:01 AM  [focus] 1
INFO 11/16/2020, 10:23:01 AM  [blur] 1
INFO 11/16/2020, 10:23:01 AM  [focus] 1
INFO 11/16/2020, 10:23:01 AM  [blur] 1
INFO 11/16/2020, 10:23:01 AM  [focus] 1
INFO 11/16/2020, 10:23:01 AM  [RenderProcess 1][Log] export PDF to /home/jeff/Dropbox/journal/bible/newt/romans/romans01b-wrath.pdf
INFO 11/16/2020, 10:23:01 AM  [blur] 1
INFO 11/16/2020, 11:33:11 AM  got argv [typora /home/jeff/Dropbox/journal/bible/newt/romans/romans03b-moo.md] from secondary instance
DEBUG 11/16/2020, 11:33:11 AM  app.openFile
INFO 11/16/2020, 11:33:11 AM  addRecentDocument
INFO 11/16/2020, 11:33:11 AM  secondary instance would exit
INFO 11/16/2020, 11:33:11 AM  [focus] 3
INFO 11/16/2020, 11:33:20 AM  [focus] 1
INFO 11/16/2020, 11:33:20 AM  [blur] 1
INFO 11/16/2020, 11:33:20 AM  [focus] 1
INFO 11/16/2020, 11:33:20 AM  [blur] 1
INFO 11/16/2020, 11:33:20 AM  [focus] 1
INFO 11/16/2020, 11:33:21 AM  ----------------before-quit-----------------
INFO 11/16/2020, 11:33:21 AM  ------------------will-quit------------------
INFO 11/16/2020, 11:33:35 AM  ------------------start------------------
INFO 11/16/2020, 11:33:35 AM  typora version: 0.9.96
DEBUG 11/16/2020, 11:33:35 AM  [
  '/usr/share/typora/Typora',
  '/home/jeff/Dropbox/journal/bible/newt/romans/romans03c-keller.md'
]
DEBUG 11/16/2020, 11:33:35 AM  app.openFile
INFO 11/16/2020, 11:33:35 AM  addRecentDocument
INFO 11/16/2020, 11:33:35 AM  [Raven] instanceKey = 6ad309a7-9bb9-4301-a9cc-4b472c4a0b7f
INFO 11/16/2020, 11:33:35 AM  [Raven] userId = 1608746f-a0df-4b8f-99bb-31fa17894f66
INFO 11/16/2020, 11:33:35 AM  [focus] 1
INFO 11/16/2020, 11:33:52 AM  [blur] 1
INFO 11/16/2020, 11:34:27 AM  [focus] 1
INFO 11/16/2020, 11:34:36 AM  ----------------before-quit-----------------
INFO 11/16/2020, 11:34:36 AM  ------------------will-quit------------------
INFO 11/17/2020, 8:32:11 AM  ------------------start------------------
INFO 11/17/2020, 8:32:11 AM  typora version: 0.9.96
DEBUG 11/17/2020, 8:32:11 AM  [ '/usr/share/typora/Typora' ]
INFO 11/17/2020, 8:32:11 AM  [Raven] instanceKey = c1802cd5-b275-4187-afa2-dc842589727b
DEBUG 11/17/2020, 8:32:11 AM  app.openFile
INFO 11/17/2020, 8:32:11 AM  [Raven] userId = 1608746f-a0df-4b8f-99bb-31fa17894f66
INFO 11/17/2020, 8:32:11 AM  [focus] 1
INFO 11/17/2020, 8:32:20 AM  addRecentFolder
INFO 11/17/2020, 8:32:32 AM  switchDocument
INFO 11/17/2020, 8:32:32 AM  addRecentDocument
INFO 11/17/2020, 8:33:07 AM  [blur] 1
INFO 11/17/2020, 8:33:41 AM  [focus] 1
INFO 11/17/2020, 8:37:00 AM  [blur] 1
INFO 11/17/2020, 8:37:20 AM  [focus] 1
INFO 11/17/2020, 8:49:46 AM  [blur] 1
INFO 11/17/2020, 8:49:56 AM  [focus] 1
INFO 11/17/2020, 8:55:26 AM  [blur] 1
INFO 11/17/2020, 8:55:31 AM  [focus] 1
INFO 11/17/2020, 8:57:02 AM  load file [/tmp/1605625022963-0.7249421092792054.html] for PDF export
INFO 11/17/2020, 8:57:03 AM  [blur] 1
INFO 11/17/2020, 8:57:03 AM  generate print window with id 2
INFO 11/17/2020, 8:57:05 AM  [focus] 1
INFO 11/17/2020, 8:57:05 AM  [blur] 1
INFO 11/17/2020, 8:57:05 AM  [focus] 1
INFO 11/17/2020, 8:57:05 AM  [blur] 1
INFO 11/17/2020, 8:57:05 AM  [focus] 1
INFO 11/17/2020, 8:57:05 AM  [RenderProcess 1][Log] export PDF to /home/jeff/Dropbox/journal/bible/newt/romans/romans03b-moo.pdf
INFO 11/17/2020, 8:57:06 AM  [blur] 1
INFO 11/17/2020, 8:58:30 AM  [focus] 1
INFO 11/17/2020, 8:58:53 AM  [blur] 1
INFO 11/17/2020, 8:58:54 AM  [focus] 1
INFO 11/17/2020, 8:58:59 AM  load file [/tmp/1605625139337-0.7357847506166701.html] for PDF export
INFO 11/17/2020, 8:58:59 AM  [blur] 1
INFO 11/17/2020, 8:58:59 AM  generate print window with id 3
INFO 11/17/2020, 8:59:02 AM  [focus] 1
INFO 11/17/2020, 8:59:02 AM  [blur] 1
INFO 11/17/2020, 8:59:02 AM  [focus] 1
INFO 11/17/2020, 8:59:02 AM  [blur] 1
INFO 11/17/2020, 8:59:02 AM  [focus] 1
INFO 11/17/2020, 8:59:02 AM  [RenderProcess 1][Log] export PDF to /home/jeff/Dropbox/journal/bible/newt/romans/romans03b-moo.pdf
INFO 11/17/2020, 8:59:02 AM  [blur] 1
INFO 11/17/2020, 8:59:37 AM  [focus] 1
INFO 11/17/2020, 8:59:42 AM  [blur] 1
INFO 11/17/2020, 8:59:58 AM  [focus] 1
INFO 11/17/2020, 9:01:41 AM  [blur] 1
INFO 11/17/2020, 9:01:48 AM  [focus] 1
INFO 11/17/2020, 9:01:48 AM  [blur] 1
INFO 11/17/2020, 9:02:09 AM  [focus] 1
INFO 11/17/2020, 9:06:06 AM  [blur] 1
INFO 11/17/2020, 9:06:59 AM  [focus] 1
INFO 11/17/2020, 9:09:19 AM  [blur] 1
INFO 11/17/2020, 9:09:33 AM  [focus] 1
INFO 11/17/2020, 9:10:24 AM  [blur] 1
INFO 11/17/2020, 9:11:12 AM  [focus] 1
INFO 11/17/2020, 9:12:21 AM  [blur] 1
INFO 11/17/2020, 9:12:39 AM  [focus] 1
INFO 11/17/2020, 9:14:06 AM  load file [/tmp/1605626046759-0.1813358907248941.html] for PDF export
INFO 11/17/2020, 9:14:07 AM  [blur] 1
INFO 11/17/2020, 9:14:07 AM  generate print window with id 4
INFO 11/17/2020, 9:14:09 AM  [focus] 1
INFO 11/17/2020, 9:14:09 AM  [blur] 1
INFO 11/17/2020, 9:14:09 AM  [focus] 1
INFO 11/17/2020, 9:14:09 AM  [blur] 1
INFO 11/17/2020, 9:14:09 AM  [focus] 1
INFO 11/17/2020, 9:14:09 AM  [RenderProcess 1][Log] export PDF to /home/jeff/Dropbox/journal/bible/newt/romans/romans03b-moo.pdf
INFO 11/17/2020, 9:14:11 AM  [blur] 1
INFO 11/17/2020, 9:14:49 AM  [focus] 1
INFO 11/17/2020, 9:14:51 AM  [blur] 1
INFO 11/17/2020, 9:14:52 AM  [focus] 1
INFO 11/17/2020, 9:14:54 AM  ----------------before-quit-----------------
INFO 11/17/2020, 9:14:54 AM  ------------------will-quit------------------
INFO 11/17/2020, 9:18:06 AM  ------------------start------------------
INFO 11/17/2020, 9:18:06 AM  typora version: 0.9.96
DEBUG 11/17/2020, 9:18:06 AM  [ '/usr/share/typora/Typora' ]
INFO 11/17/2020, 9:18:06 AM  [Raven] instanceKey = 1171d015-cf0f-4234-8262-67e97f826733
DEBUG 11/17/2020, 9:18:06 AM  app.openFile
INFO 11/17/2020, 9:18:06 AM  [Raven] userId = 1608746f-a0df-4b8f-99bb-31fa17894f66
INFO 11/17/2020, 9:18:06 AM  [focus] 1
INFO 11/17/2020, 9:18:09 AM  addRecentFolder
INFO 11/17/2020, 9:18:14 AM  switchDocument
INFO 11/17/2020, 9:18:14 AM  addRecentDocument
INFO 11/17/2020, 9:18:26 AM  load file [/tmp/1605626306481-0.24072898597776637.html] for PDF export
INFO 11/17/2020, 9:18:26 AM  [blur] 1
INFO 11/17/2020, 9:18:27 AM  generate print window with id 2
INFO 11/17/2020, 9:18:30 AM  [focus] 1
INFO 11/17/2020, 9:18:30 AM  [blur] 1
INFO 11/17/2020, 9:18:30 AM  [focus] 1
INFO 11/17/2020, 9:18:30 AM  [blur] 1
INFO 11/17/2020, 9:18:30 AM  [focus] 1
INFO 11/17/2020, 9:18:30 AM  [RenderProcess 1][Log] export PDF to /home/jeff/Dropbox/journal/bible/newt/romans/romans03b-moo.pdf
INFO 11/17/2020, 9:18:30 AM  [blur] 1
INFO 11/17/2020, 9:18:33 AM  [focus] 1
INFO 11/17/2020, 9:18:37 AM  [blur] 1
INFO 11/17/2020, 9:18:42 AM  [focus] 1
INFO 11/17/2020, 9:18:43 AM  [blur] 1
INFO 11/17/2020, 9:19:40 AM  [focus] 1
INFO 11/17/2020, 9:19:46 AM  ----------------before-quit-----------------
INFO 11/17/2020, 9:19:46 AM  ------------------will-quit------------------
INFO 11/20/2020, 10:16:55 AM  ------------------start------------------
INFO 11/20/2020, 10:16:55 AM  typora version: 0.9.96
DEBUG 11/20/2020, 10:16:55 AM  [ '/usr/share/typora/Typora' ]
INFO 11/20/2020, 10:16:55 AM  [Raven] instanceKey = 147f34c4-65ff-4937-8498-c37b20cc3252
DEBUG 11/20/2020, 10:16:55 AM  app.openFile
INFO 11/20/2020, 10:16:55 AM  [Raven] userId = 1608746f-a0df-4b8f-99bb-31fa17894f66
INFO 11/20/2020, 10:16:55 AM  [focus] 1
INFO 11/20/2020, 10:17:04 AM  [blur] 1
INFO 11/20/2020, 10:17:28 AM  [focus] 1
INFO 11/20/2020, 10:17:28 AM  [blur] 1
INFO 11/20/2020, 10:17:28 AM  [focus] 1
INFO 11/20/2020, 10:17:28 AM  [blur] 1
INFO 11/20/2020, 10:17:28 AM  [focus] 1
INFO 11/20/2020, 10:17:28 AM  addRecentFolder
INFO 11/20/2020, 10:17:49 AM  [blur] 1
INFO 11/20/2020, 10:18:07 AM  [focus] 1
INFO 11/20/2020, 10:18:07 AM  [blur] 1
INFO 11/20/2020, 10:18:07 AM  [focus] 1
INFO 11/20/2020, 10:18:07 AM  [blur] 1
INFO 11/20/2020, 10:18:07 AM  [focus] 1
INFO 11/20/2020, 10:18:07 AM  addRecentDocument
INFO 11/20/2020, 10:18:11 AM  ----------------before-quit-----------------
INFO 11/20/2020, 10:18:11 AM  ------------------will-quit------------------
INFO 11/21/2020, 6:07:58 AM  ------------------start------------------
INFO 11/21/2020, 6:07:58 AM  typora version: 0.9.96
DEBUG 11/21/2020, 6:07:58 AM  [
  '/usr/share/typora/Typora',
  '/home/jeff/Dropbox/journal/bible/newt/romans/romans03b-moo.md'
]
DEBUG 11/21/2020, 6:07:58 AM  app.openFile
INFO 11/21/2020, 6:07:58 AM  addRecentDocument
INFO 11/21/2020, 6:07:58 AM  [Raven] instanceKey = 2943567e-392c-42a3-a465-26a253e1b55f
INFO 11/21/2020, 6:07:58 AM  [Raven] userId = 1608746f-a0df-4b8f-99bb-31fa17894f66
INFO 11/21/2020, 6:07:59 AM  [focus] 1
INFO 11/21/2020, 6:08:05 AM  [blur] 1
INFO 11/21/2020, 6:08:11 AM  [focus] 1
INFO 11/21/2020, 6:08:22 AM  [blur] 1
INFO 11/21/2020, 6:08:26 AM  [focus] 1
INFO 11/21/2020, 6:08:27 AM  switchDocument
INFO 11/21/2020, 6:08:27 AM  addRecentDocument
INFO 11/21/2020, 6:08:48 AM  [blur] 1
INFO 11/21/2020, 6:23:32 AM  [focus] 1
INFO 11/21/2020, 6:23:32 AM  [blur] 1
INFO 11/21/2020, 6:31:14 AM  [focus] 1
INFO 11/21/2020, 6:31:32 AM  [blur] 1
INFO 11/21/2020, 6:32:21 AM  [focus] 1
INFO 11/21/2020, 6:32:37 AM  [blur] 1
INFO 11/21/2020, 6:32:42 AM  [focus] 1
INFO 11/21/2020, 6:32:42 AM  [blur] 1
INFO 11/21/2020, 6:32:42 AM  [focus] 1
INFO 11/21/2020, 6:32:42 AM  [blur] 1
INFO 11/21/2020, 6:32:42 AM  [focus] 1
INFO 11/21/2020, 6:32:42 AM  addRecentDocument
INFO 11/21/2020, 6:32:52 AM  switchDocument
INFO 11/21/2020, 6:32:52 AM  addRecentDocument
INFO 11/21/2020, 6:32:58 AM  switchDocument
INFO 11/21/2020, 6:32:58 AM  addRecentDocument
DEBUG 11/21/2020, 6:32:58 AM  lastSync 1605961966318.1477, timestamp 1605961963538, mtime 1605961966318.1477
INFO 11/21/2020, 6:33:00 AM  switchDocument
INFO 11/21/2020, 6:33:00 AM  addRecentDocument
INFO 11/21/2020, 6:33:07 AM  switchDocument
INFO 11/21/2020, 6:33:07 AM  addRecentDocument
INFO 11/21/2020, 6:33:10 AM  [blur] 1
INFO 11/21/2020, 6:33:20 AM  [focus] 1
INFO 11/21/2020, 6:37:54 AM  [blur] 1
INFO 11/21/2020, 6:38:05 AM  [focus] 1
INFO 11/21/2020, 6:40:49 AM  [blur] 1
INFO 11/21/2020, 6:41:27 AM  [focus] 1
INFO 11/21/2020, 6:42:06 AM  [blur] 1
INFO 11/21/2020, 6:44:01 AM  [focus] 1
INFO 11/21/2020, 6:44:13 AM  [blur] 1
INFO 11/21/2020, 6:44:21 AM  [focus] 1
INFO 11/21/2020, 6:44:30 AM  [blur] 1
INFO 11/21/2020, 6:44:40 AM  [focus] 1
INFO 11/21/2020, 6:45:18 AM  [blur] 1
INFO 11/21/2020, 6:45:20 AM  [focus] 1
INFO 11/21/2020, 6:45:31 AM  [blur] 1
INFO 11/21/2020, 10:46:51 AM  [focus] 1
INFO 11/21/2020, 10:46:55 AM  [blur] 1
INFO 11/21/2020, 10:46:57 AM  [focus] 1
INFO 11/21/2020, 10:47:47 AM  [blur] 1
INFO 11/21/2020, 10:48:15 AM  [focus] 1
INFO 11/21/2020, 10:48:16 AM  [blur] 1
INFO 11/21/2020, 11:10:10 AM  [focus] 1
INFO 11/21/2020, 11:10:10 AM  [blur] 1
INFO 11/21/2020, 11:11:23 AM  [focus] 1
INFO 11/21/2020, 11:13:44 AM  [blur] 1
INFO 11/21/2020, 11:14:34 AM  [focus] 1
INFO 11/21/2020, 11:21:12 AM  [blur] 1
INFO 11/21/2020, 11:21:16 AM  [focus] 1
INFO 11/21/2020, 11:22:01 AM  [blur] 1
INFO 11/21/2020, 11:22:03 AM  [focus] 1
INFO 11/21/2020, 11:23:17 AM  [blur] 1
INFO 11/21/2020, 11:31:26 AM  [focus] 1
INFO 11/21/2020, 11:31:40 AM  [blur] 1
INFO 11/21/2020, 11:32:15 AM  [focus] 1
INFO 11/21/2020, 11:32:23 AM  [blur] 1
INFO 11/21/2020, 11:35:33 AM  [focus] 1
INFO 11/21/2020, 11:35:36 AM  [blur] 1
INFO 11/21/2020, 11:38:25 AM  [focus] 1
INFO 11/21/2020, 11:38:32 AM  [blur] 1
INFO 11/21/2020, 11:38:36 AM  [focus] 1
INFO 11/21/2020, 11:46:06 AM  [blur] 1
INFO 11/21/2020, 11:46:42 AM  [focus] 1
INFO 11/21/2020, 11:46:42 AM  [blur] 1
INFO 11/21/2020, 11:46:49 AM  [focus] 1
INFO 11/21/2020, 11:49:01 AM  [blur] 1
INFO 11/21/2020, 11:49:47 AM  [focus] 1
INFO 11/21/2020, 11:50:18 AM  [blur] 1
INFO 11/21/2020, 11:50:32 AM  [focus] 1
INFO 11/21/2020, 11:53:53 AM  [blur] 1
INFO 11/21/2020, 11:54:10 AM  [focus] 1
INFO 11/21/2020, 11:54:10 AM  [blur] 1
INFO 11/21/2020, 11:54:10 AM  [focus] 1
INFO 11/21/2020, 11:54:10 AM  [blur] 1
INFO 11/21/2020, 11:54:10 AM  [focus] 1
INFO 11/21/2020, 11:54:12 AM  [blur] 1
INFO 11/21/2020, 12:01:28 PM  [focus] 1
INFO 11/21/2020, 12:01:34 PM  [blur] 1
INFO 11/21/2020, 12:03:17 PM  [focus] 1
INFO 11/21/2020, 12:04:12 PM  [blur] 1
INFO 11/21/2020, 12:04:32 PM  [focus] 1
INFO 11/21/2020, 12:07:37 PM  [blur] 1
INFO 11/21/2020, 12:07:46 PM  [focus] 1
INFO 11/21/2020, 12:07:46 PM  [blur] 1
INFO 11/21/2020, 12:31:13 PM  [focus] 1
INFO 11/21/2020, 12:31:14 PM  [blur] 1
INFO 11/21/2020, 12:31:14 PM  [focus] 1
INFO 11/21/2020, 12:31:14 PM  [blur] 1
INFO 11/21/2020, 12:31:15 PM  [focus] 1
INFO 11/21/2020, 12:31:15 PM  [blur] 1
INFO 11/21/2020, 12:36:19 PM  [focus] 1
INFO 11/21/2020, 12:37:17 PM  [blur] 1
INFO 11/21/2020, 12:39:09 PM  [focus] 1
INFO 11/21/2020, 12:41:45 PM  [blur] 1
INFO 11/21/2020, 12:43:30 PM  [focus] 1
INFO 11/21/2020, 12:56:27 PM  [blur] 1
INFO 11/21/2020, 12:56:30 PM  [focus] 1
INFO 11/21/2020, 12:57:18 PM  window.File && (function() {
					ClientCommand.resetZoom();
				})();
INFO 11/21/2020, 1:01:55 PM  [blur] 1
INFO 11/21/2020, 1:02:31 PM  [focus] 1
INFO 11/21/2020, 1:03:25 PM  [blur] 1
INFO 11/21/2020, 1:03:48 PM  [focus] 1
INFO 11/21/2020, 1:05:08 PM  [blur] 1
INFO 11/21/2020, 1:05:19 PM  [focus] 1
INFO 11/21/2020, 1:06:50 PM  [blur] 1
INFO 11/21/2020, 1:07:16 PM  [focus] 1
INFO 11/21/2020, 1:10:18 PM  [blur] 1
INFO 11/21/2020, 1:10:34 PM  [focus] 1
INFO 11/21/2020, 1:10:41 PM  [blur] 1
INFO 11/21/2020, 1:10:51 PM  [focus] 1
INFO 11/21/2020, 1:11:06 PM  [blur] 1
INFO 11/21/2020, 1:11:12 PM  [focus] 1
INFO 11/21/2020, 1:11:38 PM  [blur] 1
INFO 11/21/2020, 1:12:23 PM  [focus] 1
INFO 11/21/2020, 1:12:50 PM  [blur] 1
INFO 11/21/2020, 1:12:58 PM  [focus] 1
INFO 11/21/2020, 1:15:37 PM  [blur] 1
INFO 11/21/2020, 1:16:01 PM  [focus] 1
INFO 11/21/2020, 1:16:44 PM  [blur] 1
INFO 11/21/2020, 1:16:48 PM  [focus] 1
INFO 11/21/2020, 1:17:29 PM  [blur] 1
INFO 11/21/2020, 1:18:09 PM  [focus] 1
INFO 11/21/2020, 1:18:19 PM  [blur] 1
INFO 11/21/2020, 1:18:24 PM  [focus] 1
INFO 11/21/2020, 1:18:35 PM  [blur] 1
INFO 11/21/2020, 1:18:56 PM  [focus] 1
INFO 11/21/2020, 1:18:59 PM  [blur] 1
INFO 11/21/2020, 1:19:05 PM  [focus] 1
INFO 11/21/2020, 1:19:06 PM  [blur] 1
INFO 11/21/2020, 1:19:44 PM  [focus] 1
INFO 11/21/2020, 1:20:02 PM  [blur] 1
INFO 11/21/2020, 1:20:08 PM  [focus] 1
INFO 11/21/2020, 1:20:15 PM  [blur] 1
INFO 11/21/2020, 1:20:27 PM  [focus] 1
INFO 11/21/2020, 1:20:33 PM  [blur] 1
INFO 11/21/2020, 1:21:36 PM  [focus] 1
INFO 11/21/2020, 1:21:38 PM  [blur] 1
INFO 11/21/2020, 1:21:39 PM  [focus] 1
INFO 11/21/2020, 1:21:48 PM  [blur] 1
INFO 11/21/2020, 1:23:39 PM  [focus] 1
INFO 11/21/2020, 1:23:46 PM  [blur] 1
INFO 11/21/2020, 1:25:05 PM  [focus] 1
INFO 11/21/2020, 1:25:06 PM  [blur] 1
INFO 11/21/2020, 1:25:08 PM  [focus] 1
INFO 11/21/2020, 1:25:10 PM  [blur] 1
INFO 11/21/2020, 1:25:17 PM  [focus] 1
INFO 11/21/2020, 1:25:31 PM  [blur] 1
INFO 11/21/2020, 1:25:37 PM  [focus] 1
INFO 11/21/2020, 1:25:45 PM  [blur] 1
INFO 11/21/2020, 1:26:18 PM  [focus] 1
INFO 11/21/2020, 1:28:30 PM  [blur] 1
INFO 11/21/2020, 1:28:38 PM  [focus] 1
INFO 11/21/2020, 1:37:31 PM  [blur] 1
INFO 11/21/2020, 1:37:42 PM  [focus] 1
INFO 11/21/2020, 1:39:11 PM  [blur] 1
INFO 11/21/2020, 1:40:15 PM  [focus] 1
INFO 11/21/2020, 1:43:19 PM  [blur] 1
INFO 11/21/2020, 1:43:19 PM  [focus] 1
INFO 11/21/2020, 1:47:18 PM  [blur] 1
INFO 11/21/2020, 1:48:28 PM  [focus] 1
INFO 11/21/2020, 1:50:23 PM  [blur] 1
INFO 11/21/2020, 1:50:27 PM  [focus] 1
INFO 11/21/2020, 1:50:39 PM  [blur] 1
INFO 11/21/2020, 1:50:54 PM  [focus] 1
INFO 11/21/2020, 1:52:11 PM  [blur] 1
INFO 11/21/2020, 1:52:35 PM  [focus] 1
INFO 11/21/2020, 1:59:33 PM  [blur] 1
INFO 11/21/2020, 2:00:46 PM  [focus] 1
INFO 11/21/2020, 2:01:08 PM  [blur] 1
INFO 11/21/2020, 2:02:35 PM  [focus] 1
INFO 11/21/2020, 2:03:47 PM  [blur] 1
INFO 11/21/2020, 2:34:45 PM  [focus] 1
INFO 11/21/2020, 2:35:04 PM  switchDocument
INFO 11/21/2020, 2:35:04 PM  addRecentDocument
INFO 11/21/2020, 2:35:18 PM  switchDocument
INFO 11/21/2020, 2:35:18 PM  addRecentDocument
DEBUG 11/21/2020, 2:35:18 PM  lastSync 1605990888012.6628, timestamp 1605990904437, mtime 1605990888012.6628
INFO 11/21/2020, 2:35:21 PM  [blur] 1
INFO 11/21/2020, 2:35:44 PM  [focus] 1
INFO 11/21/2020, 2:35:44 PM  [blur] 1
INFO 11/21/2020, 2:35:44 PM  [focus] 1
INFO 11/21/2020, 2:35:44 PM  [blur] 1
INFO 11/21/2020, 2:35:44 PM  [focus] 1
INFO 11/21/2020, 2:36:06 PM  [blur] 1
INFO 11/21/2020, 2:36:14 PM  [focus] 1
INFO 11/21/2020, 2:36:14 PM  [blur] 1
INFO 11/21/2020, 2:36:14 PM  [focus] 1
INFO 11/21/2020, 2:36:14 PM  [blur] 1
INFO 11/21/2020, 2:36:14 PM  [focus] 1
INFO 11/21/2020, 2:36:14 PM  addRecentDocument
INFO 11/21/2020, 2:36:48 PM  [blur] 1
INFO 11/21/2020, 2:40:42 PM  [focus] 1
INFO 11/21/2020, 2:40:47 PM  [blur] 1
INFO 11/21/2020, 2:40:55 PM  [focus] 1
INFO 11/21/2020, 2:40:58 PM  [blur] 1
INFO 11/21/2020, 2:41:04 PM  [focus] 1
INFO 11/21/2020, 2:41:04 PM  [blur] 1
INFO 11/21/2020, 2:41:04 PM  [focus] 1
INFO 11/21/2020, 2:41:04 PM  [blur] 1
INFO 11/21/2020, 2:41:04 PM  [focus] 1
INFO 11/21/2020, 2:41:04 PM  addRecentDocument
INFO 11/21/2020, 2:41:07 PM  [blur] 1
INFO 11/21/2020, 2:41:10 PM  [focus] 1
INFO 11/21/2020, 2:41:12 PM  [blur] 1
INFO 11/21/2020, 2:41:35 PM  [focus] 1
INFO 11/21/2020, 2:48:21 PM  [blur] 1
INFO 11/21/2020, 2:50:44 PM  [focus] 1
INFO 11/21/2020, 2:58:05 PM  [blur] 1
INFO 11/21/2020, 2:58:06 PM  [focus] 1
INFO 11/21/2020, 3:06:22 PM  switchDocument
INFO 11/21/2020, 3:06:22 PM  addRecentDocument
DEBUG 11/21/2020, 3:06:22 PM  lastSync null, timestamp 1605990904461, mtime 1605990974515.9998
INFO 11/21/2020, 3:06:23 PM  [blur] 1
INFO 11/21/2020, 3:09:17 PM  [focus] 1
INFO 11/21/2020, 3:09:28 PM  switchDocument
INFO 11/21/2020, 3:09:28 PM  addRecentDocument
INFO 11/21/2020, 3:09:30 PM  switchDocument
INFO 11/21/2020, 3:09:30 PM  addRecentDocument
DEBUG 11/21/2020, 3:09:30 PM  lastSync null, timestamp 1605992968128, mtime 1605990974515.9998
INFO 11/21/2020, 3:09:58 PM  [blur] 1
INFO 11/21/2020, 3:09:59 PM  [focus] 1
INFO 11/21/2020, 3:10:04 PM  switchDocument
INFO 11/21/2020, 3:10:04 PM  addRecentDocument
INFO 11/21/2020, 3:10:06 PM  switchDocument
INFO 11/21/2020, 3:10:06 PM  addRecentDocument
DEBUG 11/21/2020, 3:10:06 PM  lastSync 1605993001559.4158, timestamp 1605993004825, mtime 1605993001559.4158
INFO 11/21/2020, 3:15:55 PM  [blur] 1
INFO 11/21/2020, 3:17:01 PM  [focus] 1
INFO 11/21/2020, 3:17:19 PM  [blur] 1
INFO 11/21/2020, 3:18:49 PM  [focus] 1
INFO 11/21/2020, 3:18:49 PM  [blur] 1
INFO 11/21/2020, 3:18:49 PM  [focus] 1
INFO 11/21/2020, 3:20:10 PM  [blur] 1
INFO 11/21/2020, 3:20:16 PM  [focus] 1
INFO 11/21/2020, 3:20:32 PM  [blur] 1
INFO 11/21/2020, 3:20:43 PM  [focus] 1
INFO 11/21/2020, 3:38:55 PM  [blur] 1
INFO 11/21/2020, 3:38:56 PM  [focus] 1
INFO 11/21/2020, 3:39:03 PM  [blur] 1
INFO 11/21/2020, 3:40:13 PM  [focus] 1
INFO 11/21/2020, 3:54:08 PM  [blur] 1
INFO 11/21/2020, 3:54:50 PM  [focus] 1
INFO 11/21/2020, 3:59:50 PM  [blur] 1
INFO 11/21/2020, 4:01:33 PM  [focus] 1
INFO 11/21/2020, 4:02:13 PM  [blur] 1
INFO 11/21/2020, 4:02:29 PM  [focus] 1
INFO 11/21/2020, 4:02:48 PM  [blur] 1
INFO 11/21/2020, 4:02:51 PM  [focus] 1
INFO 11/21/2020, 4:06:51 PM  [blur] 1
INFO 11/21/2020, 4:08:01 PM  [focus] 1
INFO 11/21/2020, 4:08:02 PM  [blur] 1
INFO 11/21/2020, 4:08:10 PM  [focus] 1
INFO 11/21/2020, 4:09:20 PM  [blur] 1
INFO 11/21/2020, 4:11:36 PM  [focus] 1
INFO 11/21/2020, 4:11:38 PM  [blur] 1
INFO 11/21/2020, 4:12:10 PM  [focus] 1
INFO 11/21/2020, 4:12:14 PM  ----------------before-quit-----------------
INFO 11/21/2020, 4:12:14 PM  ------------------will-quit------------------
INFO 12/3/2020, 10:51:33 AM  ------------------start------------------
INFO 12/3/2020, 10:51:33 AM  typora version: 0.9.96
DEBUG 12/3/2020, 10:51:33 AM  [
  '/usr/share/typora/Typora',
  '/home/jeff/Dropbox/journal/bible/newt/romans/Romans04b.md'
]
DEBUG 12/3/2020, 10:51:33 AM  app.openFile
INFO 12/3/2020, 10:51:33 AM  addRecentDocument
INFO 12/3/2020, 10:51:33 AM  [Raven] instanceKey = 3cd07459-3036-4b9c-9f26-2b689ba3cea9
INFO 12/3/2020, 10:51:33 AM  [Raven] userId = 1608746f-a0df-4b8f-99bb-31fa17894f66
INFO 12/3/2020, 10:51:35 AM  [focus] 1
INFO 12/3/2020, 10:52:38 AM  [blur] 1
INFO 12/3/2020, 10:53:03 AM  [focus] 1
INFO 12/3/2020, 10:55:23 AM  [blur] 1
INFO 12/3/2020, 10:55:23 AM  [focus] 1
INFO 12/3/2020, 10:55:54 AM  [blur] 1
INFO 12/3/2020, 10:56:44 AM  [focus] 1
INFO 12/3/2020, 10:56:44 AM  [blur] 1
INFO 12/3/2020, 10:57:16 AM  [focus] 1
INFO 12/3/2020, 10:57:17 AM  [blur] 1
INFO 12/3/2020, 10:57:24 AM  [focus] 1
INFO 12/3/2020, 10:58:35 AM  [blur] 1
INFO 12/3/2020, 10:58:38 AM  [focus] 1
INFO 12/3/2020, 10:58:41 AM  [blur] 1
INFO 12/3/2020, 10:58:43 AM  [focus] 1
INFO 12/3/2020, 10:59:07 AM  [blur] 1
INFO 12/3/2020, 10:59:10 AM  [focus] 1
INFO 12/3/2020, 11:00:10 AM  [blur] 1
INFO 12/3/2020, 11:00:12 AM  [focus] 1
INFO 12/3/2020, 11:02:06 AM  [blur] 1
INFO 12/3/2020, 11:02:06 AM  [focus] 1
INFO 12/3/2020, 11:02:10 AM  [blur] 1
INFO 12/3/2020, 11:02:22 AM  [focus] 1
INFO 12/3/2020, 11:04:15 AM  [blur] 1
INFO 12/3/2020, 11:04:19 AM  [focus] 1
INFO 12/3/2020, 11:04:41 AM  [blur] 1
INFO 12/3/2020, 11:04:48 AM  [focus] 1
INFO 12/3/2020, 11:07:19 AM  [blur] 1
INFO 12/3/2020, 11:07:22 AM  [focus] 1
INFO 12/3/2020, 11:08:54 AM  [blur] 1
INFO 12/3/2020, 11:29:22 AM  [focus] 1
INFO 12/3/2020, 11:29:47 AM  [blur] 1
INFO 12/3/2020, 11:30:12 AM  [focus] 1
INFO 12/3/2020, 11:30:44 AM  [blur] 1
INFO 12/3/2020, 11:31:36 AM  [focus] 1
INFO 12/3/2020, 11:31:39 AM  [blur] 1
INFO 12/3/2020, 11:31:48 AM  [focus] 1
INFO 12/3/2020, 11:32:10 AM  [blur] 1
INFO 12/3/2020, 11:32:21 AM  [focus] 1
INFO 12/3/2020, 11:32:21 AM  [blur] 1
INFO 12/3/2020, 11:32:21 AM  [focus] 1
INFO 12/3/2020, 11:32:21 AM  [blur] 1
INFO 12/3/2020, 11:32:21 AM  [focus] 1
INFO 12/3/2020, 11:32:21 AM  addRecentDocument
INFO 12/3/2020, 11:32:22 AM  [blur] 1
INFO 12/3/2020, 11:32:36 AM  [focus] 1
INFO 12/3/2020, 11:32:36 AM  [blur] 1
INFO 12/3/2020, 11:32:36 AM  [focus] 1
INFO 12/3/2020, 11:32:36 AM  [blur] 1
INFO 12/3/2020, 11:32:36 AM  [focus] 1
INFO 12/3/2020, 11:32:36 AM  addRecentDocument
INFO 12/3/2020, 11:32:58 AM  [blur] 1
INFO 12/3/2020, 11:33:21 AM  [focus] 1
INFO 12/3/2020, 11:34:55 AM  [blur] 1
INFO 12/3/2020, 11:35:04 AM  [focus] 1
INFO 12/3/2020, 11:44:25 AM  [blur] 1
INFO 12/3/2020, 11:45:26 AM  [focus] 1
INFO 12/3/2020, 11:47:05 AM  [blur] 1
INFO 12/3/2020, 11:47:07 AM  [focus] 1
INFO 12/3/2020, 11:51:42 AM  [blur] 1
INFO 12/3/2020, 11:51:47 AM  [focus] 1
INFO 12/3/2020, 11:51:47 AM  [blur] 1
INFO 12/3/2020, 11:51:47 AM  [focus] 1
INFO 12/3/2020, 11:51:47 AM  [blur] 1
INFO 12/3/2020, 11:51:47 AM  [focus] 1
INFO 12/3/2020, 11:51:47 AM  addRecentDocument
INFO 12/3/2020, 11:58:19 AM  switchDocument
INFO 12/3/2020, 11:58:19 AM  addRecentDocument
INFO 12/3/2020, 11:58:25 AM  [blur] 1
INFO 12/3/2020, 11:58:37 AM  [focus] 1
INFO 12/3/2020, 11:58:40 AM  ----------------before-quit-----------------
INFO 12/3/2020, 11:58:40 AM  ------------------will-quit------------------
INFO 12/3/2020, 11:58:42 AM  ------------------start------------------
INFO 12/3/2020, 11:58:42 AM  typora version: 0.9.96
DEBUG 12/3/2020, 11:58:42 AM  [
  '/usr/share/typora/Typora',
  '/home/jeff/Dropbox/journal/bible/newt/romans/Romans05a-moo.md'
]
DEBUG 12/3/2020, 11:58:42 AM  app.openFile
INFO 12/3/2020, 11:58:42 AM  addRecentDocument
INFO 12/3/2020, 11:58:43 AM  [Raven] instanceKey = fc78d410-d9d8-4f3f-8c16-c38b2c060e97
INFO 12/3/2020, 11:58:43 AM  [focus] 1
INFO 12/3/2020, 11:58:43 AM  [Raven] userId = 1608746f-a0df-4b8f-99bb-31fa17894f66
INFO 12/3/2020, 11:59:04 AM  [blur] 1
INFO 12/3/2020, 11:59:28 AM  [focus] 1
INFO 12/3/2020, 12:03:37 PM  [blur] 1
INFO 12/3/2020, 12:23:35 PM  [focus] 1
INFO 12/3/2020, 12:23:35 PM  [blur] 1
INFO 12/3/2020, 12:27:25 PM  [focus] 1
INFO 12/3/2020, 12:27:47 PM  [blur] 1
INFO 12/3/2020, 1:44:19 PM  [focus] 1
INFO 12/3/2020, 4:02:10 PM  [blur] 1
INFO 12/3/2020, 4:02:10 PM  [focus] 1
INFO 12/3/2020, 4:02:15 PM  [blur] 1
INFO 12/3/2020, 4:03:05 PM  [focus] 1
INFO 12/3/2020, 4:03:05 PM  [blur] 1
INFO 12/3/2020, 4:12:08 PM  [focus] 1
INFO 12/3/2020, 4:12:08 PM  [blur] 1
INFO 12/3/2020, 4:14:00 PM  [focus] 1
INFO 12/3/2020, 4:14:01 PM  [blur] 1
INFO 12/3/2020, 4:15:01 PM  [focus] 1
INFO 12/3/2020, 4:15:03 PM  [blur] 1
INFO 12/3/2020, 4:16:20 PM  [focus] 1
INFO 12/3/2020, 4:18:03 PM  [blur] 1
INFO 12/3/2020, 4:21:50 PM  [focus] 1
INFO 12/3/2020, 4:21:55 PM  [blur] 1
INFO 12/3/2020, 4:22:47 PM  [focus] 1
INFO 12/3/2020, 4:23:33 PM  [blur] 1
INFO 12/3/2020, 4:24:59 PM  [focus] 1
INFO 12/3/2020, 4:25:01 PM  [blur] 1
INFO 12/3/2020, 8:53:14 PM  [focus] 1
INFO 12/3/2020, 8:53:15 PM  [blur] 1
INFO 12/3/2020, 8:53:16 PM  [focus] 1
INFO 12/3/2020, 8:53:19 PM  ----------------before-quit-----------------
INFO 12/3/2020, 8:53:19 PM  ------------------will-quit------------------
INFO 12/4/2020, 9:27:17 AM  ------------------start------------------
INFO 12/4/2020, 9:27:17 AM  typora version: 0.9.96
DEBUG 12/4/2020, 9:27:17 AM  [ '/usr/share/typora/Typora' ]
INFO 12/4/2020, 9:27:17 AM  [Raven] instanceKey = 033475ff-9687-4977-bcc6-873adc896fa9
DEBUG 12/4/2020, 9:27:17 AM  app.openFile
INFO 12/4/2020, 9:27:17 AM  [Raven] userId = 1608746f-a0df-4b8f-99bb-31fa17894f66
INFO 12/4/2020, 9:27:17 AM  [focus] 1
INFO 12/4/2020, 9:29:57 AM  [blur] 1
INFO 12/4/2020, 9:30:07 AM  [focus] 1
INFO 12/4/2020, 9:30:07 AM  [blur] 1
INFO 12/4/2020, 9:30:07 AM  [focus] 1
INFO 12/4/2020, 9:30:07 AM  [blur] 1
INFO 12/4/2020, 9:30:07 AM  [focus] 1
INFO 12/4/2020, 9:30:07 AM  addRecentDocument
INFO 12/4/2020, 9:30:09 AM  ----------------before-quit-----------------
INFO 12/4/2020, 9:30:09 AM  ------------------will-quit------------------
INFO 12/4/2020, 1:14:59 PM  ------------------start------------------
INFO 12/4/2020, 1:14:59 PM  typora version: 0.9.96
DEBUG 12/4/2020, 1:14:59 PM  [ '/usr/share/typora/Typora' ]
INFO 12/4/2020, 1:14:59 PM  [Raven] instanceKey = bb77ef66-1dca-4964-a30a-33094bbc131e
DEBUG 12/4/2020, 1:14:59 PM  app.openFile
INFO 12/4/2020, 1:14:59 PM  [Raven] userId = 1608746f-a0df-4b8f-99bb-31fa17894f66
INFO 12/4/2020, 1:14:59 PM  [focus] 1
INFO 12/4/2020, 1:15:10 PM  [blur] 1
INFO 12/4/2020, 1:15:43 PM  [focus] 1
INFO 12/4/2020, 1:16:58 PM  [blur] 1
INFO 12/4/2020, 1:23:44 PM  [focus] 1
INFO 12/4/2020, 1:23:48 PM  ----------------before-quit-----------------
INFO 12/4/2020, 1:23:48 PM  ------------------will-quit------------------
INFO 12/5/2020, 8:42:33 PM  ------------------start------------------
INFO 12/5/2020, 8:42:33 PM  typora version: 0.9.96
DEBUG 12/5/2020, 8:42:33 PM  [
  '/usr/share/typora/Typora',
  '/home/jeff/Dropbox/journal/bible/newt/romans/Romans05a-moo.md'
]
DEBUG 12/5/2020, 8:42:33 PM  app.openFile
INFO 12/5/2020, 8:42:33 PM  addRecentDocument
INFO 12/5/2020, 8:42:33 PM  [Raven] instanceKey = 799c26d7-05c0-4d2d-9abb-805193fe4d76
INFO 12/5/2020, 8:42:33 PM  [Raven] userId = 1608746f-a0df-4b8f-99bb-31fa17894f66
INFO 12/5/2020, 8:42:34 PM  [focus] 1
INFO 12/5/2020, 8:42:45 PM  [blur] 1
INFO 12/5/2020, 8:42:53 PM  [focus] 1
INFO 12/5/2020, 8:42:54 PM  [blur] 1
INFO 12/5/2020, 8:42:59 PM  [focus] 1
INFO 12/5/2020, 8:43:06 PM  [blur] 1
INFO 12/5/2020, 8:50:53 PM  [focus] 1
INFO 12/5/2020, 8:50:56 PM  [blur] 1
INFO 12/5/2020, 9:03:00 PM  [focus] 1
INFO 12/5/2020, 9:03:00 PM  [blur] 1
INFO 12/5/2020, 9:15:02 PM  [focus] 1
INFO 12/5/2020, 9:15:05 PM  [blur] 1
INFO 12/5/2020, 9:15:11 PM  [focus] 1
INFO 12/5/2020, 9:15:13 PM  ----------------before-quit-----------------
INFO 12/5/2020, 9:15:13 PM  ------------------will-quit------------------
INFO 12/11/2020, 8:15:50 AM  ------------------start------------------
INFO 12/11/2020, 8:15:50 AM  typora version: 0.9.96
DEBUG 12/11/2020, 8:15:50 AM  [ '/usr/share/typora/Typora' ]
INFO 12/11/2020, 8:15:50 AM  [Raven] instanceKey = ffc1f0b4-3e42-4a89-8264-8ba16945be69
DEBUG 12/11/2020, 8:15:50 AM  app.openFile
INFO 12/11/2020, 8:15:50 AM  [Raven] userId = 1608746f-a0df-4b8f-99bb-31fa17894f66
INFO 12/11/2020, 8:15:50 AM  [focus] 1
INFO 12/11/2020, 8:15:55 AM  [blur] 1
INFO 12/11/2020, 8:16:21 AM  [focus] 1
INFO 12/11/2020, 8:16:38 AM  [blur] 1
INFO 12/11/2020, 8:16:41 AM  [focus] 1
INFO 12/11/2020, 8:16:59 AM  [blur] 1
INFO 12/11/2020, 8:17:11 AM  [focus] 1
INFO 12/11/2020, 8:18:13 AM  [blur] 1
INFO 12/11/2020, 8:18:17 AM  [focus] 1
INFO 12/11/2020, 8:18:38 AM  [blur] 1
INFO 12/11/2020, 8:18:42 AM  [focus] 1
INFO 12/11/2020, 8:18:56 AM  [blur] 1
INFO 12/11/2020, 8:19:07 AM  [focus] 1
INFO 12/11/2020, 8:19:17 AM  [blur] 1
INFO 12/11/2020, 8:19:29 AM  [focus] 1
INFO 12/11/2020, 8:21:47 AM  [blur] 1
INFO 12/11/2020, 8:21:52 AM  [focus] 1
INFO 12/11/2020, 8:22:53 AM  [blur] 1
INFO 12/11/2020, 8:23:13 AM  [focus] 1
INFO 12/11/2020, 8:24:38 AM  [blur] 1
INFO 12/11/2020, 8:24:46 AM  [focus] 1
INFO 12/11/2020, 8:25:11 AM  [blur] 1
INFO 12/11/2020, 8:25:46 AM  [focus] 1
INFO 12/11/2020, 8:26:43 AM  [blur] 1
INFO 12/11/2020, 8:27:14 AM  [focus] 1
INFO 12/11/2020, 8:27:20 AM  [blur] 1
INFO 12/11/2020, 8:28:12 AM  [focus] 1
INFO 12/11/2020, 8:32:17 AM  [blur] 1
INFO 12/11/2020, 8:32:23 AM  [focus] 1
INFO 12/11/2020, 8:32:26 AM  [blur] 1
INFO 12/11/2020, 8:32:30 AM  [focus] 1
INFO 12/11/2020, 8:32:48 AM  [blur] 1
INFO 12/11/2020, 8:32:53 AM  [focus] 1
INFO 12/11/2020, 8:34:15 AM  [blur] 1
INFO 12/11/2020, 8:34:19 AM  [focus] 1
INFO 12/11/2020, 8:34:39 AM  [blur] 1
INFO 12/11/2020, 8:34:51 AM  [focus] 1
INFO 12/11/2020, 8:34:58 AM  [blur] 1
INFO 12/11/2020, 8:35:06 AM  [focus] 1
INFO 12/11/2020, 8:35:25 AM  [blur] 1
INFO 12/11/2020, 8:36:34 AM  [focus] 1
INFO 12/11/2020, 8:36:39 AM  [blur] 1
INFO 12/11/2020, 8:37:08 AM  [focus] 1
INFO 12/11/2020, 8:37:37 AM  [blur] 1
INFO 12/11/2020, 8:38:37 AM  [focus] 1
INFO 12/11/2020, 8:38:54 AM  [blur] 1
INFO 12/11/2020, 8:39:13 AM  [focus] 1
INFO 12/11/2020, 8:42:12 AM  [blur] 1
INFO 12/11/2020, 8:42:29 AM  [focus] 1
INFO 12/11/2020, 8:43:22 AM  [blur] 1
INFO 12/11/2020, 8:43:38 AM  [focus] 1
INFO 12/11/2020, 8:44:41 AM  [blur] 1
INFO 12/11/2020, 8:44:44 AM  [focus] 1
INFO 12/11/2020, 8:45:08 AM  [blur] 1
INFO 12/11/2020, 8:45:52 AM  [focus] 1
INFO 12/11/2020, 8:47:32 AM  [blur] 1
INFO 12/11/2020, 8:47:35 AM  [focus] 1
INFO 12/11/2020, 8:48:50 AM  [blur] 1
INFO 12/11/2020, 8:49:10 AM  [focus] 1
INFO 12/11/2020, 8:49:26 AM  [blur] 1
INFO 12/11/2020, 8:49:31 AM  [focus] 1
INFO 12/11/2020, 8:49:36 AM  [blur] 1
INFO 12/11/2020, 8:51:22 AM  [focus] 1
INFO 12/11/2020, 8:51:55 AM  [blur] 1
INFO 12/11/2020, 8:52:20 AM  [focus] 1
INFO 12/11/2020, 8:53:58 AM  [blur] 1
INFO 12/11/2020, 8:54:04 AM  [focus] 1
INFO 12/11/2020, 8:54:20 AM  [blur] 1
INFO 12/11/2020, 8:54:58 AM  [focus] 1
INFO 12/11/2020, 8:55:08 AM  [blur] 1
INFO 12/11/2020, 8:55:12 AM  [focus] 1
INFO 12/11/2020, 8:56:06 AM  [blur] 1
INFO 12/11/2020, 8:56:45 AM  [focus] 1
INFO 12/11/2020, 8:58:22 AM  [blur] 1
INFO 12/11/2020, 8:58:29 AM  [focus] 1
INFO 12/11/2020, 8:58:42 AM  [blur] 1
INFO 12/11/2020, 8:59:41 AM  [focus] 1
INFO 12/11/2020, 9:00:03 AM  [blur] 1
INFO 12/11/2020, 9:00:21 AM  [focus] 1
INFO 12/11/2020, 9:00:24 AM  [blur] 1
INFO 12/11/2020, 9:00:38 AM  [focus] 1
INFO 12/11/2020, 9:00:38 AM  [blur] 1
INFO 12/11/2020, 9:00:38 AM  [focus] 1
INFO 12/11/2020, 9:00:38 AM  [blur] 1
INFO 12/11/2020, 9:00:38 AM  [focus] 1
INFO 12/11/2020, 9:00:38 AM  addRecentDocument
INFO 12/11/2020, 9:00:51 AM  load file [/tmp/1607698851300-0.7254215910492849.html] for PDF export
INFO 12/11/2020, 9:00:51 AM  [blur] 1
INFO 12/11/2020, 9:00:51 AM  generate print window with id 2
INFO 12/11/2020, 9:00:54 AM  [focus] 1
INFO 12/11/2020, 9:00:54 AM  [blur] 1
INFO 12/11/2020, 9:00:54 AM  [focus] 1
INFO 12/11/2020, 9:00:54 AM  [blur] 1
INFO 12/11/2020, 9:00:54 AM  [focus] 1
INFO 12/11/2020, 9:00:54 AM  [RenderProcess 1][Log] export PDF to /home/jeff/Dropbox/journal/How to Install Archlinux.pdf
INFO 12/11/2020, 9:00:58 AM  ----------------before-quit-----------------
INFO 12/11/2020, 9:00:58 AM  ------------------will-quit------------------
INFO 12/15/2020, 8:00:33 AM  ------------------start------------------
INFO 12/15/2020, 8:00:33 AM  typora version: 0.9.96
DEBUG 12/15/2020, 8:00:33 AM  [
  '/usr/share/typora/Typora',
  '/home/jeff/Dropbox/journal/How to Install Archlinux.md'
]
DEBUG 12/15/2020, 8:00:33 AM  app.openFile
INFO 12/15/2020, 8:00:33 AM  addRecentDocument
INFO 12/15/2020, 8:00:33 AM  [Raven] instanceKey = 175fb77e-e0be-40fd-b7ed-0bdf87843e8f
INFO 12/15/2020, 8:00:33 AM  [Raven] userId = 1608746f-a0df-4b8f-99bb-31fa17894f66
INFO 12/15/2020, 8:00:34 AM  [focus] 1
INFO 12/15/2020, 8:03:20 AM  ----------------before-quit-----------------
INFO 12/15/2020, 8:03:20 AM  ------------------will-quit------------------
