{"logTime":"0508/031922","correlationVector":"EZhfKZ2Q0yqTUXXKeZacRg.2","action":"GetUpdates Response", "result":"SYNCER_OK"}
{"logTime":"0508/031922","correlationVector":"lGZAC/Fp6vT1BRHoJ4H7J3","action":"Commit Request", "result":""}
{"logTime":"0508/031923","correlationVector":"lGZAC/Fp6vT1BRHoJ4H7J3.1","action":"SyncServerConnectionManagerRequest", "result":"SYNC_SERVER_OK", "context":{"environment":"48F630A6-CB1B-4CC7-86AF-0F6627234B58", "server":"BN3PEPF00000867"}}
{"logTime":"0508/031923","correlationVector":"lGZAC/Fp6vT1BRHoJ4H7J3.2","action":"Commit Response", "result":"SYNCER_OK"}
{"logTime":"0508/031925","correlationVector":"Dm3cTip+FjdAZIdIkOZLMt","action":"Commit Request", "result":""}
{"logTime":"0508/031926","correlationVector":"Dm3cTip+FjdAZIdIkOZLMt.1","action":"SyncServerConnectionManagerRequest", "result":"SYNC_SERVER_OK", "context":{"environment":"48F630A6-CB1B-4CC7-86AF-0F6627234B58", "server":"BN3PEPF00000867"}}
{"logTime":"0508/031926","correlationVector":"Dm3cTip+FjdAZIdIkOZLMt.2","action":"Commit Response", "result":"SYNCER_OK"}
{"logTime":"0508/125615","correlationVector":"C/mYsRyBu9lHgR1K+XsFwL.0","action":"FeedSettingFetch_homeCloud", "result":"0", "context":{}}
{"logTime":"0508/125615","correlationVector":"7DNS/iANOHOdrg+ICrQX61","action":"Normal GetUpdate request", "result":""}
{"logTime":"0508/125615","correlationVector":"7DNS/iANOHOdrg+ICrQX61.1","action":"SyncServerConnectionManagerRequest", "result":"SYNC_SERVER_OK", "context":{"environment":"48F630A6-CB1B-4CC7-86AF-0F6627234B58", "server":"BN3PEPF00000869"}}
{"logTime":"0508/125615","correlationVector":"7DNS/iANOHOdrg+ICrQX61.2","action":"GetUpdates Response", "result":"SYNCER_OK"}
{"logTime":"0508/130016","correlationVector":"FDj0GzhRcir+K5yXIMVuCZ","action":"Poll GetUpdate request", "result":""}
{"logTime":"0508/130016","correlationVector":"FDj0GzhRcir+K5yXIMVuCZ.1","action":"SyncServerConnectionManagerRequest", "result":"SYNC_SERVER_OK", "context":{"environment":"48F630A6-CB1B-4CC7-86AF-0F6627234B58", "server":"BN3PEPF00000879"}}
{"logTime":"0508/130016","correlationVector":"FDj0GzhRcir+K5yXIMVuCZ.2","action":"GetUpdates Response", "result":"SYNCER_OK"}
{"logTime":"0508/171859","correlationVector":"xBdgGICYR1AZicOMluPl1T.0","action":"FeedSettingFetch_homeCloud", "result":"0", "context":{}}
{"logTime":"0508/171859","correlationVector":"hSjdp4j7Z2t4YxtemK1FN4","action":"Normal GetUpdate request", "result":""}
{"logTime":"0508/171859","correlationVector":"hSjdp4j7Z2t4YxtemK1FN4.1","action":"SyncServerConnectionManagerRequest", "result":"SYNC_SERVER_OK", "context":{"environment":"48F630A6-CB1B-4CC7-86AF-0F6627234B58", "server":"BN3PEPF00000890"}}
{"logTime":"0508/171859","correlationVector":"hSjdp4j7Z2t4YxtemK1FN4.2","action":"GetUpdates Response", "result":"SYNCER_OK"}
{"logTime":"0508/171859","correlationVector":"blnYn9Ajct4r1q+Pa9NBAd","action":"Commit Request", "result":""}
{"logTime":"0508/171859","correlationVector":"blnYn9Ajct4r1q+Pa9NBAd.1","action":"SyncServerConnectionManagerRequest", "result":"SYNC_SERVER_OK", "context":{"environment":"48F630A6-CB1B-4CC7-86AF-0F6627234B58", "server":"BN3PEPF00000890"}}
{"logTime":"0508/171859","correlationVector":"blnYn9Ajct4r1q+Pa9NBAd.2","action":"Commit Response", "result":"SYNCER_OK"}
{"logTime":"0508/171859","correlationVector":"kueEWcO0fpt45DX2Pd4OTQ","action":"SyncServerConnectionManagerRequest", "result":"SYNC_SERVER_OK", "context":{"environment":"", "server":""}}
{"logTime":"0508/171859","correlationVector":"CixtydAzfofSZ7vBIWQOET","action":"Normal GetUpdate request", "result":""}
{"logTime":"0508/171859","correlationVector":"CixtydAzfofSZ7vBIWQOET.1","action":"SyncServerConnectionManagerRequest", "result":"SYNC_SERVER_OK", "context":{"environment":"48F630A6-CB1B-4CC7-86AF-0F6627234B58", "server":"BN3PEPF00000890"}}
{"logTime":"0508/171859","correlationVector":"CixtydAzfofSZ7vBIWQOET.2","action":"GetUpdates Response", "result":"SYNCER_OK"}
{"logTime":"0508/173254","correlationVector":"553JfC1P2dmIPuglP/dEUC","action":"Commit Request", "result":""}
{"logTime":"0508/173255","correlationVector":"553JfC1P2dmIPuglP/dEUC.1","action":"SyncServerConnectionManagerRequest", "result":"SYNC_SERVER_OK", "context":{"environment":"48F630A6-CB1B-4CC7-86AF-0F6627234B58", "server":"BN3PEPF00000881"}}
{"logTime":"0508/173255","correlationVector":"553JfC1P2dmIPuglP/dEUC.2","action":"Commit Response", "result":"SYNCER_OK"}
{"logTime":"0508/173257","correlationVector":"pJndr3/QPi4LpzsiVqYAzH","action":"Commit Request", "result":""}
{"logTime":"0508/173300","correlationVector":"pJndr3/QPi4LpzsiVqYAzH.1","action":"SyncServerConnectionManagerRequest", "result":"SYNC_SERVER_OK", "context":{"environment":"48F630A6-CB1B-4CC7-86AF-0F6627234B58", "server":"BN3PEPF00000881"}}
{"logTime":"0508/173300","correlationVector":"pJndr3/QPi4LpzsiVqYAzH.2","action":"Commit Response", "result":"SYNCER_OK"}
{"logTime":"0508/182857","correlationVector":"ifXl+xn+W0TeE26GKwyep5.0","action":"FeedSettingFetch_homeCloud", "result":"0", "context":{}}
{"logTime":"0508/182857","correlationVector":"zq+pgccBciXfPO0Ozhwb+T","action":"Normal GetUpdate request", "result":""}
{"logTime":"0508/182857","correlationVector":"zq+pgccBciXfPO0Ozhwb+T.1","action":"SyncServerConnectionManagerRequest", "result":"SYNC_SERVER_OK", "context":{"environment":"CC08A770-3E86-455D-AB51-4C9AF7E3E58F", "server":"BN2BEAP00001E01"}}
{"logTime":"0508/182857","correlationVector":"zq+pgccBciXfPO0Ozhwb+T.2","action":"GetUpdates Response", "result":"SYNCER_OK"}
{"logTime":"0508/183254","correlationVector":"zKG5qjYFt/9N+ojmvgK5Mg.0","action":"FeedSettingFetch_homeCloud", "result":"0", "context":{}}
{"logTime":"0508/183254","correlationVector":"NHFXi4IoA/MOxi/xZEw8zp","action":"Normal GetUpdate request", "result":""}
{"logTime":"0508/183254","correlationVector":"NHFXi4IoA/MOxi/xZEw8zp.1","action":"SyncServerConnectionManagerRequest", "result":"SYNC_SERVER_OK", "context":{"environment":"48F630A6-CB1B-4CC7-86AF-0F6627234B58", "server":"BN3PEPF00000868"}}
{"logTime":"0508/183254","correlationVector":"NHFXi4IoA/MOxi/xZEw8zp.2","action":"GetUpdates Response", "result":"SYNCER_OK"}
{"logTime":"0508/191833","correlationVector":"bc7yCdGz2QT1urcduG0EHP.0","action":"FeedSettingFetch_homeCloud", "result":"0", "context":{}}
{"logTime":"0508/191833","correlationVector":"C9XyjbJpygrkimnpbZXbvJ","action":"Normal GetUpdate request", "result":""}
{"logTime":"0508/191833","correlationVector":"C9XyjbJpygrkimnpbZXbvJ.1","action":"SyncServerConnectionManagerRequest", "result":"SYNC_SERVER_OK", "context":{"environment":"48F630A6-CB1B-4CC7-86AF-0F6627234B58", "server":"BN3PEPF0000086C"}}
{"logTime":"0508/191833","correlationVector":"C9XyjbJpygrkimnpbZXbvJ.2","action":"GetUpdates Response", "result":"SYNCER_OK"}
{"logTime":"0508/194930","correlationVector":"SygEFD6KetukQG/fRXfaEV","action":"Normal GetUpdate request", "result":""}
{"logTime":"0508/194931","correlationVector":"SygEFD6KetukQG/fRXfaEV.1","action":"SyncServerConnectionManagerRequest", "result":"SYNC_SERVER_OK", "context":{"environment":"48F630A6-CB1B-4CC7-86AF-0F6627234B58", "server":"BN3PEPF00000885"}}
{"logTime":"0508/194931","correlationVector":"SygEFD6KetukQG/fRXfaEV.2","action":"GetUpdates Response", "result":"SYNCER_OK"}
{"logTime":"0508/194931","correlationVector":"3MaWoucL/NB/DTOptT7Iwm","action":"Commit Request", "result":""}
{"logTime":"0508/194932","correlationVector":"3MaWoucL/NB/DTOptT7Iwm.1","action":"SyncServerConnectionManagerRequest", "result":"SYNC_SERVER_OK", "context":{"environment":"48F630A6-CB1B-4CC7-86AF-0F6627234B58", "server":"BN3PEPF00000885"}}
{"logTime":"0508/194932","correlationVector":"3MaWoucL/NB/DTOptT7Iwm.2","action":"Commit Response", "result":"SYNCER_OK"}
{"logTime":"0509/015826","correlationVector":"ZPMbdHT9r32rhUOENUKt6z.0","action":"FeedSettingFetch_homeCloud", "result":"0", "context":{}}
{"logTime":"0509/015826","correlationVector":"ylvyN1eZF7wn6wZMBDHdR7","action":"Normal GetUpdate request", "result":""}
{"logTime":"0509/015826","correlationVector":"ylvyN1eZF7wn6wZMBDHdR7.1","action":"SyncServerConnectionManagerRequest", "result":"SYNC_SERVER_OK", "context":{"environment":"48F630A6-CB1B-4CC7-86AF-0F6627234B58", "server":"BN3PEPF00000887"}}
{"logTime":"0509/015826","correlationVector":"ylvyN1eZF7wn6wZMBDHdR7.2","action":"GetUpdates Response", "result":"SYNCER_OK"}
{"logTime":"0509/015906","correlationVector":"xJAbegFoVGk/CH0xS0/NZP.0","action":"FeedSettingFetch_homeCloud", "result":"0", "context":{}}
{"logTime":"0509/015906","correlationVector":"9oH/zoK/4AC4pxS8MGtF7P","action":"Normal GetUpdate request", "result":""}
{"logTime":"0509/015906","correlationVector":"9oH/zoK/4AC4pxS8MGtF7P.1","action":"SyncServerConnectionManagerRequest", "result":"SYNC_SERVER_OK", "context":{"environment":"48F630A6-CB1B-4CC7-86AF-0F6627234B58", "server":"BN3PEPF00000870"}}
{"logTime":"0509/015906","correlationVector":"9oH/zoK/4AC4pxS8MGtF7P.2","action":"GetUpdates Response", "result":"SYNCER_OK"}
{"logTime":"0509/023737","correlationVector":"5+z5n8q0Tgm3MiDMPfuC8Z.0","action":"FeedSettingFetch_homeCloud", "result":"0", "context":{}}
{"logTime":"0509/023737","correlationVector":"ByfXYKqZhEEj2BYXba7oM7","action":"Normal GetUpdate request", "result":""}
{"logTime":"0509/023737","correlationVector":"ByfXYKqZhEEj2BYXba7oM7.1","action":"SyncServerConnectionManagerRequest", "result":"SYNC_SERVER_OK", "context":{"environment":"48F630A6-CB1B-4CC7-86AF-0F6627234B58", "server":"BN3PEPF0000088F"}}
{"logTime":"0509/023737","correlationVector":"ByfXYKqZhEEj2BYXba7oM7.2","action":"GetUpdates Response", "result":"SYNCER_OK"}
{"logTime":"0509/023943","correlationVector":"i3+hcTco8JJyLxyHikkUc2","action":"Poll GetUpdate request", "result":""}
{"logTime":"0509/023943","correlationVector":"i3+hcTco8JJyLxyHikkUc2.1","action":"SyncServerConnectionManagerRequest", "result":"SYNC_SERVER_OK", "context":{"environment":"48F630A6-CB1B-4CC7-86AF-0F6627234B58", "server":"BN3PEPF0000088F"}}
{"logTime":"0509/023943","correlationVector":"i3+hcTco8JJyLxyHikkUc2.2","action":"GetUpdates Response", "result":"SYNCER_OK"}
{"logTime":"0509/024907","correlationVector":"jdPdDujy0nYyvJ9qqoh/m6.0","action":"FeedSettingFetch_homeCloud", "result":"0", "context":{}}
{"logTime":"0509/024907","correlationVector":"Udse92/rKJzMcbEyVEgE+S","action":"Normal GetUpdate request", "result":""}
{"logTime":"0509/024907","correlationVector":"Udse92/rKJzMcbEyVEgE+S.1","action":"SyncServerConnectionManagerRequest", "result":"SYNC_SERVER_OK", "context":{"environment":"48F630A6-CB1B-4CC7-86AF-0F6627234B58", "server":"BN3PEPF0000086E"}}
{"logTime":"0509/024907","correlationVector":"Udse92/rKJzMcbEyVEgE+S.2","action":"GetUpdates Response", "result":"SYNCER_OK"}
{"logTime":"0509/193848","correlationVector":"i5aVO0nrS2bOPNwESmKsL6.0","action":"FeedSettingFetch_homeCloud", "result":"0", "context":{}}
{"logTime":"0509/193848","correlationVector":"i5aVO0nrS2bOPNwESmKsL6.0","action":"SyncServerConnectionManagerRequest", "result":"SYNC_SERVER_OK", "context":{"environment":"", "server":""}}
{"logTime":"0509/193848","correlationVector":"1CbYUddnrSu0W5p3VPVlwa","action":"Normal GetUpdate request", "result":""}
{"logTime":"0509/193849","correlationVector":"1CbYUddnrSu0W5p3VPVlwa.1","action":"SyncServerConnectionManagerRequest", "result":"SYNC_SERVER_OK", "context":{"environment":"48F630A6-CB1B-4CC7-86AF-0F6627234B58", "server":"BN3PEPF00000895"}}
{"logTime":"0509/193849","correlationVector":"1CbYUddnrSu0W5p3VPVlwa.2","action":"GetUpdates Response", "result":"SYNCER_OK"}
{"logTime":"0509/193849","correlationVector":"btxbuEbB/v+la9V5kBqnWi","action":"Commit Request", "result":""}
{"logTime":"0509/193849","correlationVector":"btxbuEbB/v+la9V5kBqnWi.1","action":"SyncServerConnectionManagerRequest", "result":"SYNC_SERVER_OK", "context":{"environment":"48F630A6-CB1B-4CC7-86AF-0F6627234B58", "server":"BN3PEPF00000895"}}
{"logTime":"0509/193849","correlationVector":"btxbuEbB/v+la9V5kBqnWi.2","action":"Commit Response", "result":"SYNCER_OK"}
{"logTime":"0509/193849","correlationVector":"gkWjGQyI1Wba+9j8WF1zRR","action":"Normal GetUpdate request", "result":""}
{"logTime":"0509/193849","correlationVector":"gkWjGQyI1Wba+9j8WF1zRR.1","action":"SyncServerConnectionManagerRequest", "result":"SYNC_SERVER_OK", "context":{"environment":"48F630A6-CB1B-4CC7-86AF-0F6627234B58", "server":"BN3PEPF00000895"}}
{"logTime":"0509/193849","correlationVector":"gkWjGQyI1Wba+9j8WF1zRR.2","action":"GetUpdates Response", "result":"SYNCER_OK"}
{"logTime":"0509/194210","correlationVector":"ObqLN2THu7br5ohA66ux6A","action":"Poll GetUpdate request", "result":""}
{"logTime":"0509/194210","correlationVector":"ObqLN2THu7br5ohA66ux6A.1","action":"SyncServerConnectionManagerRequest", "result":"SYNC_SERVER_OK", "context":{"environment":"48F630A6-CB1B-4CC7-86AF-0F6627234B58", "server":"BN3PEPF0000089E"}}
{"logTime":"0509/194210","correlationVector":"ObqLN2THu7br5ohA66ux6A.2","action":"GetUpdates Response", "result":"SYNCER_OK"}
{"logTime":"0509/201039","correlationVector":"jFxJEDHZ5uJBH5l9hAI5Vm.0","action":"FeedSettingFetch_homeCloud", "result":"0", "context":{}}
{"logTime":"0509/201039","correlationVector":"cfzgI37QjFVzLjjPRLlZ9K","action":"Normal GetUpdate request", "result":""}
{"logTime":"0509/201039","correlationVector":"cfzgI37QjFVzLjjPRLlZ9K.1","action":"SyncServerConnectionManagerRequest", "result":"SYNC_SERVER_OK", "context":{"environment":"48F630A6-CB1B-4CC7-86AF-0F6627234B58", "server":"BN3PEPF0000088E"}}
{"logTime":"0509/201039","correlationVector":"cfzgI37QjFVzLjjPRLlZ9K.2","action":"GetUpdates Response", "result":"SYNCER_OK"}
{"logTime":"0509/202413","correlationVector":"mtB2E22p1C40vjMvpJNbEz","action":"Normal GetUpdate request", "result":""}
{"logTime":"0509/202413","correlationVector":"mtB2E22p1C40vjMvpJNbEz.1","action":"SyncServerConnectionManagerRequest", "result":"SYNC_SERVER_OK", "context":{"environment":"48F630A6-CB1B-4CC7-86AF-0F6627234B58", "server":"BN3PEPF0000086E"}}
{"logTime":"0509/202413","correlationVector":"mtB2E22p1C40vjMvpJNbEz.2","action":"GetUpdates Response", "result":"SYNCER_OK"}
{"logTime":"0509/202413","correlationVector":"oUK1+As+WXlxGUnrIOtmAg","action":"Commit Request", "result":""}
{"logTime":"0509/202415","correlationVector":"oUK1+As+WXlxGUnrIOtmAg.1","action":"SyncServerConnectionManagerRequest", "result":"SYNC_SERVER_OK", "context":{"environment":"48F630A6-CB1B-4CC7-86AF-0F6627234B58", "server":"BN3PEPF0000086E"}}
{"logTime":"0509/202415","correlationVector":"oUK1+As+WXlxGUnrIOtmAg.2","action":"Commit Response", "result":"SYNCER_OK"}
{"logTime":"0509/202443","correlationVector":"NmtM9YnlOPYsyr9Sd1BMqc","action":"Commit Request", "result":""}
{"logTime":"0509/202444","correlationVector":"NmtM9YnlOPYsyr9Sd1BMqc.1","action":"SyncServerConnectionManagerRequest", "result":"SYNC_SERVER_OK", "context":{"environment":"48F630A6-CB1B-4CC7-86AF-0F6627234B58", "server":"BN3PEPF0000086E"}}
{"logTime":"0509/202444","correlationVector":"NmtM9YnlOPYsyr9Sd1BMqc.2","action":"Commit Response", "result":"SYNCER_OK"}
{"logTime":"0509/225627","correlationVector":"4c0vEL4Ua8ozUDxyeuYv2X.0","action":"FeedSettingFetch_homeCloud", "result":"0", "context":{}}
{"logTime":"0509/225627","correlationVector":"ceggrxbzkxoDD+S5gDxTfS","action":"Normal GetUpdate request", "result":""}
{"logTime":"0509/225627","correlationVector":"ceggrxbzkxoDD+S5gDxTfS.1","action":"SyncServerConnectionManagerRequest", "result":"SYNC_SERVER_OK", "context":{"environment":"48F630A6-CB1B-4CC7-86AF-0F6627234B58", "server":"BN3PEPF00000879"}}
{"logTime":"0509/225627","correlationVector":"ceggrxbzkxoDD+S5gDxTfS.2","action":"GetUpdates Response", "result":"SYNCER_OK"}
{"logTime":"0509/231813","correlationVector":"di2MXnWyKDpAY0nVcNT1Cm.0","action":"FeedSettingFetch_homeCloud", "result":"0", "context":{}}
{"logTime":"0509/231813","correlationVector":"VdB5M2VLJozWoDlvzSRW/i","action":"Normal GetUpdate request", "result":""}
{"logTime":"0509/231814","correlationVector":"VdB5M2VLJozWoDlvzSRW/i.1","action":"SyncServerConnectionManagerRequest", "result":"SYNC_SERVER_OK", "context":{"environment":"48F630A6-CB1B-4CC7-86AF-0F6627234B58", "server":"BN3PEPF00000891"}}
{"logTime":"0509/231814","correlationVector":"VdB5M2VLJozWoDlvzSRW/i.2","action":"GetUpdates Response", "result":"SYNCER_OK"}
{"logTime":"0510/002255","correlationVector":"BX43Z2wHcce4HCL+WFmJs4","action":"Normal GetUpdate request", "result":""}
{"logTime":"0510/002256","correlationVector":"BX43Z2wHcce4HCL+WFmJs4.1","action":"SyncServerConnectionManagerRequest", "result":"SYNC_SERVER_OK", "context":{"environment":"48F630A6-CB1B-4CC7-86AF-0F6627234B58", "server":"BN3PEPF00000890"}}
{"logTime":"0510/002256","correlationVector":"BX43Z2wHcce4HCL+WFmJs4.2","action":"GetUpdates Response", "result":"SYNCER_OK"}
{"logTime":"0510/002256","correlationVector":"nIgYsrkd9xam20Mr35boL1","action":"Commit Request", "result":""}
{"logTime":"0510/002257","correlationVector":"nIgYsrkd9xam20Mr35boL1.1","action":"SyncServerConnectionManagerRequest", "result":"SYNC_SERVER_OK", "context":{"environment":"48F630A6-CB1B-4CC7-86AF-0F6627234B58", "server":"BN3PEPF00000890"}}
{"logTime":"0510/002257","correlationVector":"nIgYsrkd9xam20Mr35boL1.2","action":"Commit Response", "result":"SYNCER_OK"}
{"logTime":"0510/002537","correlationVector":"T88k9Srs+9Y0llzhi6vR7K","action":"Commit Request", "result":""}
{"logTime":"0510/002538","correlationVector":"T88k9Srs+9Y0llzhi6vR7K.1","action":"SyncServerConnectionManagerRequest", "result":"SYNC_SERVER_OK", "context":{"environment":"48F630A6-CB1B-4CC7-86AF-0F6627234B58", "server":"BN3PEPF00000894"}}
{"logTime":"0510/002538","correlationVector":"T88k9Srs+9Y0llzhi6vR7K.2","action":"Commit Response", "result":"SYNCER_OK"}
{"logTime":"0510/003252","correlationVector":"MkcsAqqiwvsmRSgokfDlkL","action":"Commit Request", "result":""}
{"logTime":"0510/003253","correlationVector":"MkcsAqqiwvsmRSgokfDlkL.1","action":"SyncServerConnectionManagerRequest", "result":"SYNC_SERVER_OK", "context":{"environment":"48F630A6-CB1B-4CC7-86AF-0F6627234B58", "server":"BN3PEPF0000087D"}}
{"logTime":"0510/003253","correlationVector":"MkcsAqqiwvsmRSgokfDlkL.2","action":"Commit Response", "result":"SYNCER_OK"}
{"logTime":"0510/003339","correlationVector":"4ELas45DEbv0/SNYXLXp7i","action":"Commit Request", "result":""}
{"logTime":"0510/003340","correlationVector":"4ELas45DEbv0/SNYXLXp7i.1","action":"SyncServerConnectionManagerRequest", "result":"SYNC_SERVER_OK", "context":{"environment":"48F630A6-CB1B-4CC7-86AF-0F6627234B58", "server":"BN3PEPF0000087D"}}
{"logTime":"0510/003340","correlationVector":"4ELas45DEbv0/SNYXLXp7i.2","action":"Commit Response", "result":"SYNCER_OK"}
{"logTime":"0510/011110","correlationVector":"8gmDw137fyKcJQkc7S/RRu","action":"Commit Request", "result":""}
{"logTime":"0510/011112","correlationVector":"8gmDw137fyKcJQkc7S/RRu.1","action":"SyncServerConnectionManagerRequest", "result":"SYNC_SERVER_OK", "context":{"environment":"48F630A6-CB1B-4CC7-86AF-0F6627234B58", "server":"BN3PEPF00000890"}}
{"logTime":"0510/011112","correlationVector":"8gmDw137fyKcJQkc7S/RRu.2","action":"Commit Response", "result":"SYNCER_OK"}
{"logTime":"0510/022955","correlationVector":"LePG6NOSYEhtTfMrKLgly/.0","action":"FeedSettingFetch_homeCloud", "result":"0", "context":{}}
{"logTime":"0510/022955","correlationVector":"aDB6ROSGRUIGJXMWa5qggO","action":"Normal GetUpdate request", "result":""}
{"logTime":"0510/022955","correlationVector":"aDB6ROSGRUIGJXMWa5qggO.1","action":"SyncServerConnectionManagerRequest", "result":"SYNC_SERVER_OK", "context":{"environment":"48F630A6-CB1B-4CC7-86AF-0F6627234B58", "server":"BN3PEPF00000885"}}
{"logTime":"0510/022955","correlationVector":"aDB6ROSGRUIGJXMWa5qggO.2","action":"GetUpdates Response", "result":"SYNCER_OK"}
{"logTime":"0510/025616","correlationVector":"e0m0OQnbuf9qmQ9dWev6CM","action":"Commit Request", "result":""}
{"logTime":"0510/025617","correlationVector":"e0m0OQnbuf9qmQ9dWev6CM.1","action":"SyncServerConnectionManagerRequest", "result":"SYNC_SERVER_OK", "context":{"environment":"48F630A6-CB1B-4CC7-86AF-0F6627234B58", "server":"BN3PEPF0000086F"}}
{"logTime":"0510/025617","correlationVector":"e0m0OQnbuf9qmQ9dWev6CM.2","action":"Commit Response", "result":"SYNCER_OK"}
{"logTime":"0510/141616","correlationVector":"nmM5KVtx4G/wTVInq7TJKi.0","action":"FeedSettingFetch_homeCloud", "result":"0", "context":{}}
{"logTime":"0510/141616","correlationVector":"KSJw7BP1sFDLjUt23OCEvN","action":"Normal GetUpdate request", "result":""}
{"logTime":"0510/141616","correlationVector":"KSJw7BP1sFDLjUt23OCEvN.1","action":"SyncServerConnectionManagerRequest", "result":"SYNC_SERVER_OK", "context":{"environment":"48F630A6-CB1B-4CC7-86AF-0F6627234B58", "server":"BN3PEPF00000869"}}
{"logTime":"0510/141616","correlationVector":"KSJw7BP1sFDLjUt23OCEvN.2","action":"GetUpdates Response", "result":"SYNCER_OK"}
{"logTime":"0510/141633","correlationVector":"kEsfLQMO1n53/dNNQNn4m5","action":"Poll GetUpdate request", "result":""}
{"logTime":"0510/141633","correlationVector":"kEsfLQMO1n53/dNNQNn4m5.1","action":"SyncServerConnectionManagerRequest", "result":"SYNC_SERVER_OK", "context":{"environment":"48F630A6-CB1B-4CC7-86AF-0F6627234B58", "server":"BN3PEPF00000869"}}
{"logTime":"0510/141633","correlationVector":"kEsfLQMO1n53/dNNQNn4m5.2","action":"GetUpdates Response", "result":"SYNCER_OK"}
{"logTime":"0510/142411","correlationVector":"nt13yOHYRhQ29BjtZQy7jZ","action":"Normal GetUpdate request", "result":""}
{"logTime":"0510/142411","correlationVector":"nt13yOHYRhQ29BjtZQy7jZ.1","action":"SyncServerConnectionManagerRequest", "result":"SYNC_SERVER_OK", "context":{"environment":"48F630A6-CB1B-4CC7-86AF-0F6627234B58", "server":"BN3PEPF00000887"}}
{"logTime":"0510/142411","correlationVector":"nt13yOHYRhQ29BjtZQy7jZ.2","action":"GetUpdates Response", "result":"SYNCER_OK"}
{"logTime":"0510/142411","correlationVector":"IzM7HlRtst0W/5Egao4WnU","action":"Commit Request", "result":""}
{"logTime":"0510/142414","correlationVector":"IzM7HlRtst0W/5Egao4WnU.1","action":"SyncServerConnectionManagerRequest", "result":"SYNC_SERVER_OK", "context":{"environment":"48F630A6-CB1B-4CC7-86AF-0F6627234B58", "server":"BN3PEPF00000887"}}
{"logTime":"0510/142414","correlationVector":"IzM7HlRtst0W/5Egao4WnU.2","action":"Commit Response", "result":"SYNCER_OK"}
{"logTime":"0511/015853","correlationVector":"n7rM+hpZOgQ6BWQMfWCANL.0","action":"FeedSettingFetch_homeCloud", "result":"0", "context":{}}
{"logTime":"0511/015853","correlationVector":"n7rM+hpZOgQ6BWQMfWCANL.0","action":"SyncServerConnectionManagerRequest", "result":"SYNC_SERVER_OK", "context":{"environment":"", "server":""}}
{"logTime":"0511/015853","correlationVector":"rdSN1Q6/ht4RvqOuNyJiYY","action":"Normal GetUpdate request", "result":""}
{"logTime":"0511/015854","correlationVector":"rdSN1Q6/ht4RvqOuNyJiYY.1","action":"SyncServerConnectionManagerRequest", "result":"SYNC_SERVER_OK", "context":{"environment":"48F630A6-CB1B-4CC7-86AF-0F6627234B58", "server":"BN3PEPF0000088C"}}
{"logTime":"0511/015854","correlationVector":"rdSN1Q6/ht4RvqOuNyJiYY.2","action":"GetUpdates Response", "result":"SYNCER_OK"}
{"logTime":"0511/015854","correlationVector":"kSKtFg5Im7zgDE0ChP0u94","action":"Commit Request", "result":""}
{"logTime":"0511/015854","correlationVector":"kSKtFg5Im7zgDE0ChP0u94.1","action":"SyncServerConnectionManagerRequest", "result":"SYNC_SERVER_OK", "context":{"environment":"48F630A6-CB1B-4CC7-86AF-0F6627234B58", "server":"BN3PEPF0000088C"}}
{"logTime":"0511/015854","correlationVector":"kSKtFg5Im7zgDE0ChP0u94.2","action":"Commit Response", "result":"SYNCER_OK"}
{"logTime":"0511/015854","correlationVector":"7X0INKtMWlN2P0fYWilpuG","action":"Normal GetUpdate request", "result":""}
{"logTime":"0511/015854","correlationVector":"7X0INKtMWlN2P0fYWilpuG.1","action":"SyncServerConnectionManagerRequest", "result":"SYNC_SERVER_OK", "context":{"environment":"48F630A6-CB1B-4CC7-86AF-0F6627234B58", "server":"BN3PEPF0000088C"}}
{"logTime":"0511/015854","correlationVector":"7X0INKtMWlN2P0fYWilpuG.2","action":"GetUpdates Response", "result":"SYNCER_OK"}
{"logTime":"0511/020155","correlationVector":"cDPhST5WSbaUXgvRKInOmd","action":"Poll GetUpdate request", "result":""}
{"logTime":"0511/020155","correlationVector":"cDPhST5WSbaUXgvRKInOmd.1","action":"SyncServerConnectionManagerRequest", "result":"SYNC_SERVER_OK", "context":{"environment":"48F630A6-CB1B-4CC7-86AF-0F6627234B58", "server":"BN3PEPF0000089D"}}
{"logTime":"0511/020155","correlationVector":"cDPhST5WSbaUXgvRKInOmd.2","action":"GetUpdates Response", "result":"SYNCER_OK"}
{"logTime":"0511/125348","correlationVector":"5YcCmDBzwwVtS5PCmfZfT+.0","action":"FeedSettingFetch_homeCloud", "result":"0", "context":{}}
{"logTime":"0511/125348","correlationVector":"eS6hyLND0dgOpZv5jcF7r2","action":"Normal GetUpdate request", "result":""}
{"logTime":"0511/125348","correlationVector":"eS6hyLND0dgOpZv5jcF7r2.1","action":"SyncServerConnectionManagerRequest", "result":"SYNC_SERVER_OK", "context":{"environment":"48F630A6-CB1B-4CC7-86AF-0F6627234B58", "server":"BN3PEPF00000894"}}
{"logTime":"0511/125348","correlationVector":"eS6hyLND0dgOpZv5jcF7r2.2","action":"GetUpdates Response", "result":"SYNCER_OK"}
{"logTime":"0511/125829","correlationVector":"fI/yyVIfTw0sFz406JA8gL","action":"Poll GetUpdate request", "result":""}
{"logTime":"0511/125830","correlationVector":"fI/yyVIfTw0sFz406JA8gL.1","action":"SyncServerConnectionManagerRequest", "result":"SYNC_SERVER_OK", "context":{"environment":"48F630A6-CB1B-4CC7-86AF-0F6627234B58", "server":"BN3PEPF0000087D"}}
{"logTime":"0511/125830","correlationVector":"fI/yyVIfTw0sFz406JA8gL.2","action":"GetUpdates Response", "result":"SYNCER_OK"}
{"logTime":"0514/163144","correlationVector":"QG4QZITXDd/KjgDjs/70Mr.0","action":"FeedSettingFetch_homeCloud", "result":"0", "context":{}}
{"logTime":"0514/163144","correlationVector":"QG4QZITXDd/KjgDjs/70Mr.0","action":"SyncServerConnectionManagerRequest", "result":"SYNC_SERVER_OK", "context":{"environment":"", "server":""}}
{"logTime":"0514/163144","correlationVector":"LO6rEYBi/YyJSbiRpa5kqR","action":"Normal GetUpdate request", "result":""}
{"logTime":"0514/163144","correlationVector":"LO6rEYBi/YyJSbiRpa5kqR.1","action":"SyncServerConnectionManagerRequest", "result":"SYNC_SERVER_OK", "context":{"environment":"48F630A6-CB1B-4CC7-86AF-0F6627234B58", "server":"BN3PEPF000008A0"}}
{"logTime":"0514/163144","correlationVector":"LO6rEYBi/YyJSbiRpa5kqR.2","action":"GetUpdates Response", "result":"SYNCER_OK"}
{"logTime":"0514/163144","correlationVector":"Ky7YJ48fzW6EyjBIUbs683","action":"Commit Request", "result":""}
{"logTime":"0514/163145","correlationVector":"Ky7YJ48fzW6EyjBIUbs683.1","action":"SyncServerConnectionManagerRequest", "result":"SYNC_SERVER_OK", "context":{"environment":"48F630A6-CB1B-4CC7-86AF-0F6627234B58", "server":"BN3PEPF000008A0"}}
{"logTime":"0514/163145","correlationVector":"Ky7YJ48fzW6EyjBIUbs683.2","action":"Commit Response", "result":"SYNCER_OK"}
{"logTime":"0514/163145","correlationVector":"f8A1MKrjYRqzSiOI1G/KGQ","action":"Normal GetUpdate request", "result":""}
{"logTime":"0514/163145","correlationVector":"f8A1MKrjYRqzSiOI1G/KGQ.1","action":"SyncServerConnectionManagerRequest", "result":"SYNC_SERVER_OK", "context":{"environment":"48F630A6-CB1B-4CC7-86AF-0F6627234B58", "server":"BN3PEPF000008A0"}}
{"logTime":"0514/163145","correlationVector":"f8A1MKrjYRqzSiOI1G/KGQ.2","action":"GetUpdates Response", "result":"SYNCER_OK"}
{"logTime":"0514/163145","correlationVector":"s0iwni3hmU71F8kolH/BOm","action":"Normal GetUpdate request", "result":""}
{"logTime":"0514/163145","correlationVector":"s0iwni3hmU71F8kolH/BOm.1","action":"SyncServerConnectionManagerRequest", "result":"SYNC_SERVER_OK", "context":{"environment":"48F630A6-CB1B-4CC7-86AF-0F6627234B58", "server":"BN3PEPF000008A0"}}
{"logTime":"0514/163145","correlationVector":"s0iwni3hmU71F8kolH/BOm.2","action":"GetUpdates Response", "result":"SYNCER_OK"}
{"logTime":"0514/163623","correlationVector":"k4L7fLalrQJRhlb6R+CyA0","action":"Poll GetUpdate request", "result":""}
{"logTime":"0514/163623","correlationVector":"k4L7fLalrQJRhlb6R+CyA0.1","action":"SyncServerConnectionManagerRequest", "result":"SYNC_SERVER_OK", "context":{"environment":"48F630A6-CB1B-4CC7-86AF-0F6627234B58", "server":"BN3PEPF00000879"}}
{"logTime":"0514/163623","correlationVector":"k4L7fLalrQJRhlb6R+CyA0.2","action":"GetUpdates Response", "result":"SYNCER_OK"}
{"logTime":"0515/003623","correlationVector":"FskkdQaqSwDrcdbQ5b6eqD","action":"Poll GetUpdate request", "result":""}
{"logTime":"0515/003624","correlationVector":"FskkdQaqSwDrcdbQ5b6eqD.1","action":"SyncServerConnectionManagerRequest", "result":"SYNC_SERVER_OK", "context":{"environment":"48F630A6-CB1B-4CC7-86AF-0F6627234B58", "server":"BN3PEPF00000861"}}
{"logTime":"0515/003624","correlationVector":"FskkdQaqSwDrcdbQ5b6eqD.2","action":"GetUpdates Response", "result":"SYNCER_OK"}
{"logTime":"0515/192158","correlationVector":"+dEyjjDZt4JgjrNs39POlB.0","action":"FeedSettingFetch_homeCloud", "result":"0", "context":{}}
{"logTime":"0515/192158","correlationVector":"+dEyjjDZt4JgjrNs39POlB.0","action":"SyncServerConnectionManagerRequest", "result":"SYNC_SERVER_OK", "context":{"environment":"", "server":""}}
{"logTime":"0515/192158","correlationVector":"D6e+AYVg1B8p9U5hCrcScE","action":"Normal GetUpdate request", "result":""}
{"logTime":"0515/192158","correlationVector":"D6e+AYVg1B8p9U5hCrcScE.1","action":"SyncServerConnectionManagerRequest", "result":"SYNC_SERVER_OK", "context":{"environment":"48F630A6-CB1B-4CC7-86AF-0F6627234B58", "server":"BN3PEPF00000882"}}
{"logTime":"0515/192158","correlationVector":"D6e+AYVg1B8p9U5hCrcScE.2","action":"GetUpdates Response", "result":"SYNCER_OK"}
{"logTime":"0515/192158","correlationVector":"cebfa9WexPYOPPgyoHgDI1","action":"Commit Request", "result":""}
{"logTime":"0515/192159","correlationVector":"cebfa9WexPYOPPgyoHgDI1.1","action":"SyncServerConnectionManagerRequest", "result":"SYNC_SERVER_OK", "context":{"environment":"48F630A6-CB1B-4CC7-86AF-0F6627234B58", "server":"BN3PEPF00000882"}}
{"logTime":"0515/192159","correlationVector":"cebfa9WexPYOPPgyoHgDI1.2","action":"Commit Response", "result":"SYNCER_OK"}
{"logTime":"0515/192159","correlationVector":"akQonoQ7soo+j7YjnMpFrp","action":"Normal GetUpdate request", "result":""}
{"logTime":"0515/192159","correlationVector":"akQonoQ7soo+j7YjnMpFrp.1","action":"SyncServerConnectionManagerRequest", "result":"SYNC_SERVER_OK", "context":{"environment":"48F630A6-CB1B-4CC7-86AF-0F6627234B58", "server":"BN3PEPF00000882"}}
{"logTime":"0515/192159","correlationVector":"akQonoQ7soo+j7YjnMpFrp.2","action":"GetUpdates Response", "result":"SYNCER_OK"}
{"logTime":"0515/192307","correlationVector":"G/RtLJzOYw03S7WfCNKEtx","action":"Poll GetUpdate request", "result":""}
{"logTime":"0515/192307","correlationVector":"G/RtLJzOYw03S7WfCNKEtx.1","action":"SyncServerConnectionManagerRequest", "result":"SYNC_SERVER_OK", "context":{"environment":"48F630A6-CB1B-4CC7-86AF-0F6627234B58", "server":"BN3PEPF00000882"}}
{"logTime":"0515/192307","correlationVector":"G/RtLJzOYw03S7WfCNKEtx.2","action":"GetUpdates Response", "result":"SYNCER_OK"}
{"logTime":"0515/200336","correlationVector":"QvUdNITAlAFw/1xvflO01g.0","action":"FeedSettingFetch_homeCloud", "result":"0", "context":{}}
{"logTime":"0515/200336","correlationVector":"vG6kR1Oveiw05RqvSSn9er","action":"Normal GetUpdate request", "result":""}
{"logTime":"0515/200336","correlationVector":"vG6kR1Oveiw05RqvSSn9er.1","action":"SyncServerConnectionManagerRequest", "result":"SYNC_SERVER_OK", "context":{"environment":"48F630A6-CB1B-4CC7-86AF-0F6627234B58", "server":"BN3PEPF0000089E"}}
{"logTime":"0515/200336","correlationVector":"vG6kR1Oveiw05RqvSSn9er.2","action":"GetUpdates Response", "result":"SYNCER_OK"}
