INFO 4/29/2021, 10:40:54 AM  luanchFromDiffVersion, pre version is undefined
INFO 4/29/2021, 10:40:54 AM  overwriteThemeFolder
INFO 4/29/2021, 10:40:54 AM  ------------------start------------------
INFO 4/29/2021, 10:40:54 AM  typora version: 0.10.6
INFO 4/29/2021, 10:40:54 AM  [Raven] instanceKey = 5fdef0ca-fd9e-44ce-97c0-e14bb0bc0ce7
INFO 4/29/2021, 10:40:54 AM  added recovery 1 null undefined (0)
INFO 4/29/2021, 10:40:54 AM  [focus] 1
INFO 4/29/2021, 10:40:54 AM  [Raven] userId = f9951882-e92b-48c9-8d69-b20099fe251b
INFO 4/29/2021, 10:40:54 AM  synced recovery
INFO 4/29/2021, 10:40:54 AM  handle document.loadInitData
INFO 4/29/2021, 10:40:54 AM  added recovery 1 undefined undefined (0)
INFO 4/29/2021, 10:40:54 AM  synced recovery
INFO 4/29/2021, 10:40:56 AM  synced recovery
INFO 4/29/2021, 10:40:56 AM  ----------------before-quit-----------------
INFO 4/29/2021, 10:40:56 AM  ------------------will-quit------------------
INFO 4/29/2021, 10:40:56 AM  -----------------quit------------------
INFO 4/29/2021, 10:40:56 AM  closeLogging
INFO 5/6/2021, 10:26:25 PM  ------------------start------------------
INFO 5/6/2021, 10:26:25 PM  typora version: 0.10.6
INFO 5/6/2021, 10:26:25 PM  [Raven] instanceKey = 6e1603df-b452-4a86-93a2-024827eaf752
INFO 5/6/2021, 10:26:25 PM  added recovery 1 null undefined (0)
INFO 5/6/2021, 10:26:25 PM  [Raven] userId = f9951882-e92b-48c9-8d69-b20099fe251b
INFO 5/6/2021, 10:26:25 PM  [focus] 1
INFO 5/6/2021, 10:26:25 PM  synced recovery
INFO 5/6/2021, 10:26:26 PM  handle document.loadInitData
INFO 5/6/2021, 10:26:26 PM  added recovery 1 undefined undefined (0)
INFO 5/6/2021, 10:26:26 PM  synced recovery
INFO 5/6/2021, 10:26:31 PM  [blur] 1
INFO 5/6/2021, 10:26:31 PM  [win] blur
INFO 5/6/2021, 10:26:36 PM  [focus] 1
INFO 5/6/2021, 10:26:39 PM  [blur] 1
INFO 5/6/2021, 10:26:39 PM  [win] blur
INFO 5/6/2021, 10:26:43 PM  [focus] 1
INFO 5/6/2021, 10:26:46 PM  synced recovery
INFO 5/6/2021, 10:26:46 PM  ----------------before-quit-----------------
INFO 5/6/2021, 10:26:46 PM  ------------------will-quit------------------
INFO 5/6/2021, 10:26:46 PM  -----------------quit------------------
INFO 5/6/2021, 10:26:46 PM  closeLogging
INFO 5/6/2021, 10:29:11 PM  ------------------start------------------
INFO 5/6/2021, 10:29:11 PM  typora version: 0.10.6
INFO 5/6/2021, 10:29:11 PM  [Raven] instanceKey = c057410b-b206-41ea-92f1-fc416728dffc
INFO 5/6/2021, 10:29:11 PM  added recovery 1 null undefined (0)
INFO 5/6/2021, 10:29:11 PM  synced recovery
INFO 5/6/2021, 10:29:11 PM  [Raven] userId = f9951882-e92b-48c9-8d69-b20099fe251b
INFO 5/6/2021, 10:29:11 PM  handle document.loadInitData
INFO 5/6/2021, 10:29:11 PM  added recovery 1 undefined undefined (0)
INFO 5/6/2021, 10:29:11 PM  synced recovery
INFO 5/6/2021, 10:29:15 PM  [focus] 1
INFO 5/6/2021, 10:29:17 PM  synced recovery
INFO 5/6/2021, 10:29:17 PM  ----------------before-quit-----------------
INFO 5/6/2021, 10:29:17 PM  ------------------will-quit------------------
INFO 5/6/2021, 10:29:17 PM  -----------------quit------------------
INFO 5/6/2021, 10:29:17 PM  closeLogging
